#
# A fatal error has been detected by the Java Runtime Environment:
#
#  EXCEPTION_ACCESS_VIOLATION (0xc0000005) at pc=0x000007febd57efb9, pid=3968, tid=0x0000000000000b90
#
# JRE version: Java(TM) SE Runtime Environment (8.0_112-b15) (build 1.8.0_112-b15)
# Java VM: Java HotSpot(TM) 64-Bit Server VM (25.112-b15 mixed mode windows-amd64 compressed oops)
# Problematic frame:
# C  0x000007febd57efb9
#
# Failed to write core dump. Minidumps are not enabled by default on client versions of Windows
#
# If you would like to submit a bug report, please visit:
#   http://bugreport.java.com/bugreport/crash.jsp
# The crash happened outside the Java Virtual Machine in native code.
# See problematic frame for where to report the bug.
#

---------------  T H R E A D  ---------------

Current thread (0x00000000284e0000):  JavaThread "AWT-EventQueue-1" [_thread_in_native, id=2960, stack(0x000000002ce70000,0x000000002d370000)]

siginfo: ExceptionCode=0xc0000005, reading address 0xffffffffffffffff

Registers:
RAX=0x000007febd810f12, RBX=0x00000000368c2730, RCX=0x00000000368c2730, RDX=0x000000002d36d060
RSP=0x000000002d36cfe0, RBP=0x000000002d36d0a9, RSI=0x000000002d36d060, RDI=0x0000000035344e28
R8 =0x000000002d36d060, R9 =0x0000000000000000, R10=0x000000002d36d300, R11=0x00000000368c2730
R12=0x0000000000000000, R13=0x000000002d36d300, R14=0x0000000035344e28, R15=0x0000000000000000
RIP=0x000007febd57efb9, EFLAGS=0x0000000000010202

Top of Stack: (sp=0x000000002d36cfe0)
0x000000002d36cfe0:   0000000701f2a790 00000007bd2f5750
0x000000002d36cff0:   00000007bd2f5198 0000000014021f20
0x000000002d36d000:   0000000000000000 000007febd5810b0
0x000000002d36d010:   0000000000000000 000000002d36d18b
0x000000002d36d020:   0000000701f40008 00000007bd2f5198
0x000000002d36d030:   00000000284e01f8 000000002b9b3710
0x000000002d36d040:   0000000039000000 00000000368c2730
0x000000002d36d050:   0000000035344e28 fffffffffffffffe
0x000000002d36d060:   0000000700353353 000000000020b090
0x000000002d36d070:   0000000000000003 000000000000000f
0x000000002d36d080:   0000000000229700 0000000000000000
0x000000002d36d090:   0000000000000000 000000000000000f
0x000000002d36d0a0:   00000007c00cb1f8 000000001339ac28
0x000000002d36d0b0:   0000000077051440 0000000000000000
0x000000002d36d0c0:   0000000000000040 00006739abcf84d7
0x000000002d36d0d0:   0000000000000000 0000000000000000 

Instructions: (pc=0x000007febd57efb9)
0x000007febd57ef99:   10 57 48 83 ec 20 49 8b f0 48 8b da 48 8b f9 0f
0x000007febd57efa9:   1f 84 00 00 00 00 00 48 8b 03 48 8b d6 48 8b cb
0x000007febd57efb9:   ff 50 30 48 85 c0 75 48 48 8b 03 48 8b cb ff 90
0x000007febd57efc9:   a0 00 00 00 84 c0 75 36 48 3b 5f 28 75 06 48 8b 


Register to memory mapping:

RAX=0x000007febd810f12 is an unknown value
RBX=0x00000000368c2730 is an unknown value
RCX=0x00000000368c2730 is an unknown value
RDX=0x000000002d36d060 is pointing into the stack for thread: 0x00000000284e0000
RSP=0x000000002d36cfe0 is pointing into the stack for thread: 0x00000000284e0000
RBP=0x000000002d36d0a9 is pointing into the stack for thread: 0x00000000284e0000
RSI=0x000000002d36d060 is pointing into the stack for thread: 0x00000000284e0000
RDI=0x0000000035344e28 is an unknown value
R8 =0x000000002d36d060 is pointing into the stack for thread: 0x00000000284e0000
R9 =0x0000000000000000 is an unknown value
R10=0x000000002d36d300 is pointing into the stack for thread: 0x00000000284e0000
R11=0x00000000368c2730 is an unknown value
R12=0x0000000000000000 is an unknown value
R13=0x000000002d36d300 is pointing into the stack for thread: 0x00000000284e0000
R14=0x0000000035344e28 is an unknown value
R15=0x0000000000000000 is an unknown value


Stack: [0x000000002ce70000,0x000000002d370000],  sp=0x000000002d36cfe0,  free space=5107k
Native frames: (J=compiled Java code, j=interpreted, Vv=VM code, C=native code)
C  0x000007febd57efb9
C  0x000007febd5810b0
C  0x000007febd581806
C  0x000007febd58fef4
C  0x000007febda1d5ea
C  0x000007febda34b77
C  0x000007febda7223c
C  0x0000000014b52be5

Java frames: (J=compiled Java code, j=interpreted, Vv=VM code)
J 14039  ui.views.simulator.executive.simulationi.SimulationExecutive_getCodeTooltipValue(JLjava/lang/String;IZ)Ljava/lang/String; (0 bytes) @ 0x0000000014b52b5f [0x0000000014b52b00+0x5f]
J 15462 C2 ui.views.O.d.mouseMoved(Ljava/awt/event/MouseEvent;)V (13 bytes) @ 0x0000000014e53670 [0x0000000014e53040+0x630]
J 13830 C2 java.awt.AWTEventMulticaster.mouseMoved(Ljava/awt/event/MouseEvent;)V (27 bytes) @ 0x0000000012a19814 [0x0000000012a19760+0xb4]
J 13830 C2 java.awt.AWTEventMulticaster.mouseMoved(Ljava/awt/event/MouseEvent;)V (27 bytes) @ 0x0000000012a197d4 [0x0000000012a19760+0x74]
J 13830 C2 java.awt.AWTEventMulticaster.mouseMoved(Ljava/awt/event/MouseEvent;)V (27 bytes) @ 0x0000000012a197d4 [0x0000000012a19760+0x74]
J 14133 C2 javax.swing.JComponent.processMouseMotionEvent(Ljava/awt/event/MouseEvent;)V (46 bytes) @ 0x0000000013b49510 [0x0000000013b493a0+0x170]
J 15446 C2 java.awt.Container.processEvent(Ljava/awt/AWTEvent;)V (22 bytes) @ 0x0000000012747414 [0x0000000012747280+0x194]
J 15438 C2 java.awt.Component.dispatchEventImpl(Ljava/awt/AWTEvent;)V (883 bytes) @ 0x00000000133db44c [0x00000000133dac80+0x7cc]
J 10180 C2 java.awt.Container.dispatchEventImpl(Ljava/awt/AWTEvent;)V (129 bytes) @ 0x00000000141724f8 [0x00000000141724a0+0x58]
J 12523 C2 java.awt.LightweightDispatcher.retargetMouseEvent(Ljava/awt/Component;ILjava/awt/event/MouseEvent;)V (350 bytes) @ 0x00000000147b7aa4 [0x00000000147b75e0+0x4c4]
J 14038 C2 java.awt.LightweightDispatcher.processMouseEvent(Ljava/awt/event/MouseEvent;)Z (286 bytes) @ 0x0000000014b5344c [0x0000000014b52f80+0x4cc]
J 10180 C2 java.awt.Container.dispatchEventImpl(Ljava/awt/AWTEvent;)V (129 bytes) @ 0x0000000014172860 [0x00000000141724a0+0x3c0]
J 14028 C2 java.awt.Window.dispatchEventImpl(Ljava/awt/AWTEvent;)V (23 bytes) @ 0x0000000014b3668c [0x0000000014b36640+0x4c]
J 12416 C2 java.awt.EventQueue$3.run()Ljava/lang/Object; (5 bytes) @ 0x0000000013ede04c [0x0000000013eddc60+0x3ec]
v  ~StubRoutines::call_stub
J 2419  java.security.AccessController.doPrivileged(Ljava/security/PrivilegedAction;Ljava/security/AccessControlContext;)Ljava/lang/Object; (0 bytes) @ 0x00000000126b7fe6 [0x00000000126b7f80+0x66]
J 14530 C2 java.awt.EventQueue$4.run()Ljava/lang/Object; (5 bytes) @ 0x0000000013d80a3c [0x0000000013d809a0+0x9c]
v  ~StubRoutines::call_stub
J 2419  java.security.AccessController.doPrivileged(Ljava/security/PrivilegedAction;Ljava/security/AccessControlContext;)Ljava/lang/Object; (0 bytes) @ 0x00000000126b7fe6 [0x00000000126b7f80+0x66]
J 11469 C2 java.awt.EventDispatchThread.pumpOneEventForFilters(I)V (295 bytes) @ 0x000000001426db30 [0x000000001426d5c0+0x570]
j  java.awt.EventDispatchThread.pumpEventsForFilter(ILjava/awt/Conditional;Ljava/awt/EventFilter;)V+35
j  java.awt.EventDispatchThread.pumpEventsForHierarchy(ILjava/awt/Conditional;Ljava/awt/Component;)V+11
j  java.awt.EventDispatchThread.pumpEvents(ILjava/awt/Conditional;)V+4
j  java.awt.EventDispatchThread.pumpEvents(Ljava/awt/Conditional;)V+3
j  java.awt.EventDispatchThread.run()V+9
v  ~StubRoutines::call_stub

---------------  P R O C E S S  ---------------

Java Threads: ( => current thread )
  0x0000000030d8b800 JavaThread "Relaunch Simulation" [_thread_blocked, id=4516, stack(0x0000000037e10000,0x0000000038310000)]
  0x0000000030d8a800 JavaThread "Thread-106" [_thread_in_native, id=5136, stack(0x00000000338e0000,0x00000000339e0000)]
  0x000000002fa97800 JavaThread "Thread-89" [_thread_in_native, id=5516, stack(0x0000000033f10000,0x0000000034010000)]
  0x000000002fa95800 JavaThread "Thread-78" [_thread_in_native, id=2404, stack(0x00000000337e0000,0x00000000338e0000)]
  0x000000002fa94000 JavaThread "Thread-77" [_thread_in_native, id=4232, stack(0x0000000033680000,0x0000000033780000)]
  0x0000000028348800 JavaThread "SyntheticaAnimation 50" daemon [_thread_blocked, id=3424, stack(0x000000003ab70000,0x000000003b070000)]
  0x0000000028344000 JavaThread "Image Animator 3" daemon [_thread_blocked, id=5884, stack(0x00000000394e0000,0x00000000399e0000)]
  0x000000002b3fa800 JavaThread "Thread-24" [_thread_in_native, id=5628, stack(0x0000000033820000,0x0000000033920000)]
  0x000000002b3fb800 JavaThread "Thread-23" [_thread_in_native, id=2264, stack(0x0000000033700000,0x0000000033800000)]
  0x000000002b251000 JavaThread "hw_ila_monitor" [_thread_blocked, id=5544, stack(0x000000002a540000,0x000000002aa40000)]
  0x000000002b250800 JavaThread "Update Runs Swing Worker" [_thread_blocked, id=3564, stack(0x0000000034710000,0x0000000034c10000)]
  0x000000002b24f800 JavaThread "Refresh Filesets Swing Worker" [_thread_blocked, id=3816, stack(0x00000000340a0000,0x00000000345a0000)]
  0x000000002b24f000 JavaThread "SyntheticaAnimation 70" daemon [_thread_blocked, id=4104, stack(0x0000000033a00000,0x0000000033f00000)]
  0x000000002b24e000 JavaThread "SyntheticaAnimation 25" daemon [_thread_blocked, id=2796, stack(0x0000000032d10000,0x0000000033210000)]
  0x000000002b24c000 JavaThread "SyntheticaAnimation 50" daemon [_thread_blocked, id=4920, stack(0x0000000032710000,0x0000000032c10000)]
  0x000000002abf4800 JavaThread "SyntheticaCleanerThread" daemon [_thread_blocked, id=3260, stack(0x000000002ddd0000,0x000000002e2d0000)]
  0x000000002aef7800 JavaThread "Batik CleanerThread" daemon [_thread_blocked, id=5856, stack(0x000000002c320000,0x000000002c820000)]
=>0x00000000284e0000 JavaThread "AWT-EventQueue-1" [_thread_in_native, id=2960, stack(0x000000002ce70000,0x000000002d370000)]
  0x000000002acb3000 JavaThread "Process Messages" [_thread_blocked, id=3984, stack(0x000000002c850000,0x000000002cd50000)]
  0x0000000028508000 JavaThread "Thread-3" [_thread_in_native, id=3416, stack(0x00000000026c0000,0x0000000003ac0000)]
  0x0000000027ac0000 JavaThread "AWT-Shutdown" [_thread_blocked, id=5736, stack(0x000000002bc30000,0x000000002c130000)]
  0x00000000281c2000 JavaThread "AWT-Windows" daemon [_thread_in_native, id=3480, stack(0x0000000029a30000,0x0000000029f30000)]
  0x00000000281a7000 JavaThread "Java2D Disposer" daemon [_thread_blocked, id=4608, stack(0x0000000028f00000,0x0000000029400000)]
  0x000000002819b000 JavaThread "TimerQueue" daemon [_thread_blocked, id=4064, stack(0x00000000288e0000,0x0000000028de0000)]
  0x000000000f680000 JavaThread "Service Thread" daemon [_thread_blocked, id=3200, stack(0x0000000027440000,0x0000000027940000)]
  0x000000000f670800 JavaThread "C1 CompilerThread2" daemon [_thread_blocked, id=4952, stack(0x0000000011e70000,0x0000000011f70000)]
  0x000000000f66f800 JavaThread "C2 CompilerThread1" daemon [_thread_blocked, id=4408, stack(0x0000000011d70000,0x0000000011e70000)]
  0x000000000f66e000 JavaThread "C2 CompilerThread0" daemon [_thread_blocked, id=3516, stack(0x0000000011c70000,0x0000000011d70000)]
  0x000000000f66a800 JavaThread "Attach Listener" daemon [_thread_blocked, id=4484, stack(0x00000000115a0000,0x0000000011aa0000)]
  0x000000000f669800 JavaThread "Signal Dispatcher" daemon [_thread_blocked, id=3016, stack(0x0000000011040000,0x0000000011540000)]
  0x000000000f64a800 JavaThread "Finalizer" daemon [_thread_blocked, id=3300, stack(0x0000000010aa0000,0x0000000010fa0000)]
  0x000000000f603000 JavaThread "Reference Handler" daemon [_thread_blocked, id=1124, stack(0x0000000010510000,0x0000000010a10000)]
  0x0000000001e4c800 JavaThread "main" [_thread_blocked, id=5476, stack(0x000000000cc00000,0x000000000cd00000)]

Other Threads:
  0x000000000f5fb800 VMThread [stack: 0x0000000010340000,0x0000000010440000] [id=4600]
  0x0000000027961000 WatcherThread [stack: 0x0000000011b00000,0x0000000011c00000] [id=3452]

VM state:not at safepoint (normal execution)

VM Mutex/Monitor currently owned by a thread: None

Heap:
 PSYoungGen      total 55808K, used 17070K [0x00000007bc400000, 0x00000007c0000000, 0x00000007c0000000)
  eden space 49664K, 32% used [0x00000007bc400000,0x00000007bd38dce8,0x00000007bf480000)
  from space 6144K, 18% used [0x00000007bfa00000,0x00000007bfb1db50,0x00000007c0000000)
  to   space 5632K, 0% used [0x00000007bf480000,0x00000007bf480000,0x00000007bfa00000)
 ParOldGen       total 116736K, used 46960K [0x0000000700000000, 0x0000000707200000, 0x00000007bc400000)
  object space 116736K, 40% used [0x0000000700000000,0x0000000702ddc280,0x0000000707200000)
 Metaspace       used 67709K, capacity 68333K, committed 68736K, reserved 1107968K
  class space    used 9420K, capacity 9542K, committed 9600K, reserved 1048576K

Card table byte_map: [0x000000000d0c0000,0x000000000d6d0000] byte_map_base: 0x00000000098c0000

Marking Bits: (ParMarkBitMap*) 0x0000000071c0a6d0
 Begin Bits: [0x0000000021280000, 0x0000000024280000)
 End Bits:   [0x0000000024280000, 0x0000000027280000)

Polling page: 0x0000000000330000

CodeCache: size=245760Kb used=44464Kb max_used=44516Kb free=201295Kb
 bounds [0x0000000012280000, 0x0000000014e70000, 0x0000000021280000]
 total_blobs=12965 nmethods=12069 adapters=803
 compilation: enabled

Compilation events (10 events):
Event: 356.903 Thread 0x000000000f670800 nmethod 15595 0x0000000013b23290 code [0x0000000013b233e0, 0x0000000013b234f0]
Event: 356.903 Thread 0x000000000f670800 15596       1       javax.swing.plaf.synth.SynthPainter::paintScrollBarThumbBorder (1 bytes)
Event: 356.903 Thread 0x000000000f670800 nmethod 15596 0x000000001390a410 code [0x000000001390a560, 0x000000001390a670]
Event: 356.903 Thread 0x000000000f670800 15597       1       javax.swing.plaf.synth.SynthPainter::paintScrollBarBorder (1 bytes)
Event: 356.903 Thread 0x000000000f670800 nmethod 15597 0x000000001390a150 code [0x000000001390a2a0, 0x000000001390a3b0]
Event: 356.917 Thread 0x000000000f670800 15599       3       javax.swing.BufferStrategyPaintManager::flushAccumulatedRegion (101 bytes)
Event: 356.919 Thread 0x000000000f670800 nmethod 15599 0x00000000139092d0 code [0x00000000139094c0, 0x0000000013909de8]
Event: 356.981 Thread 0x000000000f66e000 nmethod 15593 0x00000000138c9ed0 code [0x00000000138ca180, 0x00000000138cb710]
Event: 356.981 Thread 0x000000000f66e000 15598       4       ui.utils.lnf.m::paintFoldingStart (28 bytes)
Event: 356.988 Thread 0x000000000f66e000 nmethod 15598 0x00000000138c8150 code [0x00000000138c82c0, 0x00000000138c86e8]

GC Heap History (10 events):
Event: 342.833 GC heap before
{Heap before GC invocations=82 (full 14):
 PSYoungGen      total 54272K, used 47744K [0x00000007bc400000, 0x00000007c0000000, 0x00000007c0000000)
  eden space 47104K, 100% used [0x00000007bc400000,0x00000007bf200000,0x00000007bf200000)
  from space 7168K, 8% used [0x00000007bf200000,0x00000007bf2a0000,0x00000007bf900000)
  to   space 7168K, 0% used [0x00000007bf900000,0x00000007bf900000,0x00000007c0000000)
 ParOldGen       total 116736K, used 46960K [0x0000000700000000, 0x0000000707200000, 0x00000007bc400000)
  object space 116736K, 40% used [0x0000000700000000,0x0000000702ddc280,0x0000000707200000)
 Metaspace       used 67619K, capacity 68269K, committed 68736K, reserved 1107968K
  class space    used 9411K, capacity 9542K, committed 9600K, reserved 1048576K
Event: 342.839 GC heap after
Heap after GC invocations=82 (full 14):
 PSYoungGen      total 54784K, used 608K [0x00000007bc400000, 0x00000007c0000000, 0x00000007c0000000)
  eden space 47616K, 0% used [0x00000007bc400000,0x00000007bc400000,0x00000007bf280000)
  from space 7168K, 8% used [0x00000007bf900000,0x00000007bf998000,0x00000007c0000000)
  to   space 6656K, 0% used [0x00000007bf280000,0x00000007bf280000,0x00000007bf900000)
 ParOldGen       total 116736K, used 46960K [0x0000000700000000, 0x0000000707200000, 0x00000007bc400000)
  object space 116736K, 40% used [0x0000000700000000,0x0000000702ddc280,0x0000000707200000)
 Metaspace       used 67619K, capacity 68269K, committed 68736K, reserved 1107968K
  class space    used 9411K, capacity 9542K, committed 9600K, reserved 1048576K
}
Event: 345.251 GC heap before
{Heap before GC invocations=83 (full 14):
 PSYoungGen      total 54784K, used 48224K [0x00000007bc400000, 0x00000007c0000000, 0x00000007c0000000)
  eden space 47616K, 100% used [0x00000007bc400000,0x00000007bf280000,0x00000007bf280000)
  from space 7168K, 8% used [0x00000007bf900000,0x00000007bf998000,0x00000007c0000000)
  to   space 6656K, 0% used [0x00000007bf280000,0x00000007bf280000,0x00000007bf900000)
 ParOldGen       total 116736K, used 46960K [0x0000000700000000, 0x0000000707200000, 0x00000007bc400000)
  object space 116736K, 40% used [0x0000000700000000,0x0000000702ddc280,0x0000000707200000)
 Metaspace       used 67620K, capacity 68269K, committed 68736K, reserved 1107968K
  class space    used 9411K, capacity 9542K, committed 9600K, reserved 1048576K
Event: 345.258 GC heap after
Heap after GC invocations=83 (full 14):
 PSYoungGen      total 54272K, used 608K [0x00000007bc400000, 0x00000007c0000000, 0x00000007c0000000)
  eden space 47616K, 0% used [0x00000007bc400000,0x00000007bc400000,0x00000007bf280000)
  from space 6656K, 9% used [0x00000007bf280000,0x00000007bf318000,0x00000007bf900000)
  to   space 6656K, 0% used [0x00000007bf980000,0x00000007bf980000,0x00000007c0000000)
 ParOldGen       total 116736K, used 46960K [0x0000000700000000, 0x0000000707200000, 0x00000007bc400000)
  object space 116736K, 40% used [0x0000000700000000,0x0000000702ddc280,0x0000000707200000)
 Metaspace       used 67620K, capacity 68269K, committed 68736K, reserved 1107968K
  class space    used 9411K, capacity 9542K, committed 9600K, reserved 1048576K
}
Event: 349.088 GC heap before
{Heap before GC invocations=84 (full 14):
 PSYoungGen      total 54272K, used 48224K [0x00000007bc400000, 0x00000007c0000000, 0x00000007c0000000)
  eden space 47616K, 100% used [0x00000007bc400000,0x00000007bf280000,0x00000007bf280000)
  from space 6656K, 9% used [0x00000007bf280000,0x00000007bf318000,0x00000007bf900000)
  to   space 6656K, 0% used [0x00000007bf980000,0x00000007bf980000,0x00000007c0000000)
 ParOldGen       total 116736K, used 46960K [0x0000000700000000, 0x0000000707200000, 0x00000007bc400000)
  object space 116736K, 40% used [0x0000000700000000,0x0000000702ddc280,0x0000000707200000)
 Metaspace       used 67632K, capacity 68269K, committed 68736K, reserved 1107968K
  class space    used 9411K, capacity 9542K, committed 9600K, reserved 1048576K
Event: 349.094 GC heap after
Heap after GC invocations=84 (full 14):
 PSYoungGen      total 55296K, used 704K [0x00000007bc400000, 0x00000007c0000000, 0x00000007c0000000)
  eden space 48640K, 0% used [0x00000007bc400000,0x00000007bc400000,0x00000007bf380000)
  from space 6656K, 10% used [0x00000007bf980000,0x00000007bfa30000,0x00000007c0000000)
  to   space 6144K, 0% used [0x00000007bf380000,0x00000007bf380000,0x00000007bf980000)
 ParOldGen       total 116736K, used 46960K [0x0000000700000000, 0x0000000707200000, 0x00000007bc400000)
  object space 116736K, 40% used [0x0000000700000000,0x0000000702ddc280,0x0000000707200000)
 Metaspace       used 67632K, capacity 68269K, committed 68736K, reserved 1107968K
  class space    used 9411K, capacity 9542K, committed 9600K, reserved 1048576K
}
Event: 352.868 GC heap before
{Heap before GC invocations=85 (full 14):
 PSYoungGen      total 55296K, used 49344K [0x00000007bc400000, 0x00000007c0000000, 0x00000007c0000000)
  eden space 48640K, 100% used [0x00000007bc400000,0x00000007bf380000,0x00000007bf380000)
  from space 6656K, 10% used [0x00000007bf980000,0x00000007bfa30000,0x00000007c0000000)
  to   space 6144K, 0% used [0x00000007bf380000,0x00000007bf380000,0x00000007bf980000)
 ParOldGen       total 116736K, used 46960K [0x0000000700000000, 0x0000000707200000, 0x00000007bc400000)
  object space 116736K, 40% used [0x0000000700000000,0x0000000702ddc280,0x0000000707200000)
 Metaspace       used 67655K, capacity 68269K, committed 68736K, reserved 1107968K
  class space    used 9411K, capacity 9542K, committed 9600K, reserved 1048576K
Event: 352.874 GC heap after
Heap after GC invocations=85 (full 14):
 PSYoungGen      total 54784K, used 768K [0x00000007bc400000, 0x00000007c0000000, 0x00000007c0000000)
  eden space 48640K, 0% used [0x00000007bc400000,0x00000007bc400000,0x00000007bf380000)
  from space 6144K, 12% used [0x00000007bf380000,0x00000007bf440000,0x00000007bf980000)
  to   space 6144K, 0% used [0x00000007bfa00000,0x00000007bfa00000,0x00000007c0000000)
 ParOldGen       total 116736K, used 46960K [0x0000000700000000, 0x0000000707200000, 0x00000007bc400000)
  object space 116736K, 40% used [0x0000000700000000,0x0000000702ddc280,0x0000000707200000)
 Metaspace       used 67655K, capacity 68269K, committed 68736K, reserved 1107968K
  class space    used 9411K, capacity 9542K, committed 9600K, reserved 1048576K
}
Event: 355.810 GC heap before
{Heap before GC invocations=86 (full 14):
 PSYoungGen      total 54784K, used 49408K [0x00000007bc400000, 0x00000007c0000000, 0x00000007c0000000)
  eden space 48640K, 100% used [0x00000007bc400000,0x00000007bf380000,0x00000007bf380000)
  from space 6144K, 12% used [0x00000007bf380000,0x00000007bf440000,0x00000007bf980000)
  to   space 6144K, 0% used [0x00000007bfa00000,0x00000007bfa00000,0x00000007c0000000)
 ParOldGen       total 116736K, used 46960K [0x0000000700000000, 0x0000000707200000, 0x00000007bc400000)
  object space 116736K, 40% used [0x0000000700000000,0x0000000702ddc280,0x0000000707200000)
 Metaspace       used 67705K, capacity 68333K, committed 68736K, reserved 1107968K
  class space    used 9420K, capacity 9542K, committed 9600K, reserved 1048576K
Event: 355.819 GC heap after
Heap after GC invocations=86 (full 14):
 PSYoungGen      total 55808K, used 1142K [0x00000007bc400000, 0x00000007c0000000, 0x00000007c0000000)
  eden space 49664K, 0% used [0x00000007bc400000,0x00000007bc400000,0x00000007bf480000)
  from space 6144K, 18% used [0x00000007bfa00000,0x00000007bfb1db50,0x00000007c0000000)
  to   space 5632K, 0% used [0x00000007bf480000,0x00000007bf480000,0x00000007bfa00000)
 ParOldGen       total 116736K, used 46960K [0x0000000700000000, 0x0000000707200000, 0x00000007bc400000)
  object space 116736K, 40% used [0x0000000700000000,0x0000000702ddc280,0x0000000707200000)
 Metaspace       used 67705K, capacity 68333K, committed 68736K, reserved 1107968K
  class space    used 9420K, capacity 9542K, committed 9600K, reserved 1048576K
}

Deoptimization events (10 events):
Event: 354.805 Thread 0x00000000284e0000 Uncommon trap: reason=unstable_if action=reinterpret pc=0x000000001453bcf4 method=javax.swing.BufferStrategyPaintManager.flushAccumulatedRegion()Z @ 8
Event: 354.807 Thread 0x00000000284e0000 Uncommon trap: reason=class_check action=maybe_recompile pc=0x000000001246f084 method=sun.awt.image.SunVolatileImage.getForeground()Ljava/awt/Color; @ 11
Event: 354.810 Thread 0x00000000284e0000 Uncommon trap: reason=bimorphic action=maybe_recompile pc=0x00000000140055e4 method=java.awt.DefaultKeyboardFocusManager.dispatchEvent(Ljava/awt/AWTEvent;)Z @ 1440
Event: 354.833 Thread 0x00000000284e0000 Uncommon trap: reason=unstable_if action=reinterpret pc=0x000000001452bacc method=com.jidesoft.grid.DefaultTableModelWrapper.getActualRowAt(I)I @ 18
Event: 354.834 Thread 0x00000000284e0000 Uncommon trap: reason=unstable_if action=reinterpret pc=0x000000001331622c method=com.jidesoft.grid.TreeTableModel.getRowAt(I)Lcom/jidesoft/grid/Row; @ 7
Event: 354.834 Thread 0x00000000284e0000 Uncommon trap: reason=unstable_if action=reinterpret pc=0x0000000012fa9d8c method=com.jidesoft.grid.DefaultTableModelWrapper.getActualRowAt(I)I @ 18
Event: 354.836 Thread 0x00000000284e0000 Uncommon trap: reason=class_check action=maybe_recompile pc=0x000000001462b800 method=javax.swing.AbstractButton.setEnabled(Z)V @ 21
Event: 354.896 Thread 0x00000000284e0000 Uncommon trap: reason=unstable_if action=reinterpret pc=0x0000000013ad6a78 method=javax.swing.plaf.basic.BasicProgressBarUI$Animator.actionPerformed(Ljava/awt/event/ActionEvent;)V @ 16
Event: 355.547 Thread 0x00000000284e0000 Uncommon trap: reason=unstable_if action=reinterpret pc=0x00000000127d8414 method=java.text.DigitList.getDataChars(I)[C @ 4
Event: 356.574 Thread 0x00000000284e0000 Uncommon trap: reason=class_check action=maybe_recompile pc=0x000000001361e950 method=java.lang.Throwable.<init>()V @ 24

Internal exceptions (10 events):
Event: 346.940 Thread 0x00000000284e0000 Exception <a 'java/io/FileNotFoundException'> (0x00000007bd140f08) thrown at [C:\re\workspace\8-2-build-windows-amd64-cygwin\jdk8u112\7884\hotspot\src\share\vm\prims\jni.cpp, line 709]
Event: 347.027 Thread 0x00000000284e0000 Exception <a 'java/io/FileNotFoundException'> (0x00000007bd24cfe0) thrown at [C:\re\workspace\8-2-build-windows-amd64-cygwin\jdk8u112\7884\hotspot\src\share\vm\prims\jni.cpp, line 709]
Event: 351.940 Thread 0x00000000284e0000 Exception <a 'java/io/FileNotFoundException'> (0x00000007becff848) thrown at [C:\re\workspace\8-2-build-windows-amd64-cygwin\jdk8u112\7884\hotspot\src\share\vm\prims\jni.cpp, line 709]
Event: 352.027 Thread 0x00000000284e0000 Exception <a 'java/io/FileNotFoundException'> (0x00000007bee9af98) thrown at [C:\re\workspace\8-2-build-windows-amd64-cygwin\jdk8u112\7884\hotspot\src\share\vm\prims\jni.cpp, line 709]
Event: 354.093 Thread 0x00000000284e0000 Exception <a 'sun/nio/fs/WindowsException'> (0x00000007bdfc41a0) thrown at [C:\re\workspace\8-2-build-windows-amd64-cygwin\jdk8u112\7884\hotspot\src\share\vm\prims\jni.cpp, line 709]
Event: 354.094 Thread 0x00000000284e0000 Exception <a 'sun/nio/fs/WindowsException'> (0x00000007bdfc49f8) thrown at [C:\re\workspace\8-2-build-windows-amd64-cygwin\jdk8u112\7884\hotspot\src\share\vm\prims\jni.cpp, line 709]
Event: 356.575 Thread 0x00000000284e0000 Exception <a 'sun/nio/fs/WindowsException'> (0x00000007bcaf1a90) thrown at [C:\re\workspace\8-2-build-windows-amd64-cygwin\jdk8u112\7884\hotspot\src\share\vm\prims\jni.cpp, line 709]
Event: 356.575 Thread 0x00000000284e0000 Exception <a 'sun/nio/fs/WindowsException'> (0x00000007bcaf22e8) thrown at [C:\re\workspace\8-2-build-windows-amd64-cygwin\jdk8u112\7884\hotspot\src\share\vm\prims\jni.cpp, line 709]
Event: 357.023 Thread 0x00000000284e0000 Exception <a 'java/io/FileNotFoundException'> (0x00000007bd222558) thrown at [C:\re\workspace\8-2-build-windows-amd64-cygwin\jdk8u112\7884\hotspot\src\share\vm\prims\jni.cpp, line 709]
Event: 357.028 Thread 0x00000000284e0000 Exception <a 'java/io/FileNotFoundException'> (0x00000007bd25b528) thrown at [C:\re\workspace\8-2-build-windows-amd64-cygwin\jdk8u112\7884\hotspot\src\share\vm\prims\jni.cpp, line 709]

Events (10 events):
Event: 354.896 Thread 0x00000000284e0000 DEOPT PACKING pc=0x0000000013ad6a78 sp=0x000000002d36b2a0
Event: 354.896 Thread 0x00000000284e0000 DEOPT UNPACKING pc=0x00000000122c582a sp=0x000000002d36b250 mode 2
Event: 355.547 Thread 0x00000000284e0000 Uncommon trap: trap_request=0xffffff65 fr.pc=0x00000000127d8414
Event: 355.547 Thread 0x00000000284e0000 DEOPT PACKING pc=0x00000000127d8414 sp=0x000000002d369c00
Event: 355.547 Thread 0x00000000284e0000 DEOPT UNPACKING pc=0x00000000122c582a sp=0x000000002d369b18 mode 2
Event: 355.810 Executing VM operation: ParallelGCFailedAllocation
Event: 355.819 Executing VM operation: ParallelGCFailedAllocation done
Event: 356.574 Thread 0x00000000284e0000 Uncommon trap: trap_request=0xffffffde fr.pc=0x000000001361e950
Event: 356.574 Thread 0x00000000284e0000 DEOPT PACKING pc=0x000000001361e950 sp=0x000000002d36cc80
Event: 356.575 Thread 0x00000000284e0000 DEOPT UNPACKING pc=0x00000000122c582a sp=0x000000002d36cc48 mode 2


Dynamic libraries:
0x000000013fe60000 - 0x000000013fe90000 	D:\old\programs\xilinx\Vivado\2018.1\bin\unwrapped\win64.o\vivado.exe
0x0000000076f40000 - 0x00000000770e9000 	C:\windows\SYSTEM32\ntdll.dll
0x0000000076e20000 - 0x0000000076f3f000 	C:\windows\system32\kernel32.dll
0x000007fefcd30000 - 0x000007fefcd9c000 	C:\windows\system32\KERNELBASE.dll
0x000007fef0c20000 - 0x000007fef0c34000 	D:\old\programs\xilinx\Vivado\2018.1\lib\win64.o\libboost_signals.dll
0x000007fef0490000 - 0x000007fef052d000 	C:\windows\system32\MSVCP140.dll
0x000007fef8e60000 - 0x000007fef8e77000 	C:\windows\system32\VCRUNTIME140.dll
0x000007fefa900000 - 0x000007fefa904000 	C:\windows\system32\api-ms-win-crt-runtime-l1-1-0.dll
0x000007fef0700000 - 0x000007fef07f2000 	C:\windows\system32\ucrtbase.DLL
0x000007fefaa30000 - 0x000007fefaa33000 	C:\windows\system32\api-ms-win-core-timezone-l1-1-0.dll
0x000007fefa8f0000 - 0x000007fefa8f3000 	C:\windows\system32\api-ms-win-core-file-l2-1-0.dll
0x000007fefa8e0000 - 0x000007fefa8e3000 	C:\windows\system32\api-ms-win-core-localization-l1-2-0.dll
0x000007fef6960000 - 0x000007fef6963000 	C:\windows\system32\api-ms-win-core-synch-l1-2-0.dll
0x000007fef64d0000 - 0x000007fef64d3000 	C:\windows\system32\api-ms-win-core-processthreads-l1-1-1.dll
0x000007fef7a60000 - 0x000007fef7a63000 	C:\windows\system32\api-ms-win-core-file-l1-2-0.dll
0x000007fef63d0000 - 0x000007fef63d4000 	C:\windows\system32\api-ms-win-crt-string-l1-1-0.dll
0x000007fef64c0000 - 0x000007fef64c3000 	C:\windows\system32\api-ms-win-crt-heap-l1-1-0.dll
0x000007fef5d40000 - 0x000007fef5d44000 	C:\windows\system32\api-ms-win-crt-stdio-l1-1-0.dll
0x000007fef63c0000 - 0x000007fef63c4000 	C:\windows\system32\api-ms-win-crt-convert-l1-1-0.dll
0x000007fef0f80000 - 0x000007fef0f83000 	C:\windows\system32\api-ms-win-crt-locale-l1-1-0.dll
0x000007fef0f90000 - 0x000007fef0f95000 	C:\windows\system32\api-ms-win-crt-math-l1-1-0.dll
0x000007fef0f30000 - 0x000007fef0f35000 	C:\windows\system32\api-ms-win-crt-multibyte-l1-1-0.dll
0x000007fef0f70000 - 0x000007fef0f73000 	C:\windows\system32\api-ms-win-crt-time-l1-1-0.dll
0x000007fef0f10000 - 0x000007fef0f13000 	C:\windows\system32\api-ms-win-crt-filesystem-l1-1-0.dll
0x000007fef0f20000 - 0x000007fef0f23000 	C:\windows\system32\api-ms-win-crt-environment-l1-1-0.dll
0x000007fef0c60000 - 0x000007fef0c63000 	C:\windows\system32\api-ms-win-crt-utility-l1-1-0.dll
0x000007fee8980000 - 0x000007fee9753000 	D:\old\programs\xilinx\Vivado\2018.1\lib\win64.o\librdi_common.dll
0x000007feea1d0000 - 0x000007feea53e000 	D:\old\programs\xilinx\Vivado\2018.1\lib\win64.o\libCOIN-all.dll
0x000007feeb430000 - 0x000007feeb6e5000 	D:\old\programs\xilinx\Vivado\2018.1\lib\win64.o\libXil_lmgr11.dll
0x0000000076d20000 - 0x0000000076e1a000 	C:\windows\system32\USER32.dll
0x000007fefd720000 - 0x000007fefd787000 	C:\windows\system32\GDI32.dll
0x000007fefee10000 - 0x000007fefee1e000 	C:\windows\system32\LPK.dll
0x000007fefee20000 - 0x000007fefeee9000 	C:\windows\system32\USP10.dll
0x000007fefeef0000 - 0x000007fefef8f000 	C:\windows\system32\msvcrt.dll
0x000007fefacc0000 - 0x000007fefacd6000 	C:\windows\system32\NETAPI32.dll
0x000007fefacb0000 - 0x000007fefacbc000 	C:\windows\system32\netutils.dll
0x000007fefc790000 - 0x000007fefc7b3000 	C:\windows\system32\srvcli.dll
0x000007fefd2b0000 - 0x000007fefd3dd000 	C:\windows\system32\RPCRT4.dll
0x000007fefac90000 - 0x000007fefaca5000 	C:\windows\system32\wkscli.dll
0x000007fefd790000 - 0x000007fefd827000 	C:\windows\system32\COMDLG32.dll
0x000007fefd940000 - 0x000007fefd9b1000 	C:\windows\system32\SHLWAPI.dll
0x000007fef84a0000 - 0x000007fef8540000 	C:\windows\WinSxS\amd64_microsoft.windows.common-controls_6595b64144ccf1df_5.82.7601.18837_none_a4d981ff711297b6\COMCTL32.dll
0x000007fefd640000 - 0x000007fefd71b000 	C:\windows\system32\ADVAPI32.dll
0x000007fefd9c0000 - 0x000007fefd9df000 	C:\windows\SYSTEM32\sechost.dll
0x000007fefe080000 - 0x000007fefee09000 	C:\windows\system32\SHELL32.dll
0x000007fef0c50000 - 0x000007fef0c59000 	C:\windows\system32\WSOCK32.dll
0x000007fefef90000 - 0x000007fefefdd000 	C:\windows\system32\WS2_32.dll
0x000007fefdd40000 - 0x000007fefdd48000 	C:\windows\system32\NSI.dll
0x000007fefefe0000 - 0x000007feff0b7000 	C:\windows\system32\OLEAUT32.dll
0x000007fefdd50000 - 0x000007fefdf53000 	C:\windows\system32\ole32.dll
0x000007fef9da0000 - 0x000007fef9db8000 	C:\windows\system32\dhcpcsvc.DLL
0x000007fef0c70000 - 0x000007fef0c73000 	C:\windows\system32\api-ms-win-crt-conio-l1-1-0.dll
0x000007fefd020000 - 0x000007fefd05b000 	C:\windows\system32\WINTRUST.dll
0x000007fefcda0000 - 0x000007fefcf0d000 	C:\windows\system32\CRYPT32.dll
0x000007fefcd00000 - 0x000007fefcd0f000 	C:\windows\system32\MSASN1.dll
0x000007fef0be0000 - 0x000007fef0bf4000 	D:\old\programs\xilinx\Vivado\2018.1\lib\win64.o\libboost_date_time.dll
0x000007fef0a00000 - 0x000007fef0a26000 	D:\old\programs\xilinx\Vivado\2018.1\lib\win64.o\libboost_filesystem.dll
0x000007fef0c40000 - 0x000007fef0c4b000 	D:\old\programs\xilinx\Vivado\2018.1\lib\win64.o\libboost_system.dll
0x000007fef0390000 - 0x000007fef040f000 	D:\old\programs\xilinx\Vivado\2018.1\lib\win64.o\libboost_program_options.dll
0x000007feefc70000 - 0x000007feefd84000 	D:\old\programs\xilinx\Vivado\2018.1\lib\win64.o\libboost_regex.dll
0x000007fef0990000 - 0x000007fef09b1000 	D:\old\programs\xilinx\Vivado\2018.1\lib\win64.o\libboost_thread.dll
0x000007fef0c10000 - 0x000007fef0c1d000 	D:\old\programs\xilinx\Vivado\2018.1\lib\win64.o\libboost_chrono.dll
0x000007fef0bd0000 - 0x000007fef0bdf000 	D:\old\programs\xilinx\Vivado\2018.1\lib\win64.o\libboost_xilinx.dll
0x000007feeff80000 - 0x000007fef0002000 	D:\old\programs\xilinx\Vivado\2018.1\lib\win64.o\libhdlpsolve.dll
0x000007feefea0000 - 0x000007feeff45000 	D:\old\programs\xilinx\Vivado\2018.1\lib\win64.o\libhdxml.dll
0x000007fee9a10000 - 0x000007feea1c6400 	D:\old\programs\xilinx\Vivado\2018.1\lib\win64.o\libisl_iostreams.dll
0x000007fef0a50000 - 0x000007fef0a6b000 	D:\old\programs\xilinx\Vivado\2018.1\lib\win64.o\libboost_iostreams.dll
0x000007fef0960000 - 0x000007fef0981000 	D:\old\programs\xilinx\Vivado\2018.1\lib\win64.o\librdizlib.dll
0x000007fef0870000 - 0x000007fef0895000 	D:\old\programs\xilinx\Vivado\2018.1\lib\win64.o\libisl_iosutils.dll
0x000007fef08a0000 - 0x000007fef08ce000 	D:\old\programs\xilinx\Vivado\2018.1\lib\win64.o\libisl_sysinfo.dll
0x00000000713f0000 - 0x0000000071c8a000 	D:\old\programs\xilinx\Vivado\2018.1\tps\win64\jre\bin\server\jvm.dll
0x000007fefa270000 - 0x000007fefa2ab000 	C:\windows\system32\WINMM.dll
0x000007fefbbe0000 - 0x000007fefbbec000 	C:\windows\system32\VERSION.dll
0x0000000077100000 - 0x0000000077107000 	C:\windows\system32\PSAPI.DLL
0x0000000074990000 - 0x0000000074a62000 	C:\windows\system32\MSVCR100.dll
0x000007fef0420000 - 0x000007fef0485000 	D:\old\programs\xilinx\Vivado\2018.1\lib\win64.o\liblmx6.0.dll
0x000007fef09e0000 - 0x000007fef09fa000 	D:\old\programs\xilinx\Vivado\2018.1\lib\win64.o\pthreadVC2.dll
0x000007feeb330000 - 0x000007feeb430000 	D:\old\programs\xilinx\Vivado\2018.1\lib\win64.o\librdi_commonxillic.dll
0x000007feeaeb0000 - 0x000007feeb001000 	D:\old\programs\xilinx\Vivado\2018.1\lib\win64.o\librdi_curl.dll
0x000007fef05c0000 - 0x000007fef05dc000 	D:\old\programs\xilinx\Vivado\2018.1\lib\win64.o\librdiconfig.dll
0x0000000072af0000 - 0x0000000072c1b000 	D:\old\programs\xilinx\Vivado\2018.1\lib\win64.o\tcl85t.dll
0x0000000012000000 - 0x0000000012272000 	D:\old\programs\xilinx\Vivado\2018.1\lib\win64.o\xerces-c_3_1.dll
0x000007fefd3e0000 - 0x000007fefd63a000 	C:\windows\system32\WININET.dll
0x000007fefcf10000 - 0x000007fefcf14000 	C:\windows\system32\api-ms-win-downlevel-user32-l1-1-0.dll
0x000007fefcfd0000 - 0x000007fefcfd4000 	C:\windows\system32\api-ms-win-downlevel-shlwapi-l1-1-0.dll
0x000007fefcd10000 - 0x000007fefcd14000 	C:\windows\system32\api-ms-win-downlevel-version-l1-1-0.dll
0x000007fefcfc0000 - 0x000007fefcfc3000 	C:\windows\system32\api-ms-win-downlevel-normaliz-l1-1-0.dll
0x0000000077110000 - 0x0000000077113000 	C:\windows\system32\normaliz.DLL
0x000007fefd9e0000 - 0x000007fefdca7000 	C:\windows\system32\iertutil.dll
0x000007fefcd20000 - 0x000007fefcd25000 	C:\windows\system32\api-ms-win-downlevel-advapi32-l1-1-0.dll
0x000007fefd090000 - 0x000007fefd0ae000 	C:\windows\system32\USERENV.dll
0x000007fefccf0000 - 0x000007fefccff000 	C:\windows\system32\profapi.dll
0x000007fefa5b0000 - 0x000007fefa621000 	C:\windows\system32\WINHTTP.dll
0x000007fefa540000 - 0x000007fefa5a4000 	C:\windows\system32\webio.dll
0x000007feff0c0000 - 0x000007feff245000 	C:\windows\system32\urlmon.dll
0x000007fefd060000 - 0x000007fefd064000 	C:\windows\system32\api-ms-win-downlevel-ole32-l1-1-0.dll
0x000007fee4410000 - 0x000007fee52a1000 	D:\old\programs\xilinx\Vivado\2018.1\lib\win64.o\gurobi65.dll
0x000007fef0590000 - 0x000007fef05be000 	C:\windows\system32\VCOMP140.DLL
0x000007fef06d0000 - 0x000007fef06e4000 	D:\old\programs\xilinx\Vivado\2018.1\lib\win64.o\librdi_commonmain.dll
0x000007fef0950000 - 0x000007fef095a000 	D:\old\programs\xilinx\Vivado\2018.1\lib\win64.o\librdi_commonversion.dll
0x000007fefdcb0000 - 0x000007fefdcde000 	C:\windows\system32\IMM32.DLL
0x000007fefd830000 - 0x000007fefd939000 	C:\windows\system32\MSCTF.dll
0x000007fee84f0000 - 0x000007fee897b000 	D:\old\programs\xilinx\Vivado\2018.1\lib\win64.o\librdi_commontasks.dll
0x000007fee97d0000 - 0x000007fee9a10000 	D:\old\programs\xilinx\Vivado\2018.1\lib\win64.o\librdi_sio.dll
0x000007fef9fc0000 - 0x000007fef9fe7000 	C:\windows\system32\IPHLPAPI.DLL
0x000007fef9fa0000 - 0x000007fef9fab000 	C:\windows\system32\WINNSI.DLL
0x000007fee20b0000 - 0x000007fee440c000 	D:\old\programs\xilinx\Vivado\2018.1\lib\win64.o\librdi_tcltasks.dll
0x000007fee5d90000 - 0x000007fee6141000 	D:\old\programs\xilinx\Vivado\2018.1\lib\win64.o\librdi_bitstream.dll
0x000007fec8f50000 - 0x000007fed6ec3000 	D:\old\programs\xilinx\Vivado\2018.1\lib\win64.o\librdi_device.dll
0x000007feefe50000 - 0x000007feefe9c000 	D:\old\programs\xilinx\Vivado\2018.1\lib\win64.o\libboost_serialization.dll
0x000007fed8a50000 - 0x000007fed9543000 	D:\old\programs\xilinx\Vivado\2018.1\lib\win64.o\libverific.dll
0x000007fee5c10000 - 0x000007fee5d8c000 	D:\old\programs\xilinx\Vivado\2018.1\lib\win64.o\librdi_board.dll
0x000007feefb10000 - 0x000007feefb7a000 	D:\old\programs\xilinx\Vivado\2018.1\lib\win64.o\librdi_boarddep.dll
0x000007fee59a0000 - 0x000007fee5c0a000 	D:\old\programs\xilinx\Vivado\2018.1\lib\win64.o\librdi_chipscope.dll
0x000007fec7710000 - 0x000007fec8f47000 	D:\old\programs\xilinx\Vivado\2018.1\lib\win64.o\librdi_constraints.dll
0x000007fee5370000 - 0x000007fee599a000 	D:\old\programs\xilinx\Vivado\2018.1\lib\win64.o\librdi_filemgmt.dll
0x000007feee520000 - 0x000007feee5c9000 	D:\old\programs\xilinx\Vivado\2018.1\lib\win64.o\librdi_hip_devdesign.dll
0x000007feefb80000 - 0x000007feefbe6000 	D:\old\programs\xilinx\Vivado\2018.1\lib\win64.o\librdi_ipconfig_readwrite.dll
0x000007fee1c10000 - 0x000007fee20ae000 	D:\old\programs\xilinx\Vivado\2018.1\lib\win64.o\librdi_netlist.dll
0x000007feeb2f0000 - 0x000007feeb32b000 	D:\old\programs\xilinx\Vivado\2018.1\lib\win64.o\librdi_noc_frameworks.dll
0x000007fee8460000 - 0x000007fee84e5000 	D:\old\programs\xilinx\Vivado\2018.1\lib\win64.o\librdi_hip_config.dll
0x000007fee1ab0000 - 0x000007fee1c01000 	D:\old\programs\xilinx\Vivado\2018.1\lib\win64.o\librdi_hip_noc_tools.dll
0x000007fec7030000 - 0x000007fec770a000 	D:\old\programs\xilinx\Vivado\2018.1\lib\win64.o\librdi_psta.dll
0x000007fec3f20000 - 0x000007fec702a000 	D:\old\programs\xilinx\Vivado\2018.1\lib\win64.o\librdi_coregen.dll
0x000007fed81e0000 - 0x000007fed88bd000 	D:\old\programs\xilinx\Vivado\2018.1\lib\win64.o\librdi_coregenipxact.dll
0x000007fec01f0000 - 0x000007fec3f1d000 	D:\old\programs\xilinx\Vivado\2018.1\lib\win64.o\librdi_designutils.dll
0x000007febfca0000 - 0x000007fec01ee000 	D:\old\programs\xilinx\Vivado\2018.1\lib\win64.o\librdi_xdm.dll
0x000007febf650000 - 0x000007febfca0000 	D:\old\programs\xilinx\Vivado\2018.1\lib\win64.o\librdi_memdata.dll

VM Arguments:
jvm_args: -Dsun.java2d.pmoffscreen=false -Dsun.java2d.xrender=false -Dsun.java2d.d3d=false -Dsun.awt.nopixfmt=true -Xverify:none -Dswing.aatext=true -XX:-UsePerfData -Djdk.map.althashing.threshold=512 -XX:StringTableSize=4072 -XX:NewSize=60m -XX:MaxNewSize=60m -Xms128m -Xmx3072m -Xss5m 
java_command: <unknown>
java_class_path (initial): D:/old/programs/xilinx/Vivado/2018.1\lib\classes\alloy.jar;D:/old/programs/xilinx/Vivado/2018.1\lib\classes\autopilot.scelaborator.jar;D:/old/programs/xilinx/Vivado/2018.1\lib\classes\autopilot.sourceprocessor.jar;D:/old/programs/xilinx/Vivado/2018.1\lib\classes\autopilot.tbprocessor.jar;D:/old/programs/xilinx/Vivado/2018.1\lib\classes\batik-anim.jar;D:/old/programs/xilinx/Vivado/2018.1\lib\classes\batik-awt-util.jar;D:/old/programs/xilinx/Vivado/2018.1\lib\classes\batik-bridge.jar;D:/old/programs/xilinx/Vivado/2018.1\lib\classes\batik-codec.jar;D:/old/programs/xilinx/Vivado/2018.1\lib\classes\batik-css.jar;D:/old/programs/xilinx/Vivado/2018.1\lib\classes\batik-dom.jar;D:/old/programs/xilinx/Vivado/2018.1\lib\classes\batik-ext.jar;D:/old/programs/xilinx/Vivado/2018.1\lib\classes\batik-gui-util.jar;D:/old/programs/xilinx/Vivado/2018.1\lib\classes\batik-gvt.jar;D:/old/programs/xilinx/Vivado/2018.1\lib\classes\batik-parser.jar;D:/old/programs/xilinx/Vivado/2018.1\lib\classes\batik-script.jar;D:/old/programs/xilinx/Vivado/2018.1\lib\classes\batik-svg-dom.jar;D:/old/programs/xilinx/Vivado/2018.1\lib\classes\batik-swing.jar;D:/old/programs/xilinx/Vivado/2018.1\lib\classes\batik-transcoder.jar;D:/old/programs/xilinx/Vivado/2018.1\lib\classes\batik-util.jar;D:/old/programs/xilinx/Vivado/2018.1\lib\classes\batik-xml.jar;D:/old/programs/xilinx/Vivado/2018.1\lib\classes\com.ibm.icu_4.4.2.v20110208.jar;D:/old/programs/xilinx/Vivado/2018.1\lib\classes\commons-collections4-4.1.jar;D:/old/programs/xilinx/Vivado/2018.1\lib\classes\commons-math-2.2.jar;D:/old/programs/xilinx/Vivado/2018.1\lib\classes\dom4j-1.6.1.jar;D:/old/programs/xilinx/Vivado/2018.1\lib\classes\guava-18.0.jar;D:/old/programs/xilinx/Vivado/2018.1\lib\classes\help.jar;D:/old/programs/xilinx/Vivado/2018.1\lib\classes\hsqldb.jar;D:/old/programs/xilinx/Vivado/2018.1\lib\classes\jargs.jar;D:/old/programs/xilinx/Vivado/2018.1\lib\classes\jh.jar;D:/old/programs/xilinx/Vivado/2018.1\lib\classe
Launcher Type: generic

Environment Variables:
PATH=D:/old/programs/xilinx/Vivado/2018.1/bin;D:/old/programs/xilinx/Vivado/2018.1/lib/win64.o;D:/old/programs/xilinx/Vivado/2018.1/tps/win64/jre/bin/server;D:/old/programs/xilinx/Vivado/2018.1/tps/win64/jre/bin;D:/old/programs/xilinx/SDK/2018.1/bin;D:/old/programs/xilinx/Vivado/2018.1/ids_lite/ISE/bin/nt64;D:/old/programs/xilinx/Vivado/2018.1/ids_lite/ISE/lib/nt64;C:\Program Files (x86)\NVIDIA Corporation\PhysX\Common;C:\ProgramData\Oracle\Java\javapath;C:\Program Files\Common Files\Microsoft Shared\Windows Live;C:\Program Files (x86)\Common Files\Microsoft Shared\Windows Live;C:\windows\system32;C:\windows;C:\windows\System32\Wbem;C:\windows\System32\WindowsPowerShell\v1.0\;C:\Program Files (x86)\ATI Technologies\ATI.ACE\Core-Static;C:\Program Files (x86)\Windows Live\Shared;C:\Program Files (x86)\Microsoft SQL Server\100\Tools\Binn\;C:\Program Files\Microsoft SQL Server\100\Tools\Binn\;C:\Program Files\Microsoft SQL Server\100\DTS\Binn\;D:\web\MySQL55\bin;;D:\qt\mingw64\bin;C:\Program Files (x86)\AMD\ATI.ACE\Core-Static;D:\xmpp\php;C:\Program Files (x86)\Skype\Phone\;D:/old/programs/xilinx/Vivado/2018.1\tps\mingw\6.2.0\win64.o\nt\bin;D:/old/programs/xilinx/Vivado/2018.1\tps\mingw\6.2.0\win64.o\nt\libexec\gcc\x86_64-w64-mingw32\6.2.0
USERNAME=Рома
OS=Windows_NT
PROCESSOR_IDENTIFIER=AMD64 Family 21 Model 16 Stepping 1, AuthenticAMD



---------------  S Y S T E M  ---------------

OS: Windows 7 , 64 bit Build 7601 (6.1.7601.18939)

CPU:total 4 (4 cores per cpu, 1 threads per core) family 21 model 16 stepping 1, cmov, cx8, fxsr, mmx, sse, sse2, sse3, ssse3, sse4.1, sse4.2, popcnt, avx, aes, clmul, mmxext, 3dnowpref, lzcnt, sse4a, tsc, tscinvbit, tscinv, bmi1

Memory: 4k page, physical 7827628k(5466232k free), swap 24603004k(21912336k free)

vm_info: Java HotSpot(TM) 64-Bit Server VM (25.112-b15) for windows-amd64 JRE (1.8.0_112-b15), built on Sep 22 2016 21:31:56 by "java_re" with MS VC++ 10.0 (VS2010)

time: Mon May 07 17:32:37 2018
elapsed time: 357 seconds (0d 0h 5m 57s)

