#
# A fatal error has been detected by the Java Runtime Environment:
#
#  EXCEPTION_ACCESS_VIOLATION (0xc0000005) at pc=0x000007fee7a6d4dd, pid=7072, tid=0x0000000000001a9c
#
# JRE version: Java(TM) SE Runtime Environment (8.0_112-b15) (build 1.8.0_112-b15)
# Java VM: Java HotSpot(TM) 64-Bit Server VM (25.112-b15 mixed mode windows-amd64 compressed oops)
# Problematic frame:
# C  [librdi_common.dll+0xd4dd]
#
# Failed to write core dump. Minidumps are not enabled by default on client versions of Windows
#
# If you would like to submit a bug report, please visit:
#   http://bugreport.java.com/bugreport/crash.jsp
# The crash happened outside the Java Virtual Machine in native code.
# See problematic frame for where to report the bug.
#

---------------  T H R E A D  ---------------

Current thread (0x0000000029f90800):  JavaThread "AWT-EventQueue-0" [_thread_in_native, id=6812, stack(0x000000002af70000,0x000000002b470000)]

siginfo: ExceptionCode=0xc0000005, reading address 0xfffffffffffffff8

Registers:
RAX=0x900069613a651cf1, RBX=0x000000000bbc7500, RCX=0x0000000000000000, RDX=0x0000000000000000
RSP=0x000000002b46c910, RBP=0x000000002b46caf0, RSI=0x00000000364b3200, RDI=0x000000000bbc74e0
R8 =0x000007febca46e8c, R9 =0x0000000000000043, R10=0x000007febca46e88, R11=0x000000002b46c970
R12=0x0000000000000000, R13=0x0000000000000005, R14=0x000000000bbc74e0, R15=0x000000000000dac0
RIP=0x000007fee7a6d4dd, EFLAGS=0x0000000000010246

Top of Stack: (sp=0x000000002b46c910)
0x000000002b46c910:   0000000000000000 000000002b46caf0
0x000000002b46c920:   000007febca46e48 000000000bbc74e0
0x000000002b46c930:   000000000bbc74e0 000007fee7ad6e10
0x000000002b46c940:   0000000000000000 000000000bbc74e0
0x000000002b46c950:   0000000000000000 000007febc85649c
0x000000002b46c960:   000000000bbc74e0 000007febc745115
0x000000002b46c970:   0000000000000000 000000000bbc74e0
0x000000002b46c980:   0000000000000005 0000000000000000
0x000000002b46c990:   000000002b46cad8 000007febc856afe
0x000000002b46c9a0:   0000000000000000 00000000099ad1e0
0x000000002b46c9b0:   00000000364b3200 00000000364b3200
0x000000002b46c9c0:   0000000000000000 0000000704da5b68
0x000000002b46c9d0:   0000000100000001 0000000000000001
0x000000002b46c9e0:   f120000000000000 0000000000010000
0x000000002b46c9f0:   fffffffffffffffe 000000002b46cad8
0x000000002b46ca00:   0000000000000000 0000000701120148 

Instructions: (pc=0x000007fee7a6d4dd)
0x000007fee7a6d4bd:   48 83 f8 10 72 4f 48 8b 09 48 ff c0 48 3d 00 10
0x000007fee7a6d4cd:   00 00 72 3c f6 c1 1f 74 07 ff 15 1c e7 75 00 cc
0x000007fee7a6d4dd:   48 8b 41 f8 48 3b c1 72 07 ff 15 0c e7 75 00 cc
0x000007fee7a6d4ed:   48 2b c8 48 83 f9 08 73 07 ff 15 fc e6 75 00 cc 


Register to memory mapping:

RAX=0x900069613a651cf1 is an unknown value
RBX=0x000000000bbc7500 is an unknown value
RCX=0x0000000000000000 is an unknown value
RDX=0x0000000000000000 is an unknown value
RSP=0x000000002b46c910 is pointing into the stack for thread: 0x0000000029f90800
RBP=0x000000002b46caf0 is pointing into the stack for thread: 0x0000000029f90800
RSI=0x00000000364b3200 is an unknown value
RDI=0x000000000bbc74e0 is an unknown value
R8 =0x000007febca46e8c is an unknown value
R9 =0x0000000000000043 is an unknown value
R10=0x000007febca46e88 is an unknown value
R11=0x000000002b46c970 is pointing into the stack for thread: 0x0000000029f90800
R12=0x0000000000000000 is an unknown value
R13=0x0000000000000005 is an unknown value
R14=0x000000000bbc74e0 is an unknown value
R15=0x000000000000dac0 is an unknown value


Stack: [0x000000002af70000,0x000000002b470000],  sp=0x000000002b46c910,  free space=5106k
Native frames: (J=compiled Java code, j=interpreted, Vv=VM code, C=native code)
C  [librdi_common.dll+0xd4dd]
C  [librdi_common.dll+0x76e10]
C  0x000007febc745115
C  0x000007febc856afe
C  0x000007febc8c2a26
C  0x000007febc8c89f5
C  0x000007febc8a015b
C  0x000007febc8d4d37
C  0x0000000015099d03

Java frames: (J=compiled Java code, j=interpreted, Vv=VM code)
J 21475  ui.views.waveform.waveformi.WVExecutive_getTooltipTextDelayed(J)Ljava/lang/String; (0 bytes) @ 0x0000000015099c81 [0x0000000015099c40+0x41]
J 25654 C2 ui.views.waveform.b.a.mouseMoved(Ljava/awt/event/MouseEvent;)V (32 bytes) @ 0x0000000016937b90 [0x00000000169379c0+0x1d0]
J 13459 C2 java.awt.AWTEventMulticaster.mouseMoved(Ljava/awt/event/MouseEvent;)V (27 bytes) @ 0x0000000014a13a54 [0x0000000014a139a0+0xb4]
J 13459 C2 java.awt.AWTEventMulticaster.mouseMoved(Ljava/awt/event/MouseEvent;)V (27 bytes) @ 0x0000000014a13a14 [0x0000000014a139a0+0x74]
J 25613 C2 ui.frmwork.c.i.processMouseMotionEvent(Ljava/awt/event/MouseEvent;)V (131 bytes) @ 0x000000001691d988 [0x000000001691d6e0+0x2a8]
J 9803 C2 java.awt.Container.processEvent(Ljava/awt/AWTEvent;)V (22 bytes) @ 0x0000000013f8d3d4 [0x0000000013f8d260+0x174]
J 25856 C2 java.awt.Component.dispatchEventImpl(Ljava/awt/AWTEvent;)V (883 bytes) @ 0x00000000169cbd34 [0x00000000169cb4a0+0x894]
J 19059 C2 java.awt.Container.dispatchEventImpl(Ljava/awt/AWTEvent;)V (129 bytes) @ 0x00000000154b490c [0x00000000154b4780+0x18c]
J 21678 C2 java.awt.LightweightDispatcher.retargetMouseEvent(Ljava/awt/Component;ILjava/awt/event/MouseEvent;)V (350 bytes) @ 0x000000001601db5c [0x000000001601d660+0x4fc]
J 13694 C2 java.awt.LightweightDispatcher.processMouseEvent(Ljava/awt/event/MouseEvent;)Z (286 bytes) @ 0x0000000013f7b6d0 [0x0000000013f7b1c0+0x510]
J 19059 C2 java.awt.Container.dispatchEventImpl(Ljava/awt/AWTEvent;)V (129 bytes) @ 0x00000000154b483c [0x00000000154b4780+0xbc]
J 13686 C2 java.awt.Window.dispatchEventImpl(Ljava/awt/AWTEvent;)V (23 bytes) @ 0x000000001323dfcc [0x000000001323df80+0x4c]
J 11126 C2 java.awt.EventQueue$3.run()Ljava/lang/Object; (5 bytes) @ 0x0000000014328c7c [0x0000000014328880+0x3fc]
v  ~StubRoutines::call_stub
J 1647  java.security.AccessController.doPrivileged(Ljava/security/PrivilegedAction;Ljava/security/AccessControlContext;)Ljava/lang/Object; (0 bytes) @ 0x00000000127ca6a6 [0x00000000127ca640+0x66]
J 12991 C2 java.awt.EventQueue$4.run()Ljava/lang/Object; (5 bytes) @ 0x000000001425f8f0 [0x000000001425f760+0x190]
v  ~StubRoutines::call_stub
J 1647  java.security.AccessController.doPrivileged(Ljava/security/PrivilegedAction;Ljava/security/AccessControlContext;)Ljava/lang/Object; (0 bytes) @ 0x00000000127ca6a6 [0x00000000127ca640+0x66]
J 11127 C2 ui.frmwork.b.d.dispatchEvent(Ljava/awt/AWTEvent;)V (45 bytes) @ 0x000000001430fdd0 [0x000000001430fb20+0x2b0]
J 20331 C2 java.awt.EventDispatchThread.pumpOneEventForFilters(I)V (295 bytes) @ 0x0000000015e82fb4 [0x0000000015e82c60+0x354]
J 16057% C2 java.awt.EventDispatchThread.pumpEventsForFilter(ILjava/awt/Conditional;Ljava/awt/EventFilter;)V (47 bytes) @ 0x0000000013583dc0 [0x0000000013583cc0+0x100]
j  java.awt.EventDispatchThread.pumpEventsForHierarchy(ILjava/awt/Conditional;Ljava/awt/Component;)V+11
j  java.awt.EventDispatchThread.pumpEvents(ILjava/awt/Conditional;)V+4
j  java.awt.EventDispatchThread.pumpEvents(Ljava/awt/Conditional;)V+3
j  java.awt.EventDispatchThread.run()V+9
v  ~StubRoutines::call_stub

---------------  P R O C E S S  ---------------

Java Threads: ( => current thread )
  0x000000002a08f800 JavaThread "Relaunch Simulation" [_thread_blocked, id=4676, stack(0x000000003cb70000,0x000000003d070000)]
  0x000000002a08e000 JavaThread "Thread-3690" [_thread_in_native, id=1596, stack(0x00000000347c0000,0x00000000348c0000)]
  0x000000002a08e800 JavaThread "Thread-3689" [_thread_in_native, id=4800, stack(0x0000000033e90000,0x0000000033f90000)]
  0x000000002a08d000 JavaThread "Thread-3611" [_thread_in_native, id=7360, stack(0x0000000033de0000,0x0000000033ee0000)]
  0x000000002a08b000 JavaThread "Thread-3596" [_thread_in_native, id=7836, stack(0x00000000347d0000,0x00000000348d0000)]
  0x000000002a08b800 JavaThread "Thread-3504" [_thread_in_native, id=7816, stack(0x0000000034780000,0x0000000034880000)]
  0x000000002cd64800 JavaThread "Thread-3503" [_thread_in_native, id=4436, stack(0x0000000033e20000,0x0000000033f20000)]
  0x000000002a973000 JavaThread "Thread-3448" [_thread_in_native, id=6124, stack(0x0000000034820000,0x0000000034920000)]
  0x000000002a08a000 JavaThread "Thread-3447" [_thread_in_native, id=7692, stack(0x0000000033e80000,0x0000000033f80000)]
  0x000000002a979800 JavaThread "Thread-3387" [_thread_in_native, id=7736, stack(0x000000002e730000,0x000000002e830000)]
  0x000000002a979000 JavaThread "Thread-3289" [_thread_in_native, id=7548, stack(0x0000000033c60000,0x0000000033d60000)]
  0x000000002a977800 JavaThread "Thread-3288" [_thread_in_native, id=6828, stack(0x000000002e6d0000,0x000000002e7d0000)]
  0x000000002a978000 JavaThread "Thread-3198" [_thread_in_native, id=7884, stack(0x0000000031100000,0x0000000031200000)]
  0x000000002a976800 JavaThread "Thread-3197" [_thread_in_native, id=7280, stack(0x000000002e690000,0x000000002e790000)]
  0x000000002a976000 JavaThread "Thread-3066" [_thread_in_native, id=3416, stack(0x0000000033c40000,0x0000000033d40000)]
  0x000000002a975000 JavaThread "Thread-3065" [_thread_in_native, id=2596, stack(0x0000000031100000,0x0000000031200000)]
  0x000000002a973800 JavaThread "Thread-2800" [_thread_in_native, id=5988, stack(0x000000002e6f0000,0x000000002e7f0000)]
  0x0000000011abc800 JavaThread "Thread-2799" [_thread_in_native, id=5104, stack(0x00000000325c0000,0x00000000326c0000)]
  0x000000002a974800 JavaThread "Thread-2693" [_thread_in_native, id=8012, stack(0x0000000033e40000,0x0000000033f40000)]
  0x0000000027459000 JavaThread "Thread-2681" [_thread_in_native, id=5840, stack(0x000000002e6b0000,0x000000002e7b0000)]
  0x000000002a1cd000 JavaThread "Thread-2630" [_thread_in_native, id=8116, stack(0x0000000033f40000,0x0000000034040000)]
  0x0000000027455000 JavaThread "Thread-2575" [_thread_in_native, id=4152, stack(0x00000000347c0000,0x00000000348c0000)]
  0x0000000027452000 JavaThread "Thread-2384" [_thread_in_native, id=7700, stack(0x0000000032bf0000,0x0000000032cf0000)]
  0x000000002a7aa000 JavaThread "Thread-2383" [_thread_in_native, id=7768, stack(0x0000000033b30000,0x0000000033c30000)]
  0x0000000027454800 JavaThread "Thread-2354" [_thread_in_native, id=3852, stack(0x000000002c380000,0x000000002c480000)]
  0x0000000027453000 JavaThread "Thread-2245" [_thread_in_native, id=5676, stack(0x000000002e6e0000,0x000000002e7e0000)]
  0x000000002a1cf800 JavaThread "Thread-2244" [_thread_in_native, id=3216, stack(0x000000003a3a0000,0x000000003a4a0000)]
  0x000000002a1ce000 JavaThread "Thread-2211" [_thread_in_native, id=1816, stack(0x000000002e690000,0x000000002e790000)]
  0x000000002a1ce800 JavaThread "Thread-2210" [_thread_in_native, id=7916, stack(0x0000000033a20000,0x0000000033b20000)]
  0x000000002a1cc000 JavaThread "Thread-2125" [_thread_in_native, id=5148, stack(0x000000002e6c0000,0x000000002e7c0000)]
  0x000000002f932800 JavaThread "Thread-2124" [_thread_in_native, id=7868, stack(0x0000000032bf0000,0x0000000032cf0000)]
  0x0000000011ac2800 JavaThread "Thread-2046" [_thread_in_native, id=6908, stack(0x000000002e6b0000,0x000000002e7b0000)]
  0x000000002f934000 JavaThread "Thread-2045" [_thread_in_native, id=6556, stack(0x000000002c340000,0x000000002c440000)]
  0x000000002f933800 JavaThread "Thread-1974" [_thread_in_native, id=7556, stack(0x0000000032bd0000,0x0000000032cd0000)]
  0x000000002f931000 JavaThread "Thread-1973" [_thread_in_native, id=1136, stack(0x000000002e730000,0x000000002e830000)]
  0x000000002f932000 JavaThread "Thread-1893" [_thread_in_native, id=3664, stack(0x0000000032bd0000,0x0000000032cd0000)]
  0x0000000011ac1000 JavaThread "Thread-1892" [_thread_in_native, id=7860, stack(0x0000000032f30000,0x0000000033030000)]
  0x0000000011ac1800 JavaThread "Thread-1834" [_thread_in_native, id=7516, stack(0x000000002e6a0000,0x000000002e7a0000)]
  0x0000000011ac0000 JavaThread "Thread-1833" [_thread_in_native, id=8028, stack(0x000000003a390000,0x000000003a490000)]
  0x0000000011abf800 JavaThread "Thread-1804" [_thread_in_native, id=4468, stack(0x000000003a3d0000,0x000000003a4d0000)]
  0x0000000011abe800 JavaThread "Thread-1803" [_thread_in_native, id=6376, stack(0x000000002e6e0000,0x000000002e7e0000)]
  0x0000000011abe000 JavaThread "Thread-1791" [_thread_in_native, id=6212, stack(0x0000000032c10000,0x0000000032d10000)]
  0x0000000011abd000 JavaThread "Thread-1790" [_thread_in_native, id=5512, stack(0x000000003a3d0000,0x000000003a4d0000)]
  0x0000000011abb800 JavaThread "Thread-1671" [_thread_in_native, id=5600, stack(0x000000002c350000,0x000000002c450000)]
  0x00000000323ca800 JavaThread "Thread-1670" [_thread_in_native, id=7852, stack(0x000000002e680000,0x000000002e780000)]
  0x00000000323c9800 JavaThread "Thread-1625" [_thread_in_native, id=7664, stack(0x000000002c350000,0x000000002c450000)]
  0x00000000323c9000 JavaThread "Thread-1624" [_thread_in_native, id=7796, stack(0x000000003a3b0000,0x000000003a4b0000)]
  0x00000000323c8000 JavaThread "Thread-1611" [_thread_in_native, id=772, stack(0x0000000032f30000,0x0000000033030000)]
  0x000000002a7ad000 JavaThread "Thread-1610" [_thread_in_native, id=5172, stack(0x000000003a390000,0x000000003a490000)]
  0x00000000323c7800 JavaThread "Thread-1533" [_thread_in_native, id=5252, stack(0x000000002c370000,0x000000002c470000)]
  0x00000000323c6800 JavaThread "Thread-1532" [_thread_in_native, id=3720, stack(0x000000003a390000,0x000000003a490000)]
  0x00000000323c6000 JavaThread "Thread-1370" [_thread_in_native, id=6712, stack(0x000000003a3f0000,0x000000003a4f0000)]
  0x00000000323c4800 JavaThread "Thread-1369" [_thread_in_native, id=4844, stack(0x0000000032f30000,0x0000000033030000)]
  0x00000000323c5000 JavaThread "Thread-1310" [_thread_in_native, id=2756, stack(0x000000002e710000,0x000000002e810000)]
  0x000000002765e800 JavaThread "Thread-1309" [_thread_in_native, id=6640, stack(0x000000003a3f0000,0x000000003a4f0000)]
  0x00000000323c3800 JavaThread "Thread-1208" [_thread_in_native, id=6416, stack(0x000000003a3c0000,0x000000003a4c0000)]
  0x000000002fb1b800 JavaThread "Thread-1207" [_thread_in_native, id=7608, stack(0x000000002c350000,0x000000002c450000)]
  0x0000000027660000 JavaThread "Swing-Shell" daemon [_thread_blocked, id=7084, stack(0x000000003d220000,0x000000003d720000)]
  0x000000002765f800 JavaThread "Thread-1165" [_thread_in_native, id=7620, stack(0x0000000032be0000,0x0000000032ce0000)]
  0x000000002765d000 JavaThread "Thread-1164" [_thread_in_native, id=6112, stack(0x0000000032f30000,0x0000000033030000)]
  0x000000002a6c6000 JavaThread "Thread-995" [_thread_in_native, id=5752, stack(0x0000000031130000,0x0000000031230000)]
  0x000000002a6c2000 JavaThread "Thread-948" [_thread_in_native, id=3028, stack(0x000000002c340000,0x000000002c440000)]
  0x000000002765c800 JavaThread "Thread-886" [_thread_in_native, id=7844, stack(0x0000000030ee0000,0x0000000030fe0000)]
  0x000000002765b000 JavaThread "Thread-855" [_thread_in_native, id=7784, stack(0x0000000034790000,0x0000000034890000)]
  0x000000002765b800 JavaThread "Thread-854" [_thread_in_native, id=7952, stack(0x00000000310f0000,0x00000000311f0000)]
  0x0000000027659800 JavaThread "Thread-799" [_thread_in_native, id=7940, stack(0x0000000032bf0000,0x0000000032cf0000)]
  0x000000002765a000 JavaThread "Thread-798" [_thread_in_native, id=7864, stack(0x0000000030e80000,0x0000000030f80000)]
  0x0000000031fb7000 JavaThread "Thread-779" [_thread_in_native, id=3836, stack(0x0000000031130000,0x0000000031230000)]
  0x0000000031fb6800 JavaThread "Thread-778" [_thread_in_native, id=7612, stack(0x0000000030e70000,0x0000000030f70000)]
  0x000000002fb1a800 JavaThread "Thread-755" [_thread_in_native, id=7212, stack(0x0000000032c10000,0x0000000032d10000)]
  0x000000002fb1a000 JavaThread "Thread-754" [_thread_in_native, id=7544, stack(0x00000000310e0000,0x00000000311e0000)]
  0x00000000278a6800 JavaThread "Thread-626" [_thread_in_native, id=3044, stack(0x000000002c350000,0x000000002c450000)]
  0x000000002a7ab800 JavaThread "Thread-625" [_thread_in_native, id=4960, stack(0x0000000030e70000,0x0000000030f70000)]
  0x00000000278a6000 JavaThread "Thread-494" [_thread_in_native, id=7624, stack(0x0000000030ec0000,0x0000000030fc0000)]
  0x00000000278a5000 JavaThread "Thread-493" [_thread_in_native, id=2732, stack(0x00000000303c0000,0x00000000304c0000)]
  0x00000000278a4800 JavaThread "Thread-405" [_thread_in_native, id=8124, stack(0x000000002c370000,0x000000002c470000)]
  0x00000000278a3800 JavaThread "Thread-404" [_thread_in_native, id=6300, stack(0x0000000030310000,0x0000000030410000)]
  0x000000002a6c3000 JavaThread "Thread-61" [_thread_in_native, id=6100, stack(0x0000000030e50000,0x0000000030f50000)]
  0x000000002a6c6800 JavaThread "Thread-60" [_thread_in_native, id=476, stack(0x00000000310e0000,0x00000000311e0000)]
  0x000000002a6c3800 JavaThread "SyntheticaAnimation 50" daemon [_thread_blocked, id=6368, stack(0x000000003a570000,0x000000003aa70000)]
  0x000000002cd69000 JavaThread "Update Runs Swing Worker" [_thread_blocked, id=952, stack(0x0000000034060000,0x0000000034560000)]
  0x000000002cd68800 JavaThread "Refresh Filesets Swing Worker" [_thread_blocked, id=2392, stack(0x0000000035710000,0x0000000035c10000)]
  0x000000002cd63000 JavaThread "SyntheticaAnimation 50" daemon [_thread_blocked, id=7056, stack(0x00000000351d0000,0x00000000356d0000)]
  0x000000002cd66000 JavaThread "Thread-28" [_thread_in_native, id=2304, stack(0x0000000031100000,0x0000000031200000)]
  0x000000002cd65800 JavaThread "Thread-27" [_thread_in_native, id=3488, stack(0x0000000032f30000,0x0000000033030000)]
  0x000000002a7ad800 JavaThread "hw_ila_monitor" [_thread_blocked, id=5476, stack(0x0000000034960000,0x0000000034e60000)]
  0x000000002a7aa800 JavaThread "SyntheticaAnimation 70" daemon [_thread_blocked, id=1432, stack(0x0000000033510000,0x0000000033a10000)]
  0x000000002a7a9000 JavaThread "SyntheticaAnimation 25" daemon [_thread_blocked, id=2120, stack(0x000000002db10000,0x000000002e010000)]
  0x000000002a7a7800 JavaThread "SyntheticaAnimation 50" daemon [_thread_blocked, id=4936, stack(0x00000000326d0000,0x0000000032bd0000)]
  0x000000002a7a7000 JavaThread "Batik CleanerThread" daemon [_thread_blocked, id=4156, stack(0x000000002ea40000,0x000000002ef40000)]
  0x0000000027519800 JavaThread "SyntheticaCleanerThread" daemon [_thread_blocked, id=5832, stack(0x000000002c530000,0x000000002ca30000)]
  0x0000000029f98000 JavaThread "Process Messages" [_thread_blocked, id=3936, stack(0x000000002be40000,0x000000002c340000)]
  0x0000000029f91000 JavaThread "Thread-3" [_thread_in_native, id=4920, stack(0x0000000002ca0000,0x00000000040a0000)]
=>0x0000000029f90800 JavaThread "AWT-EventQueue-0" [_thread_in_native, id=6812, stack(0x000000002af70000,0x000000002b470000)]
  0x0000000027712800 JavaThread "AWT-Windows" daemon [_thread_in_native, id=3456, stack(0x0000000028b40000,0x0000000029040000)]
  0x0000000027711800 JavaThread "AWT-Shutdown" [_thread_blocked, id=332, stack(0x0000000028640000,0x0000000028b40000)]
  0x0000000027770800 JavaThread "Java2D Disposer" daemon [_thread_blocked, id=2524, stack(0x0000000028100000,0x0000000028600000)]
  0x00000000276f3000 JavaThread "TimerQueue" daemon [_thread_blocked, id=5424, stack(0x0000000027b50000,0x0000000028050000)]
  0x000000000e653800 JavaThread "Service Thread" daemon [_thread_blocked, id=4868, stack(0x0000000011230000,0x0000000011730000)]
  0x000000000e608800 JavaThread "C1 CompilerThread2" daemon [_thread_blocked, id=4448, stack(0x0000000011120000,0x0000000011220000)]
  0x000000000e601000 JavaThread "C2 CompilerThread1" daemon [_thread_blocked, id=6560, stack(0x0000000010960000,0x0000000010a60000)]
  0x000000000e5ff800 JavaThread "C2 CompilerThread0" daemon [_thread_blocked, id=4240, stack(0x000000000f500000,0x000000000f600000)]
  0x000000000e60f000 JavaThread "Attach Listener" daemon [_thread_blocked, id=6616, stack(0x0000000010ae0000,0x0000000010fe0000)]
  0x000000000e60d800 JavaThread "Signal Dispatcher" daemon [_thread_blocked, id=6736, stack(0x0000000010410000,0x0000000010910000)]
  0x000000000e5ea000 JavaThread "Finalizer" daemon [_thread_blocked, id=3472, stack(0x000000000fde0000,0x00000000102e0000)]
  0x000000000e5a2000 JavaThread "Reference Handler" daemon [_thread_blocked, id=6692, stack(0x000000000f7f0000,0x000000000fcf0000)]
  0x000000000221a800 JavaThread "main" [_thread_blocked, id=4488, stack(0x000000000be80000,0x000000000bf80000)]

Other Threads:
  0x000000000e59a800 VMThread [stack: 0x000000000f600000,0x000000000f700000] [id=3236]
  0x000000000e67c800 WatcherThread [stack: 0x00000000054b0000,0x00000000055b0000] [id=6060]

VM state:not at safepoint (normal execution)

VM Mutex/Monitor currently owned by a thread: None

Heap:
 PSYoungGen      total 57856K, used 14707K [0x00000007bc400000, 0x00000007c0000000, 0x00000007c0000000)
  eden space 54784K, 25% used [0x00000007bc400000,0x00000007bd18cd70,0x00000007bf980000)
  from space 3072K, 27% used [0x00000007bf980000,0x00000007bfa50000,0x00000007bfc80000)
  to   space 3072K, 0% used [0x00000007bfd00000,0x00000007bfd00000,0x00000007c0000000)
 ParOldGen       total 146944K, used 81779K [0x0000000700000000, 0x0000000708f80000, 0x00000007bc400000)
  object space 146944K, 55% used [0x0000000700000000,0x0000000704fdcf50,0x0000000708f80000)
 Metaspace       used 80619K, capacity 81463K, committed 82048K, reserved 1120256K
  class space    used 11402K, capacity 11559K, committed 11648K, reserved 1048576K

Card table byte_map: [0x000000000c340000,0x000000000c950000] byte_map_base: 0x0000000008b40000

Marking Bits: (ParMarkBitMap*) 0x000000006a39a6d0
 Begin Bits: [0x0000000021280000, 0x0000000024280000)
 End Bits:   [0x0000000024280000, 0x0000000027280000)

Polling page: 0x0000000000750000

CodeCache: size=245760Kb used=74946Kb max_used=74946Kb free=170813Kb
 bounds [0x0000000012280000, 0x0000000016c50000, 0x0000000021280000]
 total_blobs=19911 nmethods=18985 adapters=829
 compilation: enabled

Compilation events (10 events):
Event: 13254.576 Thread 0x000000000e608800 26872       3       javax.swing.tree.VariableHeightLayoutCache$TreeStateNode::removeFromMapping (44 bytes)
Event: 13254.577 Thread 0x000000000e608800 nmethod 26872 0x0000000014cc9d10 code [0x0000000014cc9f00, 0x0000000014ccab18]
Event: 13254.582 Thread 0x000000000e608800 26873       3       ui.data.experiment.w::kS (8 bytes)
Event: 13254.582 Thread 0x000000000e608800 nmethod 26873 0x0000000015457250 code [0x0000000015457400, 0x00000000154578b8]
Event: 13254.582 Thread 0x000000000e608800 26874       3       ui.data.experiment.f::kS (17 bytes)
Event: 13254.583 Thread 0x000000000e608800 nmethod 26874 0x0000000015456a10 code [0x0000000015456bc0, 0x0000000015456fe8]
Event: 13254.583 Thread 0x000000000e608800 26875       3       ui.views.O.a::b (16 bytes)
Event: 13254.584 Thread 0x000000000e608800 nmethod 26875 0x0000000015fa25d0 code [0x0000000015fa27e0, 0x0000000015fa3288]
Event: 13254.584 Thread 0x000000000e608800 26876       3       ui.views.O.e::<init> (15 bytes)
Event: 13254.585 Thread 0x000000000e608800 nmethod 26876 0x0000000013d01690 code [0x0000000013d017e0, 0x0000000013d019d0]

GC Heap History (10 events):
Event: 13240.602 GC heap before
{Heap before GC invocations=1835 (full 226):
 PSYoungGen      total 57856K, used 1919K [0x00000007bc400000, 0x00000007c0000000, 0x00000007c0000000)
  eden space 54272K, 0% used [0x00000007bc400000,0x00000007bc400000,0x00000007bf900000)
  from space 3584K, 53% used [0x00000007bf900000,0x00000007bfadfe28,0x00000007bfc80000)
  to   space 3584K, 0% used [0x00000007bfc80000,0x00000007bfc80000,0x00000007c0000000)
 ParOldGen       total 146944K, used 82161K [0x0000000700000000, 0x0000000708f80000, 0x00000007bc400000)
  object space 146944K, 55% used [0x0000000700000000,0x000000070503c4f8,0x0000000708f80000)
 Metaspace       used 80602K, capacity 81463K, committed 82048K, reserved 1120256K
  class space    used 11401K, capacity 11559K, committed 11648K, reserved 1048576K
Event: 13240.790 GC heap after
Heap after GC invocations=1835 (full 226):
 PSYoungGen      total 57856K, used 0K [0x00000007bc400000, 0x00000007c0000000, 0x00000007c0000000)
  eden space 54272K, 0% used [0x00000007bc400000,0x00000007bc400000,0x00000007bf900000)
  from space 3584K, 0% used [0x00000007bf900000,0x00000007bf900000,0x00000007bfc80000)
  to   space 3584K, 0% used [0x00000007bfc80000,0x00000007bfc80000,0x00000007c0000000)
 ParOldGen       total 146944K, used 81755K [0x0000000700000000, 0x0000000708f80000, 0x00000007bc400000)
  object space 146944K, 55% used [0x0000000700000000,0x0000000704fd6f50,0x0000000708f80000)
 Metaspace       used 80602K, capacity 81463K, committed 82048K, reserved 1120256K
  class space    used 11401K, capacity 11559K, committed 11648K, reserved 1048576K
}
Event: 13243.870 GC heap before
{Heap before GC invocations=1836 (full 226):
 PSYoungGen      total 57856K, used 54272K [0x00000007bc400000, 0x00000007c0000000, 0x00000007c0000000)
  eden space 54272K, 100% used [0x00000007bc400000,0x00000007bf900000,0x00000007bf900000)
  from space 3584K, 0% used [0x00000007bf900000,0x00000007bf900000,0x00000007bfc80000)
  to   space 3584K, 0% used [0x00000007bfc80000,0x00000007bfc80000,0x00000007c0000000)
 ParOldGen       total 146944K, used 81755K [0x0000000700000000, 0x0000000708f80000, 0x00000007bc400000)
  object space 146944K, 55% used [0x0000000700000000,0x0000000704fd6f50,0x0000000708f80000)
 Metaspace       used 80609K, capacity 81463K, committed 82048K, reserved 1120256K
  class space    used 11401K, capacity 11559K, committed 11648K, reserved 1048576K
Event: 13243.875 GC heap after
Heap after GC invocations=1836 (full 226):
 PSYoungGen      total 57856K, used 320K [0x00000007bc400000, 0x00000007c0000000, 0x00000007c0000000)
  eden space 54272K, 0% used [0x00000007bc400000,0x00000007bc400000,0x00000007bf900000)
  from space 3584K, 8% used [0x00000007bfc80000,0x00000007bfcd0000,0x00000007c0000000)
  to   space 3584K, 0% used [0x00000007bf900000,0x00000007bf900000,0x00000007bfc80000)
 ParOldGen       total 146944K, used 81755K [0x0000000700000000, 0x0000000708f80000, 0x00000007bc400000)
  object space 146944K, 55% used [0x0000000700000000,0x0000000704fd6f50,0x0000000708f80000)
 Metaspace       used 80609K, capacity 81463K, committed 82048K, reserved 1120256K
  class space    used 11401K, capacity 11559K, committed 11648K, reserved 1048576K
}
Event: 13248.529 GC heap before
{Heap before GC invocations=1837 (full 226):
 PSYoungGen      total 57856K, used 54592K [0x00000007bc400000, 0x00000007c0000000, 0x00000007c0000000)
  eden space 54272K, 100% used [0x00000007bc400000,0x00000007bf900000,0x00000007bf900000)
  from space 3584K, 8% used [0x00000007bfc80000,0x00000007bfcd0000,0x00000007c0000000)
  to   space 3584K, 0% used [0x00000007bf900000,0x00000007bf900000,0x00000007bfc80000)
 ParOldGen       total 146944K, used 81755K [0x0000000700000000, 0x0000000708f80000, 0x00000007bc400000)
  object space 146944K, 55% used [0x0000000700000000,0x0000000704fd6f50,0x0000000708f80000)
 Metaspace       used 80609K, capacity 81463K, committed 82048K, reserved 1120256K
  class space    used 11401K, capacity 11559K, committed 11648K, reserved 1048576K
Event: 13248.534 GC heap after
Heap after GC invocations=1837 (full 226):
 PSYoungGen      total 57856K, used 352K [0x00000007bc400000, 0x00000007c0000000, 0x00000007c0000000)
  eden space 54272K, 0% used [0x00000007bc400000,0x00000007bc400000,0x00000007bf900000)
  from space 3584K, 9% used [0x00000007bf900000,0x00000007bf958000,0x00000007bfc80000)
  to   space 3584K, 0% used [0x00000007bfc80000,0x00000007bfc80000,0x00000007c0000000)
 ParOldGen       total 146944K, used 81779K [0x0000000700000000, 0x0000000708f80000, 0x00000007bc400000)
  object space 146944K, 55% used [0x0000000700000000,0x0000000704fdcf50,0x0000000708f80000)
 Metaspace       used 80609K, capacity 81463K, committed 82048K, reserved 1120256K
  class space    used 11401K, capacity 11559K, committed 11648K, reserved 1048576K
}
Event: 13251.772 GC heap before
{Heap before GC invocations=1838 (full 226):
 PSYoungGen      total 57856K, used 54624K [0x00000007bc400000, 0x00000007c0000000, 0x00000007c0000000)
  eden space 54272K, 100% used [0x00000007bc400000,0x00000007bf900000,0x00000007bf900000)
  from space 3584K, 9% used [0x00000007bf900000,0x00000007bf958000,0x00000007bfc80000)
  to   space 3584K, 0% used [0x00000007bfc80000,0x00000007bfc80000,0x00000007c0000000)
 ParOldGen       total 146944K, used 81779K [0x0000000700000000, 0x0000000708f80000, 0x00000007bc400000)
  object space 146944K, 55% used [0x0000000700000000,0x0000000704fdcf50,0x0000000708f80000)
 Metaspace       used 80614K, capacity 81463K, committed 82048K, reserved 1120256K
  class space    used 11401K, capacity 11559K, committed 11648K, reserved 1048576K
Event: 13251.776 GC heap after
Heap after GC invocations=1838 (full 226):
 PSYoungGen      total 58368K, used 672K [0x00000007bc400000, 0x00000007c0000000, 0x00000007c0000000)
  eden space 54784K, 0% used [0x00000007bc400000,0x00000007bc400000,0x00000007bf980000)
  from space 3584K, 18% used [0x00000007bfc80000,0x00000007bfd28000,0x00000007c0000000)
  to   space 3072K, 0% used [0x00000007bf980000,0x00000007bf980000,0x00000007bfc80000)
 ParOldGen       total 146944K, used 81779K [0x0000000700000000, 0x0000000708f80000, 0x00000007bc400000)
  object space 146944K, 55% used [0x0000000700000000,0x0000000704fdcf50,0x0000000708f80000)
 Metaspace       used 80614K, capacity 81463K, committed 82048K, reserved 1120256K
  class space    used 11401K, capacity 11559K, committed 11648K, reserved 1048576K
}
Event: 13254.516 GC heap before
{Heap before GC invocations=1839 (full 226):
 PSYoungGen      total 58368K, used 55456K [0x00000007bc400000, 0x00000007c0000000, 0x00000007c0000000)
  eden space 54784K, 100% used [0x00000007bc400000,0x00000007bf980000,0x00000007bf980000)
  from space 3584K, 18% used [0x00000007bfc80000,0x00000007bfd28000,0x00000007c0000000)
  to   space 3072K, 0% used [0x00000007bf980000,0x00000007bf980000,0x00000007bfc80000)
 ParOldGen       total 146944K, used 81779K [0x0000000700000000, 0x0000000708f80000, 0x00000007bc400000)
  object space 146944K, 55% used [0x0000000700000000,0x0000000704fdcf50,0x0000000708f80000)
 Metaspace       used 80617K, capacity 81463K, committed 82048K, reserved 1120256K
  class space    used 11402K, capacity 11559K, committed 11648K, reserved 1048576K
Event: 13254.521 GC heap after
Heap after GC invocations=1839 (full 226):
 PSYoungGen      total 57856K, used 832K [0x00000007bc400000, 0x00000007c0000000, 0x00000007c0000000)
  eden space 54784K, 0% used [0x00000007bc400000,0x00000007bc400000,0x00000007bf980000)
  from space 3072K, 27% used [0x00000007bf980000,0x00000007bfa50000,0x00000007bfc80000)
  to   space 3072K, 0% used [0x00000007bfd00000,0x00000007bfd00000,0x00000007c0000000)
 ParOldGen       total 146944K, used 81779K [0x0000000700000000, 0x0000000708f80000, 0x00000007bc400000)
  object space 146944K, 55% used [0x0000000700000000,0x0000000704fdcf50,0x0000000708f80000)
 Metaspace       used 80617K, capacity 81463K, committed 82048K, reserved 1120256K
  class space    used 11402K, capacity 11559K, committed 11648K, reserved 1048576K
}

Deoptimization events (10 events):
Event: 12996.436 Thread 0x0000000029f90800 Uncommon trap: reason=class_check action=maybe_recompile pc=0x0000000014477f88 method=javax.swing.plaf.basic.BasicPopupMenuUI$MouseGrabber.eventDispatched(Ljava/awt/AWTEvent;)V @ 197
Event: 12996.443 Thread 0x0000000029f90800 Uncommon trap: reason=class_check action=maybe_recompile pc=0x0000000014477f88 method=javax.swing.plaf.basic.BasicPopupMenuUI$MouseGrabber.eventDispatched(Ljava/awt/AWTEvent;)V @ 197
Event: 13049.034 Thread 0x0000000029f90800 Uncommon trap: reason=unstable_if action=reinterpret pc=0x0000000016518308 method=ui.views.waveform.executive.protobuf.WVPrefs$WVColoredObject$Builder.maybeForceBuilderInitialization()V @ 3
Event: 13073.738 Thread 0x0000000029f90800 Uncommon trap: reason=class_check action=maybe_recompile pc=0x0000000016034f80 method=sun.java2d.pipe.SpanShapeRenderer.fill(Lsun/java2d/SunGraphics2D;Ljava/awt/Shape;)V @ 1
Event: 13147.240 Thread 0x0000000029f90800 Uncommon trap: reason=bimorphic action=maybe_recompile pc=0x0000000016354af8 method=com.jidesoft.plaf.basic.BasicJideTabbedPaneUI.setVisibleComponent(Ljava/awt/Component;)V @ 50
Event: 13150.941 Thread 0x0000000029f90800 Uncommon trap: reason=null_check action=make_not_entrant pc=0x0000000013a78810 method=javax.swing.text.GapContent$MarkData.getPosition()Ljavax/swing/text/GapContent$StickyPosition; @ 4
Event: 13152.329 Thread 0x0000000029f90800 Uncommon trap: reason=null_check action=make_not_entrant pc=0x0000000015ef4f20 method=java.awt.Component.requestFocusHelper(ZZLsun/awt/CausedFocusEvent$Cause;)Z @ 7
Event: 13231.767 Thread 0x0000000029f90800 Uncommon trap: reason=unstable_if action=reinterpret pc=0x0000000015be2ff4 method=ui.utils.lnf.HSyntheticaJideTabbedPaneUI.paintText(Ljava/awt/Graphics;ILjava/awt/Font;Ljava/awt/FontMetrics;ILjava/lang/String;Ljava/awt/Rectangle;Z)V @ 128
Event: 13233.688 Thread 0x0000000029f90800 Uncommon trap: reason=unstable_if action=reinterpret pc=0x00000000154a86a8 method=ui.utils.o.h.b.f(Ljava/awt/Rectangle;Ljava/awt/Rectangle;)Z @ 39
Event: 13233.688 Thread 0x0000000029f90800 Uncommon trap: reason=unstable_if action=reinterpret pc=0x000000001328b688 method=ui.utils.o.h.b.f(Ljava/awt/Rectangle;Ljava/awt/Rectangle;)Z @ 39

Internal exceptions (10 events):
Event: 11525.154 Thread 0x000000002a976000 Exception <a 'java/lang/InterruptedException': sleep interrupted> (0x00000007bd87bba8) thrown at [C:\re\workspace\8-2-build-windows-amd64-cygwin\jdk8u112\7884\hotspot\src\share\vm\prims\jvm.cpp, line 3228]
Event: 11528.531 Thread 0x000000002a973000 Exception <a 'java/lang/InterruptedException': sleep interrupted> (0x00000007bc4d52c0) thrown at [C:\re\workspace\8-2-build-windows-amd64-cygwin\jdk8u112\7884\hotspot\src\share\vm\prims\jvm.cpp, line 3180]
Event: 11818.624 Thread 0x000000002a977800 Exception <a 'java/lang/InterruptedException': sleep interrupted> (0x00000007bccedd40) thrown at [C:\re\workspace\8-2-build-windows-amd64-cygwin\jdk8u112\7884\hotspot\src\share\vm\prims\jvm.cpp, line 3180]
Event: 11824.436 Thread 0x0000000029f90800 Implicit null exception at 0x0000000013a4694c to 0x0000000013a473ad
Event: 12052.678 Thread 0x000000002a973000 Exception <a 'java/lang/InterruptedException': sleep interrupted> (0x00000007bcc6b190) thrown at [C:\re\workspace\8-2-build-windows-amd64-cygwin\jdk8u112\7884\hotspot\src\share\vm\prims\jvm.cpp, line 3180]
Event: 12252.705 Thread 0x0000000027458000 Exception <a 'java/lang/InterruptedException': sleep interrupted> (0x00000007bc7656c8) thrown at [C:\re\workspace\8-2-build-windows-amd64-cygwin\jdk8u112\7884\hotspot\src\share\vm\prims\jvm.cpp, line 3180]
Event: 12286.981 Thread 0x00000000118bf000 Exception <a 'java/lang/InterruptedException': sleep interrupted> (0x00000007bc778ee0) thrown at [C:\re\workspace\8-2-build-windows-amd64-cygwin\jdk8u112\7884\hotspot\src\share\vm\prims\jvm.cpp, line 3180]
Event: 12298.736 Thread 0x00000000118bf000 Exception <a 'java/lang/InterruptedException': sleep interrupted> (0x00000007bc51e910) thrown at [C:\re\workspace\8-2-build-windows-amd64-cygwin\jdk8u112\7884\hotspot\src\share\vm\prims\jvm.cpp, line 3180]
Event: 13150.941 Thread 0x0000000029f90800 Implicit null exception at 0x0000000013a73197 to 0x0000000013a787dd
Event: 13152.329 Thread 0x0000000029f90800 Implicit null exception at 0x0000000015ef18a5 to 0x0000000015ef4f05

Events (10 events):
Event: 13253.575 Executing VM operation: BulkRevokeBias done
Event: 13253.576 Thread 0x000000002a08f800 Thread added: 0x000000002a08f800
Event: 13253.578 Executing VM operation: RevokeBias
Event: 13253.579 Executing VM operation: RevokeBias done
Event: 13253.579 Executing VM operation: RevokeBias
Event: 13253.579 Executing VM operation: RevokeBias done
Event: 13253.579 Executing VM operation: RevokeBias
Event: 13253.579 Executing VM operation: RevokeBias done
Event: 13254.515 Executing VM operation: ParallelGCFailedAllocation
Event: 13254.521 Executing VM operation: ParallelGCFailedAllocation done


Dynamic libraries:
0x000000013f120000 - 0x000000013f150000 	C:\Xilinx\Vivado\2017.4\bin\unwrapped\win64.o\vivado.exe
0x0000000077280000 - 0x000000007742a000 	C:\Windows\SYSTEM32\ntdll.dll
0x0000000077160000 - 0x000000007727f000 	C:\Windows\system32\kernel32.dll
0x000007fefd1d0000 - 0x000007fefd23a000 	C:\Windows\system32\KERNELBASE.dll
0x000007fef7fc0000 - 0x000007fef7fd4000 	C:\Xilinx\Vivado\2017.4\lib\win64.o\libboost_signals.dll
0x000007fef8290000 - 0x000007fef832d000 	C:\Windows\system32\MSVCP140.dll
0x000007fefae10000 - 0x000007fefae27000 	C:\Windows\system32\VCRUNTIME140.dll
0x000007fefadb0000 - 0x000007fefadb4000 	C:\Windows\system32\api-ms-win-crt-runtime-l1-1-0.dll
0x000007fef80e0000 - 0x000007fef81d4000 	C:\Windows\system32\ucrtbase.DLL
0x000007fef8280000 - 0x000007fef8283000 	C:\Windows\system32\api-ms-win-core-timezone-l1-1-0.dll
0x000007fef80d0000 - 0x000007fef80d3000 	C:\Windows\system32\api-ms-win-core-file-l2-1-0.dll
0x000007fef80c0000 - 0x000007fef80c3000 	C:\Windows\system32\api-ms-win-core-localization-l1-2-0.dll
0x000007fefc080000 - 0x000007fefc083000 	C:\Windows\system32\api-ms-win-core-synch-l1-2-0.dll
0x000007fef80b0000 - 0x000007fef80b3000 	C:\Windows\system32\api-ms-win-core-processthreads-l1-1-1.dll
0x000007fef80a0000 - 0x000007fef80a3000 	C:\Windows\system32\api-ms-win-core-file-l1-2-0.dll
0x000007fef8090000 - 0x000007fef8094000 	C:\Windows\system32\api-ms-win-crt-string-l1-1-0.dll
0x000007fef8080000 - 0x000007fef8083000 	C:\Windows\system32\api-ms-win-crt-heap-l1-1-0.dll
0x000007fef8070000 - 0x000007fef8074000 	C:\Windows\system32\api-ms-win-crt-stdio-l1-1-0.dll
0x000007fef8060000 - 0x000007fef8064000 	C:\Windows\system32\api-ms-win-crt-convert-l1-1-0.dll
0x000007fef8050000 - 0x000007fef8053000 	C:\Windows\system32\api-ms-win-crt-locale-l1-1-0.dll
0x000007fef8040000 - 0x000007fef8045000 	C:\Windows\system32\api-ms-win-crt-math-l1-1-0.dll
0x000007fef8030000 - 0x000007fef8035000 	C:\Windows\system32\api-ms-win-crt-multibyte-l1-1-0.dll
0x000007fef8020000 - 0x000007fef8023000 	C:\Windows\system32\api-ms-win-crt-time-l1-1-0.dll
0x000007fef8010000 - 0x000007fef8013000 	C:\Windows\system32\api-ms-win-crt-filesystem-l1-1-0.dll
0x000007fef8000000 - 0x000007fef8003000 	C:\Windows\system32\api-ms-win-crt-environment-l1-1-0.dll
0x000007fef7ff0000 - 0x000007fef7ff3000 	C:\Windows\system32\api-ms-win-crt-utility-l1-1-0.dll
0x000007fee7a60000 - 0x000007fee8706000 	C:\Xilinx\Vivado\2017.4\lib\win64.o\librdi_common.dll
0x000007fef7870000 - 0x000007fef7bde000 	C:\Xilinx\Vivado\2017.4\lib\win64.o\libCOIN-all.dll
0x000007fef75b0000 - 0x000007fef7865000 	C:\Xilinx\Vivado\2017.4\lib\win64.o\libXil_lmgr11.dll
0x0000000077060000 - 0x000000007715a000 	C:\Windows\system32\USER32.dll
0x000007feff310000 - 0x000007feff377000 	C:\Windows\system32\GDI32.dll
0x000007fefd400000 - 0x000007fefd40e000 	C:\Windows\system32\LPK.dll
0x000007feff240000 - 0x000007feff30b000 	C:\Windows\system32\USP10.dll
0x000007fefe5f0000 - 0x000007fefe68f000 	C:\Windows\system32\msvcrt.dll
0x000007fefad80000 - 0x000007fefad96000 	C:\Windows\system32\NETAPI32.dll
0x000007fefad70000 - 0x000007fefad7c000 	C:\Windows\system32\netutils.dll
0x000007fefca90000 - 0x000007fefcab3000 	C:\Windows\system32\srvcli.dll
0x000007fefe7d0000 - 0x000007fefe8fd000 	C:\Windows\system32\RPCRT4.dll
0x000007fefad50000 - 0x000007fefad65000 	C:\Windows\system32\wkscli.dll
0x000007fefe690000 - 0x000007fefe727000 	C:\Windows\system32\COMDLG32.dll
0x000007feff380000 - 0x000007feff3f1000 	C:\Windows\system32\SHLWAPI.dll
0x000007fef9330000 - 0x000007fef93d0000 	C:\Windows\WinSxS\amd64_microsoft.windows.common-controls_6595b64144ccf1df_5.82.7601.18837_none_a4d981ff711297b6\COMCTL32.dll
0x000007fefe200000 - 0x000007fefe2db000 	C:\Windows\system32\ADVAPI32.dll
0x000007fefe3d0000 - 0x000007fefe3ef000 	C:\Windows\SYSTEM32\sechost.dll
0x000007fefd410000 - 0x000007fefe19a000 	C:\Windows\system32\SHELL32.dll
0x000007fef1040000 - 0x000007fef1049000 	C:\Windows\system32\WSOCK32.dll
0x000007feff1f0000 - 0x000007feff23d000 	C:\Windows\system32\WS2_32.dll
0x000007fefe3c0000 - 0x000007fefe3c8000 	C:\Windows\system32\NSI.dll
0x000007fefe2e0000 - 0x000007fefe3ba000 	C:\Windows\system32\OLEAUT32.dll
0x000007fefe3f0000 - 0x000007fefe5ec000 	C:\Windows\system32\ole32.dll
0x000007fef9d50000 - 0x000007fef9d68000 	C:\Windows\system32\dhcpcsvc.DLL
0x000007fef7fb0000 - 0x000007fef7fb3000 	C:\Windows\system32\api-ms-win-crt-conio-l1-1-0.dll
0x000007fefd360000 - 0x000007fefd39b000 	C:\Windows\system32\WINTRUST.dll
0x000007fefd060000 - 0x000007fefd1cd000 	C:\Windows\system32\CRYPT32.dll
0x000007fefd050000 - 0x000007fefd05f000 	C:\Windows\system32\MSASN1.dll
0x000007fef7f90000 - 0x000007fef7fa4000 	C:\Xilinx\Vivado\2017.4\lib\win64.o\libboost_date_time.dll
0x000007fef7ed0000 - 0x000007fef7ef6000 	C:\Xilinx\Vivado\2017.4\lib\win64.o\libboost_filesystem.dll
0x000007fef7f80000 - 0x000007fef7f8b000 	C:\Xilinx\Vivado\2017.4\lib\win64.o\libboost_system.dll
0x000007fef7e50000 - 0x000007fef7ecf000 	C:\Xilinx\Vivado\2017.4\lib\win64.o\libboost_program_options.dll
0x000007feeeda0000 - 0x000007feeeeb4000 	C:\Xilinx\Vivado\2017.4\lib\win64.o\libboost_regex.dll
0x000007fef7e20000 - 0x000007fef7e41000 	C:\Xilinx\Vivado\2017.4\lib\win64.o\libboost_thread.dll
0x000007fef7e10000 - 0x000007fef7e1d000 	C:\Xilinx\Vivado\2017.4\lib\win64.o\libboost_chrono.dll
0x000007fef7e00000 - 0x000007fef7e0f000 	C:\Xilinx\Vivado\2017.4\lib\win64.o\libboost_xilinx.dll
0x000007fef7d70000 - 0x000007fef7df2000 	C:\Xilinx\Vivado\2017.4\lib\win64.o\libhdlpsolve.dll
0x000007fef0e20000 - 0x000007fef0ec5000 	C:\Xilinx\Vivado\2017.4\lib\win64.o\libhdxml.dll
0x000007fee9780000 - 0x000007fee9d6b400 	C:\Xilinx\Vivado\2017.4\lib\win64.o\libisl_iostreams.dll
0x000007fef7590000 - 0x000007fef75ab000 	C:\Xilinx\Vivado\2017.4\lib\win64.o\libboost_iostreams.dll
0x000007fef0df0000 - 0x000007fef0e11000 	C:\Xilinx\Vivado\2017.4\lib\win64.o\librdizlib.dll
0x000007fef0ca0000 - 0x000007fef0cc5000 	C:\Xilinx\Vivado\2017.4\lib\win64.o\libisl_iosutils.dll
0x000007fef0c70000 - 0x000007fef0c9e000 	C:\Xilinx\Vivado\2017.4\lib\win64.o\libisl_sysinfo.dll
0x0000000069b80000 - 0x000000006a41a000 	C:\Xilinx\Vivado\2017.4\tps\win64\jre\bin\server\jvm.dll
0x000007fef92d0000 - 0x000007fef930b000 	C:\Windows\system32\WINMM.dll
0x000007fefcf70000 - 0x000007fefcf7c000 	C:\Windows\system32\VERSION.dll
0x0000000077440000 - 0x0000000077447000 	C:\Windows\system32\PSAPI.DLL
0x0000000069aa0000 - 0x0000000069b72000 	C:\Windows\system32\MSVCR100.dll
0x000007fef01e0000 - 0x000007fef0245000 	C:\Xilinx\Vivado\2017.4\lib\win64.o\liblmx6.0.dll
0x000007fef0dd0000 - 0x000007fef0de5000 	C:\Xilinx\Vivado\2017.4\lib\win64.o\pthreadVC2.dll
0x000007feed280000 - 0x000007feed354000 	C:\Windows\system32\MSVCR110.dll
0x000007feec4d0000 - 0x000007feec5d0000 	C:\Xilinx\Vivado\2017.4\lib\win64.o\librdi_commonxillic.dll
0x000007feeb320000 - 0x000007feeb471000 	C:\Xilinx\Vivado\2017.4\lib\win64.o\librdi_curl.dll
0x000007fef0c50000 - 0x000007fef0c6c000 	C:\Xilinx\Vivado\2017.4\lib\win64.o\librdiconfig.dll
0x0000000069970000 - 0x0000000069a9b000 	C:\Xilinx\Vivado\2017.4\lib\win64.o\tcl85t.dll
0x0000000012000000 - 0x0000000012272000 	C:\Xilinx\Vivado\2017.4\lib\win64.o\xerces-c_3_1.dll
0x000007fefeb10000 - 0x000007fefed6a000 	C:\Windows\system32\WININET.dll
0x000007fefd290000 - 0x000007fefd294000 	C:\Windows\system32\api-ms-win-downlevel-user32-l1-1-0.dll
0x000007fefd3c0000 - 0x000007fefd3c4000 	C:\Windows\system32\api-ms-win-downlevel-shlwapi-l1-1-0.dll
0x000007fefd3b0000 - 0x000007fefd3b4000 	C:\Windows\system32\api-ms-win-downlevel-version-l1-1-0.dll
0x000007fefd3a0000 - 0x000007fefd3a3000 	C:\Windows\system32\api-ms-win-downlevel-normaliz-l1-1-0.dll
0x0000000077450000 - 0x0000000077453000 	C:\Windows\system32\normaliz.DLL
0x000007fefed70000 - 0x000007feff037000 	C:\Windows\system32\iertutil.dll
0x000007fefd3f0000 - 0x000007fefd3f5000 	C:\Windows\system32\api-ms-win-downlevel-advapi32-l1-1-0.dll
0x000007fefd3d0000 - 0x000007fefd3ee000 	C:\Windows\system32\USERENV.dll
0x000007fefd040000 - 0x000007fefd04f000 	C:\Windows\system32\profapi.dll
0x000007fefa9d0000 - 0x000007fefaa41000 	C:\Windows\system32\WINHTTP.dll
0x000007fefa960000 - 0x000007fefa9c4000 	C:\Windows\system32\webio.dll
0x000007feff400000 - 0x000007feff585000 	C:\Windows\system32\urlmon.dll
0x000007fefd240000 - 0x000007fefd244000 	C:\Windows\system32\api-ms-win-downlevel-ole32-l1-1-0.dll
0x000007fee6bc0000 - 0x000007fee7a51000 	C:\Xilinx\Vivado\2017.4\lib\win64.o\gurobi65.dll
0x000007feef920000 - 0x000007feef94e000 	C:\Windows\system32\VCOMP140.DLL
0x000007feeed80000 - 0x000007feeed94000 	C:\Xilinx\Vivado\2017.4\lib\win64.o\librdi_commonmain.dll
0x000007fef2820000 - 0x000007fef282a000 	C:\Xilinx\Vivado\2017.4\lib\win64.o\librdi_commonversion.dll
0x000007fefeae0000 - 0x000007fefeb0e000 	C:\Windows\system32\IMM32.DLL
0x000007feff0e0000 - 0x000007feff1e9000 	C:\Windows\system32\MSCTF.dll
0x000007fefcf80000 - 0x000007fefcfb0000 	C:\Windows\system32\nvinitx.dll
0x0000000073d70000 - 0x0000000073d76000 	C:\Program Files\NVIDIA Corporation\CoProcManager\detoured.dll
0x000007fef9d00000 - 0x000007fef9d38000 	C:\Program Files\NVIDIA Corporation\CoProcManager\nvd3d9wrapx.dll
0x000007fefe900000 - 0x000007fefead7000 	C:\Windows\system32\SETUPAPI.dll
0x000007fefd250000 - 0x000007fefd286000 	C:\Windows\system32\CFGMGR32.dll
0x000007fefd340000 - 0x000007fefd35a000 	C:\Windows\system32\DEVOBJ.dll
0x000007fef9cd0000 - 0x000007fef9cf4000 	C:\Program Files\NVIDIA Corporation\CoProcManager\nvdxgiwrapx.dll
0x000007fee6730000 - 0x000007fee6bba000 	C:\Xilinx\Vivado\2017.4\lib\win64.o\librdi_commontasks.dll
0x000007feeab70000 - 0x000007feeadaf000 	C:\Xilinx\Vivado\2017.4\lib\win64.o\librdi_sio.dll
0x000007fef9fe0000 - 0x000007fefa007000 	C:\Windows\system32\IPHLPAPI.DLL
0x000007fef9fd0000 - 0x000007fef9fdb000 	C:\Windows\system32\WINNSI.DLL
0x000007fed66e0000 - 0x000007fed8845000 	C:\Xilinx\Vivado\2017.4\lib\win64.o\librdi_tcltasks.dll
0x000007fee63c0000 - 0x000007fee6726000 	C:\Xilinx\Vivado\2017.4\lib\win64.o\librdi_bitstream.dll
0x000007feca140000 - 0x000007fed66d2000 	C:\Xilinx\Vivado\2017.4\lib\win64.o\librdi_device.dll
0x000007feeed30000 - 0x000007feeed7c000 	C:\Xilinx\Vivado\2017.4\lib\win64.o\libboost_serialization.dll
0x000007fec9680000 - 0x000007feca133000 	C:\Xilinx\Vivado\2017.4\lib\win64.o\libverific.dll
0x000007feeb1a0000 - 0x000007feeb319000 	C:\Xilinx\Vivado\2017.4\lib\win64.o\librdi_board.dll
0x000007feed210000 - 0x000007feed27a000 	C:\Xilinx\Vivado\2017.4\lib\win64.o\librdi_boarddep.dll
0x000007fec9430000 - 0x000007fec9676000 	C:\Xilinx\Vivado\2017.4\lib\win64.o\librdi_chipscope.dll
0x000007fec7d20000 - 0x000007fec942b000 	C:\Xilinx\Vivado\2017.4\lib\win64.o\librdi_constraints.dll
0x000007fec7770000 - 0x000007fec7d20000 	C:\Xilinx\Vivado\2017.4\lib\win64.o\librdi_filemgmt.dll
0x000007feec460000 - 0x000007feec4cb000 	C:\Xilinx\Vivado\2017.4\lib\win64.o\librdi_hip_devdesign.dll
0x000007feee6e0000 - 0x000007feee722000 	C:\Xilinx\Vivado\2017.4\lib\win64.o\librdi_ipconfig_readwrite.dll
0x000007fec72d0000 - 0x000007fec7763000 	C:\Xilinx\Vivado\2017.4\lib\win64.o\librdi_netlist.dll
0x000007feec620000 - 0x000007feec64f000 	C:\Xilinx\Vivado\2017.4\lib\win64.o\librdi_noc_frameworks.dll

VM Arguments:
jvm_args: -Dsun.java2d.pmoffscreen=false -Dsun.java2d.xrender=false -Dsun.java2d.d3d=false -Dsun.awt.nopixfmt=true -Xverify:none -Dswing.aatext=true -XX:-UsePerfData -Djdk.map.althashing.threshold=512 -XX:StringTableSize=4072 -XX:NewSize=60m -XX:MaxNewSize=60m -Xms128m -Xmx3072m -Xss5m 
java_command: <unknown>
java_class_path (initial): C:/Xilinx/Vivado/2017.4\lib\classes\alloy.jar;C:/Xilinx/Vivado/2017.4\lib\classes\autopilot.scelaborator.jar;C:/Xilinx/Vivado/2017.4\lib\classes\autopilot.sourceprocessor.jar;C:/Xilinx/Vivado/2017.4\lib\classes\autopilot.tbprocessor.jar;C:/Xilinx/Vivado/2017.4\lib\classes\batik-anim.jar;C:/Xilinx/Vivado/2017.4\lib\classes\batik-awt-util.jar;C:/Xilinx/Vivado/2017.4\lib\classes\batik-bridge.jar;C:/Xilinx/Vivado/2017.4\lib\classes\batik-codec.jar;C:/Xilinx/Vivado/2017.4\lib\classes\batik-css.jar;C:/Xilinx/Vivado/2017.4\lib\classes\batik-dom.jar;C:/Xilinx/Vivado/2017.4\lib\classes\batik-ext.jar;C:/Xilinx/Vivado/2017.4\lib\classes\batik-gui-util.jar;C:/Xilinx/Vivado/2017.4\lib\classes\batik-gvt.jar;C:/Xilinx/Vivado/2017.4\lib\classes\batik-parser.jar;C:/Xilinx/Vivado/2017.4\lib\classes\batik-script.jar;C:/Xilinx/Vivado/2017.4\lib\classes\batik-svg-dom.jar;C:/Xilinx/Vivado/2017.4\lib\classes\batik-swing.jar;C:/Xilinx/Vivado/2017.4\lib\classes\batik-transcoder.jar;C:/Xilinx/Vivado/2017.4\lib\classes\batik-util.jar;C:/Xilinx/Vivado/2017.4\lib\classes\batik-xml.jar;C:/Xilinx/Vivado/2017.4\lib\classes\com.ibm.icu_4.4.2.v20110208.jar;C:/Xilinx/Vivado/2017.4\lib\classes\commons-math-2.2.jar;C:/Xilinx/Vivado/2017.4\lib\classes\dom4j-1.6.1.jar;C:/Xilinx/Vivado/2017.4\lib\classes\guava-18.0.jar;C:/Xilinx/Vivado/2017.4\lib\classes\help.jar;C:/Xilinx/Vivado/2017.4\lib\classes\hsqldb.jar;C:/Xilinx/Vivado/2017.4\lib\classes\jargs.jar;C:/Xilinx/Vivado/2017.4\lib\classes\jh.jar;C:/Xilinx/Vivado/2017.4\lib\classes\jide-action.jar;C:/Xilinx/Vivado/2017.4\lib\classes\jide-charts.jar;C:/Xilinx/Vivado/2017.4\lib\classes\jide-common.jar;C:/Xilinx/Vivado/2017.4\lib\classes\jide-components.jar;C:/Xilinx/Vivado/2017.4\lib\classes\jide-dashboard.jar;C:/Xilinx/Vivado/2017.4\lib\classes\jide-data.jar;C:/Xilinx/Vivado/2017.4\lib\classes\jide-dialogs.jar;C:/Xilinx/Vivado/2017.4\lib\classes\jide-diff.jar;C:/Xilinx/Vivado/2017.4\lib\classes\jide-dock.jar;C:/Xilinx/Vivado/20
Launcher Type: generic

Environment Variables:
PATH=C:/Xilinx/Vivado/2017.4/bin;C:/Xilinx/Vivado/2017.4/lib/win64.o;C:/Xilinx/Vivado/2017.4/tps/win64/jre/bin/server;C:/Xilinx/Vivado/2017.4/tps/win64/jre/bin;C:/Xilinx/Vivado/2017.4/ids_lite/ISE/bin/nt64;C:/Xilinx/Vivado/2017.4/ids_lite/ISE/lib/nt64;C:\Windows\system32;C:\Windows;C:\Windows\System32\Wbem;C:\Windows\System32\WindowsPowerShell\v1.0\;C:\Program Files (x86)\NVIDIA Corporation\PhysX\Common;C:/Xilinx/Vivado/2017.4\tps\mingw\6.2.0\win64.o\nt\bin;C:/Xilinx/Vivado/2017.4\tps\mingw\6.2.0\win64.o\nt\libexec\gcc\x86_64-w64-mingw32\6.2.0
USERNAME=qb
OS=Windows_NT
PROCESSOR_IDENTIFIER=Intel64 Family 6 Model 42 Stepping 7, GenuineIntel



---------------  S Y S T E M  ---------------

OS: Windows 7 , 64 bit Build 7601 (6.1.7601.23915)

CPU:total 4 (2 cores per cpu, 2 threads per core) family 6 model 42 stepping 7, cmov, cx8, fxsr, mmx, sse, sse2, sse3, ssse3, sse4.1, sse4.2, popcnt, avx, aes, clmul, ht, tsc, tscinvbit

Memory: 4k page, physical 6203536k(1090116k free), swap 16545100k(9682064k free)

vm_info: Java HotSpot(TM) 64-Bit Server VM (25.112-b15) for windows-amd64 JRE (1.8.0_112-b15), built on Sep 22 2016 21:31:56 by "java_re" with MS VC++ 10.0 (VS2010)

time: Mon Apr 30 02:31:20 2018
elapsed time: 13254 seconds (0d 3h 40m 54s)

