#
# A fatal error has been detected by the Java Runtime Environment:
#
#  EXCEPTION_ACCESS_VIOLATION (0xc0000005) at pc=0x000007feb61e0da9, pid=4872, tid=0x0000000000001b10
#
# JRE version: Java(TM) SE Runtime Environment (8.0_112-b15) (build 1.8.0_112-b15)
# Java VM: Java HotSpot(TM) 64-Bit Server VM (25.112-b15 mixed mode windows-amd64 compressed oops)
# Problematic frame:
# C  0x000007feb61e0da9
#
# Failed to write core dump. Minidumps are not enabled by default on client versions of Windows
#
# If you would like to submit a bug report, please visit:
#   http://bugreport.java.com/bugreport/crash.jsp
# The crash happened outside the Java Virtual Machine in native code.
# See problematic frame for where to report the bug.
#

---------------  T H R E A D  ---------------

Current thread (0x000000002b08e800):  JavaThread "AWT-EventQueue-0" [_thread_in_native, id=6928, stack(0x000000002c550000,0x000000002ca50000)]

siginfo: ExceptionCode=0xc0000005, reading address 0xffffffffffffffff

Registers:
RAX=0x000007feb6470f82, RBX=0x0000000000000000, RCX=0x0000000036a3ee60, RDX=0x000000000000000f
RSP=0x000000002ca4ce80, RBP=0x000000002ca4cf19, RSI=0x000000002ca4cff8, RDI=0x000000000000005c
R8 =0x0000000000000000, R9 =0x0000000000000000, R10=0x000000002ca4d100, R11=0x0000000036a3ee60
R12=0x0000000000000000, R13=0x000000002ca4d100, R14=0x0000000034ebaed8, R15=0x0000000000000000
RIP=0x000007feb61e0da9, EFLAGS=0x0000000000010206

Top of Stack: (sp=0x000000002ca4ce80)
0x000000002ca4ce80:   000000002ca4cf50 000000002ca4d240
0x000000002ca4ce90:   000000002ca4cf40 0000000000000000
0x000000002ca4cea0:   000000004263c3c0 000007fee29cf98c
0x000000002ca4ceb0:   0000000000000000 0000000036a3ee60
0x000000002ca4cec0:   0000000034ebaed8 fffffffffffffffe
0x000000002ca4ced0:   ffffffffffffff00 000000002ca4d240
0x000000002ca4cee0:   0000000000000000 000000000000000f
0x000000002ca4cef0:   00000000399eda00 0000000000000000
0x000000002ca4cf00:   0000000000000000 000000000000000f
0x000000002ca4cf10:   ffffffffffffff20 0000000000000201
0x000000002ca4cf20:   0000000000000000 000007feb6668400
0x000000002ca4cf30:   000000002ca4d240 00003c12fae2ed18
0x000000002ca4cf40:   0000000000000000 0000000000000000
0x000000002ca4cf50:   000000002ca4d188 00000000391f7c70
0x000000002ca4cf60:   0000000034ebaed8 0000000000000001
0x000000002ca4cf70:   000000002ca4d080 000007feb61e1806 

Instructions: (pc=0x000007feb61e0da9)
0x000007feb61e0d89:   33 c0 48 8d 55 b7 48 8d 4d d7 e8 68 47 f2 ff eb
0x000007feb61e0d99:   83 49 8b cb 4d 85 db 75 04 49 8b 4e 18 48 8b 01
0x000007feb61e0da9:   ff 50 40 44 0f b6 f0 0f b6 3e 4c 8b 45 c7 48 8b
0x000007feb61e0db9:   55 cf 4c 3b c2 75 41 49 8d 48 01 48 83 f9 fe 0f 


Register to memory mapping:

RAX=0x000007feb6470f82 is an unknown value
RBX=0x0000000000000000 is an unknown value
RCX=0x0000000036a3ee60 is an unknown value
RDX=0x000000000000000f is an unknown value
RSP=0x000000002ca4ce80 is pointing into the stack for thread: 0x000000002b08e800
RBP=0x000000002ca4cf19 is pointing into the stack for thread: 0x000000002b08e800
RSI=0x000000002ca4cff8 is pointing into the stack for thread: 0x000000002b08e800
RDI=0x000000000000005c is an unknown value
R8 =0x0000000000000000 is an unknown value
R9 =0x0000000000000000 is an unknown value
R10=0x000000002ca4d100 is pointing into the stack for thread: 0x000000002b08e800
R11=0x0000000036a3ee60 is an unknown value
R12=0x0000000000000000 is an unknown value
R13=0x000000002ca4d100 is pointing into the stack for thread: 0x000000002b08e800
R14=0x0000000034ebaed8 is an unknown value
R15=0x0000000000000000 is an unknown value


Stack: [0x000000002c550000,0x000000002ca50000],  sp=0x000000002ca4ce80,  free space=5107k
Native frames: (J=compiled Java code, j=interpreted, Vv=VM code, C=native code)
C  0x000007feb61e0da9
C  0x000007feb61e1806
C  0x000007feb61efef4
C  0x000007feb667d5ea
C  0x000007feb6694b77
C  0x000007feb66d223c
C  0x0000000015329d65

Java frames: (J=compiled Java code, j=interpreted, Vv=VM code)
J 17974  ui.views.simulator.executive.simulationi.SimulationExecutive_getCodeTooltipValue(JLjava/lang/String;IZ)Ljava/lang/String; (0 bytes) @ 0x0000000015329cdf [0x0000000015329c80+0x5f]
J 18072 C2 ui.views.O.d.mouseMoved(Ljava/awt/event/MouseEvent;)V (13 bytes) @ 0x0000000013aa45ec [0x0000000013aa3fe0+0x60c]
J 12037 C2 java.awt.AWTEventMulticaster.mouseMoved(Ljava/awt/event/MouseEvent;)V (27 bytes) @ 0x0000000013bb2814 [0x0000000013bb2760+0xb4]
J 12037 C2 java.awt.AWTEventMulticaster.mouseMoved(Ljava/awt/event/MouseEvent;)V (27 bytes) @ 0x0000000013bb27d4 [0x0000000013bb2760+0x74]
J 22930 C2 javax.swing.JComponent.processMouseMotionEvent(Ljava/awt/event/MouseEvent;)V (46 bytes) @ 0x00000000128a017c [0x00000000128a00a0+0xdc]
J 9904 C2 java.awt.Container.processEvent(Ljava/awt/AWTEvent;)V (22 bytes) @ 0x000000001271b214 [0x000000001271b0a0+0x174]
J 22971 C2 java.awt.Component.dispatchEventImpl(Ljava/awt/AWTEvent;)V (883 bytes) @ 0x00000000162f6a48 [0x00000000162f6100+0x948]
J 19186 C2 java.awt.Container.dispatchEventImpl(Ljava/awt/AWTEvent;)V (129 bytes) @ 0x0000000012534ba8 [0x0000000012534500+0x6a8]
J 14821 C2 java.awt.LightweightDispatcher.retargetMouseEvent(Ljava/awt/Component;ILjava/awt/event/MouseEvent;)V (350 bytes) @ 0x0000000013fc7498 [0x0000000013fc7180+0x318]
J 19186 C2 java.awt.Container.dispatchEventImpl(Ljava/awt/AWTEvent;)V (129 bytes) @ 0x0000000012534ad0 [0x0000000012534500+0x5d0]
J 17254 C2 java.awt.Window.dispatchEventImpl(Ljava/awt/AWTEvent;)V (23 bytes) @ 0x00000000135daccc [0x00000000135dac80+0x4c]
J 14649 C2 java.awt.EventQueue$3.run()Ljava/lang/Object; (5 bytes) @ 0x0000000014363a68 [0x0000000014363700+0x368]
v  ~StubRoutines::call_stub
J 2402  java.security.AccessController.doPrivileged(Ljava/security/PrivilegedAction;Ljava/security/AccessControlContext;)Ljava/lang/Object; (0 bytes) @ 0x000000001270a9e6 [0x000000001270a980+0x66]
J 12091 C2 java.awt.EventQueue$4.run()Ljava/lang/Object; (5 bytes) @ 0x0000000014574650 [0x00000000145744e0+0x170]
v  ~StubRoutines::call_stub
J 2402  java.security.AccessController.doPrivileged(Ljava/security/PrivilegedAction;Ljava/security/AccessControlContext;)Ljava/lang/Object; (0 bytes) @ 0x000000001270a9e6 [0x000000001270a980+0x66]
J 9898 C2 ui.frmwork.b.d.dispatchEvent(Ljava/awt/AWTEvent;)V (45 bytes) @ 0x000000001335ae50 [0x000000001335aa20+0x430]
J 15217 C2 java.awt.EventDispatchThread.pumpOneEventForFilters(I)V (295 bytes) @ 0x0000000014b92fa8 [0x0000000014b92420+0xb88]
J 11840% C2 java.awt.EventDispatchThread.pumpEventsForFilter(ILjava/awt/Conditional;Ljava/awt/EventFilter;)V (47 bytes) @ 0x0000000013ef4080 [0x0000000013ef3f80+0x100]
j  java.awt.EventDispatchThread.pumpEventsForHierarchy(ILjava/awt/Conditional;Ljava/awt/Component;)V+11
j  java.awt.EventDispatchThread.pumpEvents(ILjava/awt/Conditional;)V+4
j  java.awt.EventDispatchThread.pumpEvents(Ljava/awt/Conditional;)V+3
j  java.awt.EventDispatchThread.run()V+9
v  ~StubRoutines::call_stub

---------------  P R O C E S S  ---------------

Java Threads: ( => current thread )
  0x00000000308c4000 JavaThread "Relaunch Simulation" [_thread_blocked, id=1532, stack(0x000000003c350000,0x000000003c850000)]
  0x0000000030276800 JavaThread "Thread-2886" [_thread_in_native, id=4784, stack(0x000000003b9e0000,0x000000003bae0000)]
  0x000000002b910000 JavaThread "Thread-2879" [_thread_in_native, id=4548, stack(0x000000003a650000,0x000000003a750000)]
  0x000000002b381000 JavaThread "Thread-2878" [_thread_in_native, id=5744, stack(0x000000003a4e0000,0x000000003a5e0000)]
  0x00000000277b1000 JavaThread "Image Animator 3" daemon [_thread_blocked, id=3804, stack(0x000000003cdc0000,0x000000003d2c0000)]
  0x0000000030276000 JavaThread "Thread-2741" [_thread_in_native, id=4056, stack(0x000000003a5d0000,0x000000003a6d0000)]
  0x000000002b381800 JavaThread "Thread-2733" [_thread_in_native, id=5476, stack(0x000000003a440000,0x000000003a540000)]
  0x000000002b386800 JavaThread "Thread-2732" [_thread_in_native, id=2664, stack(0x000000003a2f0000,0x000000003a3f0000)]
  0x000000002b385800 JavaThread "Thread-2660" [_thread_in_native, id=4336, stack(0x000000003ba90000,0x000000003bb90000)]
  0x000000002b384000 JavaThread "Thread-2659" [_thread_in_native, id=4800, stack(0x0000000033270000,0x0000000033370000)]
  0x00000000308c6800 JavaThread "Thread-2492" [_thread_in_native, id=3776, stack(0x000000003a0b0000,0x000000003a1b0000)]
  0x000000002b0d1800 JavaThread "Thread-2491" [_thread_in_native, id=936, stack(0x00000000380e0000,0x00000000381e0000)]
  0x0000000032b39000 JavaThread "Thread-2458" [_thread_in_native, id=5472, stack(0x0000000031bd0000,0x0000000031cd0000)]
  0x0000000032b36000 JavaThread "Thread-2432" [_thread_in_native, id=5492, stack(0x0000000038710000,0x0000000038810000)]
  0x00000000308c7000 JavaThread "Thread-2431" [_thread_in_native, id=5596, stack(0x00000000380f0000,0x00000000381f0000)]
  0x00000000308c5800 JavaThread "Thread-2367" [_thread_in_native, id=5356, stack(0x0000000031c90000,0x0000000031d90000)]
  0x00000000308c5000 JavaThread "Thread-2366" [_thread_in_native, id=4412, stack(0x0000000038710000,0x0000000038810000)]
  0x00000000277b6000 JavaThread "Thread-2167" [_thread_in_native, id=6288, stack(0x0000000038720000,0x0000000038820000)]
  0x00000000277b7000 JavaThread "Thread-2166" [_thread_in_native, id=5500, stack(0x0000000031c10000,0x0000000031d10000)]
  0x000000002b382800 JavaThread "Thread-1995" [_thread_in_native, id=5620, stack(0x000000003b0a0000,0x000000003b1a0000)]
  0x00000000277b4800 JavaThread "Thread-1994" [_thread_in_native, id=6020, stack(0x00000000313b0000,0x00000000314b0000)]
  0x00000000277b4000 JavaThread "Thread-1950" [_thread_in_native, id=4776, stack(0x0000000038a80000,0x0000000038b80000)]
  0x00000000277b3000 JavaThread "Thread-1946" [_thread_in_native, id=5480, stack(0x00000000321a0000,0x00000000322a0000)]
  0x00000000277b2800 JavaThread "Thread-1945" [_thread_in_native, id=5336, stack(0x0000000038ba0000,0x0000000038ca0000)]
  0x0000000030279000 JavaThread "Thread-1844" [_thread_in_native, id=2744, stack(0x0000000038b30000,0x0000000038c30000)]
  0x000000002b0d5000 JavaThread "Thread-1827" [_thread_in_native, id=2080, stack(0x00000000388a0000,0x00000000389a0000)]
  0x000000002b0d6000 JavaThread "Thread-1826" [_thread_in_native, id=4320, stack(0x0000000038730000,0x0000000038830000)]
  0x000000002b380000 JavaThread "SyntheticaAnimation 50" daemon [_thread_blocked, id=6592, stack(0x000000003d510000,0x000000003da10000)]
  0x000000002b37f800 JavaThread "SyntheticaAnimation 50" daemon [_thread_blocked, id=6716, stack(0x000000003bc80000,0x000000003c180000)]
  0x0000000030273000 JavaThread "Image Animator 0" daemon [_thread_blocked, id=6688, stack(0x0000000038200000,0x0000000038700000)]
  0x0000000030273800 JavaThread "Thread-26" [_thread_in_native, id=3836, stack(0x0000000031c80000,0x0000000031d80000)]
  0x000000002b913000 JavaThread "Thread-25" [_thread_in_native, id=6536, stack(0x00000000338d0000,0x00000000339d0000)]
  0x000000002b916000 JavaThread "hw_ila_monitor" [_thread_blocked, id=7148, stack(0x0000000036be0000,0x00000000370e0000)]
  0x000000002b915800 JavaThread "Update Runs Swing Worker" [_thread_blocked, id=4876, stack(0x00000000344b0000,0x00000000349b0000)]
  0x000000002b914800 JavaThread "Refresh Filesets Swing Worker" [_thread_blocked, id=6644, stack(0x0000000033ce0000,0x00000000341e0000)]
  0x000000002b914000 JavaThread "SyntheticaAnimation 70" daemon [_thread_blocked, id=6952, stack(0x0000000033370000,0x0000000033870000)]
  0x000000002b912800 JavaThread "SyntheticaAnimation 25" daemon [_thread_blocked, id=6532, stack(0x00000000314b0000,0x00000000319b0000)]
  0x000000002b911000 JavaThread "SyntheticaAnimation 50" daemon [_thread_blocked, id=2788, stack(0x000000002e4d0000,0x000000002e9d0000)]
  0x000000002b426800 JavaThread "SyntheticaCleanerThread" daemon [_thread_blocked, id=2640, stack(0x000000002df70000,0x000000002e470000)]
  0x000000002b098000 JavaThread "Batik CleanerThread" daemon [_thread_blocked, id=3452, stack(0x000000002d130000,0x000000002d630000)]
  0x000000002b01e800 JavaThread "Process Messages" [_thread_blocked, id=4256, stack(0x000000002cbc0000,0x000000002d0c0000)]
  0x000000002b08f800 JavaThread "Thread-3" [_thread_in_native, id=4604, stack(0x00000000029b0000,0x0000000003db0000)]
=>0x000000002b08e800 JavaThread "AWT-EventQueue-0" [_thread_in_native, id=6928, stack(0x000000002c550000,0x000000002ca50000)]
  0x000000002b126800 JavaThread "AWT-Shutdown" [_thread_blocked, id=3124, stack(0x000000002a1b0000,0x000000002a6b0000)]
  0x0000000027749000 JavaThread "AWT-Windows" daemon [_thread_in_native, id=716, stack(0x0000000029c50000,0x000000002a150000)]
  0x0000000027778000 JavaThread "Java2D Disposer" daemon [_thread_blocked, id=1084, stack(0x0000000029000000,0x0000000029500000)]
  0x0000000027526000 JavaThread "TimerQueue" daemon [_thread_blocked, id=4084, stack(0x0000000028af0000,0x0000000028ff0000)]
  0x0000000027490800 JavaThread "Service Thread" daemon [_thread_blocked, id=1684, stack(0x0000000027920000,0x0000000027e20000)]
  0x000000000f5b2000 JavaThread "C1 CompilerThread2" daemon [_thread_blocked, id=3272, stack(0x0000000027370000,0x0000000027470000)]
  0x000000000f5b0800 JavaThread "C2 CompilerThread1" daemon [_thread_blocked, id=3292, stack(0x0000000010cd0000,0x0000000010dd0000)]
  0x000000000f5af800 JavaThread "C2 CompilerThread0" daemon [_thread_blocked, id=5104, stack(0x0000000010440000,0x0000000010540000)]
  0x000000000f5a8800 JavaThread "Attach Listener" daemon [_thread_blocked, id=3256, stack(0x0000000011a80000,0x0000000011f80000)]
  0x000000000f5a7800 JavaThread "Signal Dispatcher" daemon [_thread_blocked, id=5820, stack(0x0000000011510000,0x0000000011a10000)]
  0x000000000f58a800 JavaThread "Finalizer" daemon [_thread_blocked, id=6696, stack(0x0000000010e30000,0x0000000011330000)]
  0x000000000f543000 JavaThread "Reference Handler" daemon [_thread_blocked, id=5904, stack(0x0000000010790000,0x0000000010c90000)]
  0x0000000001e6c800 JavaThread "main" [_thread_blocked, id=5880, stack(0x000000000ce40000,0x000000000cf40000)]

Other Threads:
  0x000000000f53b800 VMThread [stack: 0x00000000105b0000,0x00000000106b0000] [id=5900]
  0x000000000f61f000 WatcherThread [stack: 0x0000000027e60000,0x0000000027f60000] [id=4344]

VM state:not at safepoint (normal execution)

VM Mutex/Monitor currently owned by a thread: None

Heap:
 PSYoungGen      total 59392K, used 49813K [0x00000007bc400000, 0x00000007c0000000, 0x00000007c0000000)
  eden space 57344K, 83% used [0x00000007bc400000,0x00000007bf2e94f0,0x00000007bfc00000)
  from space 2048K, 86% used [0x00000007bfe00000,0x00000007bffbc040,0x00000007c0000000)
  to   space 2048K, 0% used [0x00000007bfc00000,0x00000007bfc00000,0x00000007bfe00000)
 ParOldGen       total 121856K, used 58598K [0x0000000700000000, 0x0000000707700000, 0x00000007bc400000)
  object space 121856K, 48% used [0x0000000700000000,0x0000000703939958,0x0000000707700000)
 Metaspace       used 72067K, capacity 72829K, committed 73472K, reserved 1114112K
  class space    used 9513K, capacity 9658K, committed 9728K, reserved 1048576K

Card table byte_map: [0x000000000d300000,0x000000000d910000] byte_map_base: 0x0000000009b00000

Marking Bits: (ParMarkBitMap*) 0x00000000544da6d0
 Begin Bits: [0x0000000021280000, 0x0000000024280000)
 End Bits:   [0x0000000024280000, 0x0000000027280000)

Polling page: 0x0000000000130000

CodeCache: size=245760Kb used=65270Kb max_used=65591Kb free=180489Kb
 bounds [0x0000000012280000, 0x0000000016320000, 0x0000000021280000]
 total_blobs=17565 nmethods=16671 adapters=799
 compilation: enabled

Compilation events (10 events):
Event: 21447.113 Thread 0x000000000f5b2000 23056       3       javax.swing.text.GapContent::shiftEnd (73 bytes)
Event: 21447.115 Thread 0x000000000f5b2000 nmethod 23056 0x00000000162d7d90 code [0x00000000162d7f40, 0x00000000162d8788]
Event: 21447.115 Thread 0x000000000f5b2000 23058       3       ui.utils.o.j.d::p (60 bytes)
Event: 21447.119 Thread 0x000000000f5b2000 nmethod 23058 0x0000000013511210 code [0x0000000013511540, 0x0000000013513228]
Event: 21447.119 Thread 0x000000000f5b2000 23057       3       javax.swing.text.GapContent::getNewArraySize (17 bytes)
Event: 21447.119 Thread 0x000000000f5b2000 nmethod 23057 0x0000000014916f50 code [0x00000000149170c0, 0x00000000149172d0]
Event: 21447.688 Thread 0x000000000f5b2000 23059       3       ui.utils.lnf.k::paintBackground (172 bytes)
Event: 21447.691 Thread 0x000000000f5b2000 nmethod 23059 0x000000001350f210 code [0x000000001350f4c0, 0x0000000013510ad8]
Event: 21450.111 Thread 0x000000000f5b0800 23060       4       javax.swing.text.BoxView::forwardUpdate (177 bytes)
Event: 21450.229 Thread 0x000000000f5b0800 nmethod 23060 0x00000000146fa310 code [0x00000000146fa600, 0x00000000146fc450]

GC Heap History (10 events):
Event: 21426.021 GC heap before
{Heap before GC invocations=1039 (full 301):
 PSYoungGen      total 59392K, used 58080K [0x00000007bc400000, 0x00000007c0000000, 0x00000007c0000000)
  eden space 57344K, 100% used [0x00000007bc400000,0x00000007bfc00000,0x00000007bfc00000)
  from space 2048K, 35% used [0x00000007bfc00000,0x00000007bfcb8000,0x00000007bfe00000)
  to   space 2048K, 0% used [0x00000007bfe00000,0x00000007bfe00000,0x00000007c0000000)
 ParOldGen       total 121856K, used 58590K [0x0000000700000000, 0x0000000707700000, 0x00000007bc400000)
  object space 121856K, 48% used [0x0000000700000000,0x0000000703937958,0x0000000707700000)
 Metaspace       used 72038K, capacity 72765K, committed 73472K, reserved 1114112K
  class space    used 9513K, capacity 9658K, committed 9728K, reserved 1048576K
Event: 21426.041 GC heap after
Heap after GC invocations=1039 (full 301):
 PSYoungGen      total 59392K, used 626K [0x00000007bc400000, 0x00000007c0000000, 0x00000007c0000000)
  eden space 57344K, 0% used [0x00000007bc400000,0x00000007bc400000,0x00000007bfc00000)
  from space 2048K, 30% used [0x00000007bfe00000,0x00000007bfe9c910,0x00000007c0000000)
  to   space 2048K, 0% used [0x00000007bfc00000,0x00000007bfc00000,0x00000007bfe00000)
 ParOldGen       total 121856K, used 58590K [0x0000000700000000, 0x0000000707700000, 0x00000007bc400000)
  object space 121856K, 48% used [0x0000000700000000,0x0000000703937958,0x0000000707700000)
 Metaspace       used 72038K, capacity 72765K, committed 73472K, reserved 1114112K
  class space    used 9513K, capacity 9658K, committed 9728K, reserved 1048576K
}
Event: 21433.144 GC heap before
{Heap before GC invocations=1040 (full 301):
 PSYoungGen      total 59392K, used 57970K [0x00000007bc400000, 0x00000007c0000000, 0x00000007c0000000)
  eden space 57344K, 100% used [0x00000007bc400000,0x00000007bfc00000,0x00000007bfc00000)
  from space 2048K, 30% used [0x00000007bfe00000,0x00000007bfe9c910,0x00000007c0000000)
  to   space 2048K, 0% used [0x00000007bfc00000,0x00000007bfc00000,0x00000007bfe00000)
 ParOldGen       total 121856K, used 58590K [0x0000000700000000, 0x0000000707700000, 0x00000007bc400000)
  object space 121856K, 48% used [0x0000000700000000,0x0000000703937958,0x0000000707700000)
 Metaspace       used 72044K, capacity 72765K, committed 73472K, reserved 1114112K
  class space    used 9513K, capacity 9658K, committed 9728K, reserved 1048576K
Event: 21433.153 GC heap after
Heap after GC invocations=1040 (full 301):
 PSYoungGen      total 59392K, used 946K [0x00000007bc400000, 0x00000007c0000000, 0x00000007c0000000)
  eden space 57344K, 0% used [0x00000007bc400000,0x00000007bc400000,0x00000007bfc00000)
  from space 2048K, 46% used [0x00000007bfc00000,0x00000007bfcec910,0x00000007bfe00000)
  to   space 2048K, 0% used [0x00000007bfe00000,0x00000007bfe00000,0x00000007c0000000)
 ParOldGen       total 121856K, used 58590K [0x0000000700000000, 0x0000000707700000, 0x00000007bc400000)
  object space 121856K, 48% used [0x0000000700000000,0x0000000703937958,0x0000000707700000)
 Metaspace       used 72044K, capacity 72765K, committed 73472K, reserved 1114112K
  class space    used 9513K, capacity 9658K, committed 9728K, reserved 1048576K
}
Event: 21437.148 GC heap before
{Heap before GC invocations=1041 (full 301):
 PSYoungGen      total 59392K, used 58290K [0x00000007bc400000, 0x00000007c0000000, 0x00000007c0000000)
  eden space 57344K, 100% used [0x00000007bc400000,0x00000007bfc00000,0x00000007bfc00000)
  from space 2048K, 46% used [0x00000007bfc00000,0x00000007bfcec910,0x00000007bfe00000)
  to   space 2048K, 0% used [0x00000007bfe00000,0x00000007bfe00000,0x00000007c0000000)
 ParOldGen       total 121856K, used 58590K [0x0000000700000000, 0x0000000707700000, 0x00000007bc400000)
  object space 121856K, 48% used [0x0000000700000000,0x0000000703937958,0x0000000707700000)
 Metaspace       used 72046K, capacity 72765K, committed 73472K, reserved 1114112K
  class space    used 9513K, capacity 9658K, committed 9728K, reserved 1048576K
Event: 21437.160 GC heap after
Heap after GC invocations=1041 (full 301):
 PSYoungGen      total 59392K, used 1010K [0x00000007bc400000, 0x00000007c0000000, 0x00000007c0000000)
  eden space 57344K, 0% used [0x00000007bc400000,0x00000007bc400000,0x00000007bfc00000)
  from space 2048K, 49% used [0x00000007bfe00000,0x00000007bfefc910,0x00000007c0000000)
  to   space 2048K, 0% used [0x00000007bfc00000,0x00000007bfc00000,0x00000007bfe00000)
 ParOldGen       total 121856K, used 58590K [0x0000000700000000, 0x0000000707700000, 0x00000007bc400000)
  object space 121856K, 48% used [0x0000000700000000,0x0000000703937958,0x0000000707700000)
 Metaspace       used 72046K, capacity 72765K, committed 73472K, reserved 1114112K
  class space    used 9513K, capacity 9658K, committed 9728K, reserved 1048576K
}
Event: 21441.467 GC heap before
{Heap before GC invocations=1042 (full 301):
 PSYoungGen      total 59392K, used 58354K [0x00000007bc400000, 0x00000007c0000000, 0x00000007c0000000)
  eden space 57344K, 100% used [0x00000007bc400000,0x00000007bfc00000,0x00000007bfc00000)
  from space 2048K, 49% used [0x00000007bfe00000,0x00000007bfefc910,0x00000007c0000000)
  to   space 2048K, 0% used [0x00000007bfc00000,0x00000007bfc00000,0x00000007bfe00000)
 ParOldGen       total 121856K, used 58590K [0x0000000700000000, 0x0000000707700000, 0x00000007bc400000)
  object space 121856K, 48% used [0x0000000700000000,0x0000000703937958,0x0000000707700000)
 Metaspace       used 72047K, capacity 72765K, committed 73472K, reserved 1114112K
  class space    used 9513K, capacity 9658K, committed 9728K, reserved 1048576K
Event: 21441.486 GC heap after
Heap after GC invocations=1042 (full 301):
 PSYoungGen      total 59392K, used 1074K [0x00000007bc400000, 0x00000007c0000000, 0x00000007c0000000)
  eden space 57344K, 0% used [0x00000007bc400000,0x00000007bc400000,0x00000007bfc00000)
  from space 2048K, 52% used [0x00000007bfc00000,0x00000007bfd0c910,0x00000007bfe00000)
  to   space 2048K, 0% used [0x00000007bfe00000,0x00000007bfe00000,0x00000007c0000000)
 ParOldGen       total 121856K, used 58590K [0x0000000700000000, 0x0000000707700000, 0x00000007bc400000)
  object space 121856K, 48% used [0x0000000700000000,0x0000000703937958,0x0000000707700000)
 Metaspace       used 72047K, capacity 72765K, committed 73472K, reserved 1114112K
  class space    used 9513K, capacity 9658K, committed 9728K, reserved 1048576K
}
Event: 21446.227 GC heap before
{Heap before GC invocations=1043 (full 301):
 PSYoungGen      total 59392K, used 58418K [0x00000007bc400000, 0x00000007c0000000, 0x00000007c0000000)
  eden space 57344K, 100% used [0x00000007bc400000,0x00000007bfc00000,0x00000007bfc00000)
  from space 2048K, 52% used [0x00000007bfc00000,0x00000007bfd0c910,0x00000007bfe00000)
  to   space 2048K, 0% used [0x00000007bfe00000,0x00000007bfe00000,0x00000007c0000000)
 ParOldGen       total 121856K, used 58590K [0x0000000700000000, 0x0000000707700000, 0x00000007bc400000)
  object space 121856K, 48% used [0x0000000700000000,0x0000000703937958,0x0000000707700000)
 Metaspace       used 72065K, capacity 72829K, committed 73472K, reserved 1114112K
  class space    used 9513K, capacity 9658K, committed 9728K, reserved 1048576K
Event: 21446.251 GC heap after
Heap after GC invocations=1043 (full 301):
 PSYoungGen      total 59392K, used 1776K [0x00000007bc400000, 0x00000007c0000000, 0x00000007c0000000)
  eden space 57344K, 0% used [0x00000007bc400000,0x00000007bc400000,0x00000007bfc00000)
  from space 2048K, 86% used [0x00000007bfe00000,0x00000007bffbc040,0x00000007c0000000)
  to   space 2048K, 0% used [0x00000007bfc00000,0x00000007bfc00000,0x00000007bfe00000)
 ParOldGen       total 121856K, used 58598K [0x0000000700000000, 0x0000000707700000, 0x00000007bc400000)
  object space 121856K, 48% used [0x0000000700000000,0x0000000703939958,0x0000000707700000)
 Metaspace       used 72065K, capacity 72829K, committed 73472K, reserved 1114112K
  class space    used 9513K, capacity 9658K, committed 9728K, reserved 1048576K
}

Deoptimization events (10 events):
Event: 21310.739 Thread 0x000000002b08e800 Uncommon trap: reason=class_check action=maybe_recompile pc=0x0000000012aef748 method=java.awt.Component.addMouseListener(Ljava/awt/event/MouseListener;)V @ 26
Event: 21310.788 Thread 0x000000002b08e800 Uncommon trap: reason=class_check action=maybe_recompile pc=0x0000000013695ecc method=java.awt.Component.getLocationOnScreen_NoTreeLock()Ljava/awt/Point; @ 86
Event: 21323.555 Thread 0x000000002b08e800 Uncommon trap: reason=unstable_if action=reinterpret pc=0x0000000015f92e34 method=javax.swing.tree.DefaultTreeCellRenderer.getTreeCellRendererComponent(Ljavax/swing/JTree;Ljava/lang/Object;ZZZIZ)Ljava/awt/Component; @ 114
Event: 21323.556 Thread 0x000000002b08e800 Uncommon trap: reason=unstable_if action=reinterpret pc=0x0000000012be0804 method=javax.swing.tree.DefaultTreeCellRenderer.paint(Ljava/awt/Graphics;)V @ 34
Event: 21323.556 Thread 0x000000002b08e800 Uncommon trap: reason=unstable_if action=reinterpret pc=0x0000000013e6250c method=de.javasoft.plaf.synthetica.painter.LabelPainter.paintLabelBackground(Ljavax/swing/plaf/synth/SynthContext;Ljava/awt/Graphics;IIII)V @ 553
Event: 21328.778 Thread 0x000000002b08e800 Uncommon trap: reason=unstable_if action=reinterpret pc=0x000000001544e95c method=ui.data.m.b.c.l.g(Lui/data/m/a;II)V @ 117
Event: 21405.340 Thread 0x000000002b08e800 Uncommon trap: reason=bimorphic action=maybe_recompile pc=0x000000001334ebe0 method=java.util.AbstractList.equals(Ljava/lang/Object;)Z @ 82
Event: 21424.523 Thread 0x000000002b08e800 Uncommon trap: reason=unstable_if action=reinterpret pc=0x000000001425d070 method=javax.swing.text.GapContent.findMarkAdjustIndex(I)I @ 51
Event: 21429.213 Thread 0x000000002b08e800 Uncommon trap: reason=array_check action=maybe_recompile pc=0x00000000130fc52c method=java.util.TimSort.mergeHi(IIII)V @ 171
Event: 21429.220 Thread 0x000000002b08e800 Uncommon trap: reason=array_check action=maybe_recompile pc=0x00000000130fc52c method=java.util.TimSort.mergeHi(IIII)V @ 171

Internal exceptions (10 events):
Event: 21414.368 Thread 0x000000002b08e800 Exception <a 'java/io/FileNotFoundException'> (0x00000007bd9c3628) thrown at [C:\re\workspace\8-2-build-windows-amd64-cygwin\jdk8u112\7884\hotspot\src\share\vm\prims\jni.cpp, line 709]
Event: 21419.369 Thread 0x000000002b08e800 Exception <a 'java/io/FileNotFoundException'> (0x00000007be46cd70) thrown at [C:\re\workspace\8-2-build-windows-amd64-cygwin\jdk8u112\7884\hotspot\src\share\vm\prims\jni.cpp, line 709]
Event: 21424.370 Thread 0x000000002b08e800 Exception <a 'java/io/FileNotFoundException'> (0x00000007bf2c4708) thrown at [C:\re\workspace\8-2-build-windows-amd64-cygwin\jdk8u112\7884\hotspot\src\share\vm\prims\jni.cpp, line 709]
Event: 21429.370 Thread 0x000000002b08e800 Exception <a 'java/io/FileNotFoundException'> (0x00000007bda4baf8) thrown at [C:\re\workspace\8-2-build-windows-amd64-cygwin\jdk8u112\7884\hotspot\src\share\vm\prims\jni.cpp, line 709]
Event: 21434.376 Thread 0x000000002b08e800 Exception <a 'java/io/FileNotFoundException'> (0x00000007be03f470) thrown at [C:\re\workspace\8-2-build-windows-amd64-cygwin\jdk8u112\7884\hotspot\src\share\vm\prims\jni.cpp, line 709]
Event: 21437.365 Thread 0x00000000277b1000 Exception <a 'java/lang/InterruptedException': sleep interrupted> (0x00000007bc403fd8) thrown at [C:\re\workspace\8-2-build-windows-amd64-cygwin\jdk8u112\7884\hotspot\src\share\vm\prims\jvm.cpp, line 3180]
Event: 21439.378 Thread 0x000000002b08e800 Exception <a 'java/io/FileNotFoundException'> (0x00000007be164888) thrown at [C:\re\workspace\8-2-build-windows-amd64-cygwin\jdk8u112\7884\hotspot\src\share\vm\prims\jni.cpp, line 709]
Event: 21444.378 Thread 0x000000002b08e800 Exception <a 'java/io/FileNotFoundException'> (0x00000007be4daea8) thrown at [C:\re\workspace\8-2-build-windows-amd64-cygwin\jdk8u112\7884\hotspot\src\share\vm\prims\jni.cpp, line 709]
Event: 21449.380 Thread 0x000000002b08e800 Exception <a 'java/io/FileNotFoundException'> (0x00000007bd38e110) thrown at [C:\re\workspace\8-2-build-windows-amd64-cygwin\jdk8u112\7884\hotspot\src\share\vm\prims\jni.cpp, line 709]
Event: 21454.381 Thread 0x000000002b08e800 Exception <a 'java/io/FileNotFoundException'> (0x00000007bed54978) thrown at [C:\re\workspace\8-2-build-windows-amd64-cygwin\jdk8u112\7884\hotspot\src\share\vm\prims\jni.cpp, line 709]

Events (10 events):
Event: 21446.227 Executing VM operation: ParallelGCFailedAllocation
Event: 21446.251 Executing VM operation: ParallelGCFailedAllocation done
Event: 21446.257 Executing VM operation: BulkRevokeBias
Event: 21446.257 Executing VM operation: BulkRevokeBias done
Event: 21446.576 Thread 0x0000000032b38800 Thread added: 0x0000000032b38800
Event: 21446.585 Executing VM operation: RevokeBias
Event: 21446.585 Executing VM operation: RevokeBias done
Event: 21446.585 Thread 0x0000000032b38800 Thread exited: 0x0000000032b38800
Event: 21454.137 Executing VM operation: BulkRevokeBias
Event: 21454.138 Executing VM operation: BulkRevokeBias done


Dynamic libraries:
0x000000013f570000 - 0x000000013f5a0000 	D:\old\programs\xilinx\Vivado\2018.1\bin\unwrapped\win64.o\vivado.exe
0x00000000779b0000 - 0x0000000077b59000 	C:\windows\SYSTEM32\ntdll.dll
0x0000000077890000 - 0x00000000779af000 	C:\windows\system32\kernel32.dll
0x000007fefda60000 - 0x000007fefdacc000 	C:\windows\system32\KERNELBASE.dll
0x000007feee830000 - 0x000007feee844000 	D:\old\programs\xilinx\Vivado\2018.1\lib\win64.o\libboost_signals.dll
0x000007fee29c0000 - 0x000007fee2a5d000 	C:\windows\system32\MSVCP140.dll
0x000007fef98e0000 - 0x000007fef98f7000 	C:\windows\system32\VCRUNTIME140.dll
0x000007fef9d40000 - 0x000007fef9d44000 	C:\windows\system32\api-ms-win-crt-runtime-l1-1-0.dll
0x000007fee28c0000 - 0x000007fee29b2000 	C:\windows\system32\ucrtbase.DLL
0x000007fef9d30000 - 0x000007fef9d33000 	C:\windows\system32\api-ms-win-core-timezone-l1-1-0.dll
0x000007fef9d20000 - 0x000007fef9d23000 	C:\windows\system32\api-ms-win-core-file-l2-1-0.dll
0x000007fef9d00000 - 0x000007fef9d03000 	C:\windows\system32\api-ms-win-core-localization-l1-2-0.dll
0x000007fefa680000 - 0x000007fefa683000 	C:\windows\system32\api-ms-win-core-synch-l1-2-0.dll
0x000007fef0b50000 - 0x000007fef0b53000 	C:\windows\system32\api-ms-win-core-processthreads-l1-1-1.dll
0x000007fef0b60000 - 0x000007fef0b63000 	C:\windows\system32\api-ms-win-core-file-l1-2-0.dll
0x000007fef0a80000 - 0x000007fef0a84000 	C:\windows\system32\api-ms-win-crt-string-l1-1-0.dll
0x000007fef0a90000 - 0x000007fef0a93000 	C:\windows\system32\api-ms-win-crt-heap-l1-1-0.dll
0x000007fef0a60000 - 0x000007fef0a64000 	C:\windows\system32\api-ms-win-crt-stdio-l1-1-0.dll
0x000007fef0a70000 - 0x000007fef0a74000 	C:\windows\system32\api-ms-win-crt-convert-l1-1-0.dll
0x000007feeeb30000 - 0x000007feeeb33000 	C:\windows\system32\api-ms-win-crt-locale-l1-1-0.dll
0x000007fef0a50000 - 0x000007fef0a55000 	C:\windows\system32\api-ms-win-crt-math-l1-1-0.dll
0x000007feeeb10000 - 0x000007feeeb15000 	C:\windows\system32\api-ms-win-crt-multibyte-l1-1-0.dll
0x000007feeeb20000 - 0x000007feeeb23000 	C:\windows\system32\api-ms-win-crt-time-l1-1-0.dll
0x000007feeeaf0000 - 0x000007feeeaf3000 	C:\windows\system32\api-ms-win-crt-filesystem-l1-1-0.dll
0x000007feeeb00000 - 0x000007feeeb03000 	C:\windows\system32\api-ms-win-crt-environment-l1-1-0.dll
0x000007feeead0000 - 0x000007feeead3000 	C:\windows\system32\api-ms-win-crt-utility-l1-1-0.dll
0x000007fed6290000 - 0x000007fed7063000 	D:\old\programs\xilinx\Vivado\2018.1\lib\win64.o\librdi_common.dll
0x000007fed7ae0000 - 0x000007fed7e4e000 	D:\old\programs\xilinx\Vivado\2018.1\lib\win64.o\libCOIN-all.dll
0x000007fed82c0000 - 0x000007fed8575000 	D:\old\programs\xilinx\Vivado\2018.1\lib\win64.o\libXil_lmgr11.dll
0x0000000077790000 - 0x000000007788a000 	C:\windows\system32\USER32.dll
0x000007fefe410000 - 0x000007fefe477000 	C:\windows\system32\GDI32.dll
0x000007fefdf40000 - 0x000007fefdf4e000 	C:\windows\system32\LPK.dll
0x000007fefdb20000 - 0x000007fefdbe9000 	C:\windows\system32\USP10.dll
0x000007feffb70000 - 0x000007feffc0f000 	C:\windows\system32\msvcrt.dll
0x000007fefb730000 - 0x000007fefb746000 	C:\windows\system32\NETAPI32.dll
0x000007fefb720000 - 0x000007fefb72c000 	C:\windows\system32\netutils.dll
0x000007fefd200000 - 0x000007fefd223000 	C:\windows\system32\srvcli.dll
0x000007feff760000 - 0x000007feff88d000 	C:\windows\system32\RPCRT4.dll
0x000007fefb700000 - 0x000007fefb715000 	C:\windows\system32\wkscli.dll
0x000007feffc20000 - 0x000007feffcb7000 	C:\windows\system32\COMDLG32.dll
0x000007feffaf0000 - 0x000007feffb61000 	C:\windows\system32\SHLWAPI.dll
0x000007fefac20000 - 0x000007fefacc0000 	C:\windows\WinSxS\amd64_microsoft.windows.common-controls_6595b64144ccf1df_5.82.7601.18837_none_a4d981ff711297b6\COMCTL32.dll
0x000007fefe810000 - 0x000007fefe8eb000 	C:\windows\system32\ADVAPI32.dll
0x000007fefdf20000 - 0x000007fefdf3f000 	C:\windows\SYSTEM32\sechost.dll
0x000007fefe9d0000 - 0x000007feff759000 	C:\windows\system32\SHELL32.dll
0x000007feee9a0000 - 0x000007feee9a9000 	C:\windows\system32\WSOCK32.dll
0x000007feff890000 - 0x000007feff8dd000 	C:\windows\system32\WS2_32.dll
0x000007feffc10000 - 0x000007feffc18000 	C:\windows\system32\NSI.dll
0x000007fefe8f0000 - 0x000007fefe9c7000 	C:\windows\system32\OLEAUT32.dll
0x000007fefdf50000 - 0x000007fefe153000 	C:\windows\system32\ole32.dll
0x000007fef96e0000 - 0x000007fef96f8000 	C:\windows\system32\dhcpcsvc.DLL
0x000007feeeae0000 - 0x000007feeeae3000 	C:\windows\system32\api-ms-win-crt-conio-l1-1-0.dll
0x000007fefda10000 - 0x000007fefda4b000 	C:\windows\system32\WINTRUST.dll
0x000007fefd780000 - 0x000007fefd8ed000 	C:\windows\system32\CRYPT32.dll
0x000007fefd770000 - 0x000007fefd77f000 	C:\windows\system32\MSASN1.dll
0x000007feee850000 - 0x000007feee864000 	D:\old\programs\xilinx\Vivado\2018.1\lib\win64.o\libboost_date_time.dll
0x000007feee760000 - 0x000007feee786000 	D:\old\programs\xilinx\Vivado\2018.1\lib\win64.o\libboost_filesystem.dll
0x000007feee820000 - 0x000007feee82b000 	D:\old\programs\xilinx\Vivado\2018.1\lib\win64.o\libboost_system.dll
0x000007fee2840000 - 0x000007fee28bf000 	D:\old\programs\xilinx\Vivado\2018.1\lib\win64.o\libboost_program_options.dll
0x000007fee2720000 - 0x000007fee2834000 	D:\old\programs\xilinx\Vivado\2018.1\lib\win64.o\libboost_regex.dll
0x000007feee7f0000 - 0x000007feee811000 	D:\old\programs\xilinx\Vivado\2018.1\lib\win64.o\libboost_thread.dll
0x000007feee350000 - 0x000007feee35d000 	D:\old\programs\xilinx\Vivado\2018.1\lib\win64.o\libboost_chrono.dll
0x000007feee360000 - 0x000007feee36f000 	D:\old\programs\xilinx\Vivado\2018.1\lib\win64.o\libboost_xilinx.dll
0x000007feedf80000 - 0x000007feee002000 	D:\old\programs\xilinx\Vivado\2018.1\lib\win64.o\libhdlpsolve.dll
0x000007fed8210000 - 0x000007fed82b5000 	D:\old\programs\xilinx\Vivado\2018.1\lib\win64.o\libhdxml.dll
0x000007fed7320000 - 0x000007fed7ad6400 	D:\old\programs\xilinx\Vivado\2018.1\lib\win64.o\libisl_iostreams.dll
0x000007fee3560000 - 0x000007fee357b000 	D:\old\programs\xilinx\Vivado\2018.1\lib\win64.o\libboost_iostreams.dll
0x000007fee26f0000 - 0x000007fee2711000 	D:\old\programs\xilinx\Vivado\2018.1\lib\win64.o\librdizlib.dll
0x000007fee2f10000 - 0x000007fee2f35000 	D:\old\programs\xilinx\Vivado\2018.1\lib\win64.o\libisl_iosutils.dll
0x000007fee26c0000 - 0x000007fee26ee000 	D:\old\programs\xilinx\Vivado\2018.1\lib\win64.o\libisl_sysinfo.dll
0x0000000053cc0000 - 0x000000005455a000 	D:\old\programs\xilinx\Vivado\2018.1\tps\win64\jre\bin\server\jvm.dll
0x000007fefa010000 - 0x000007fefa04b000 	C:\windows\system32\WINMM.dll
0x000007fefc800000 - 0x000007fefc80c000 	C:\windows\system32\VERSION.dll
0x0000000077b70000 - 0x0000000077b77000 	C:\windows\system32\PSAPI.DLL
0x0000000075400000 - 0x00000000754d2000 	C:\windows\system32\MSVCR100.dll
0x000007fed81a0000 - 0x000007fed8205000 	D:\old\programs\xilinx\Vivado\2018.1\lib\win64.o\liblmx6.0.dll
0x000007fee3370000 - 0x000007fee338a000 	D:\old\programs\xilinx\Vivado\2018.1\lib\win64.o\pthreadVC2.dll
0x000007fed80a0000 - 0x000007fed81a0000 	D:\old\programs\xilinx\Vivado\2018.1\lib\win64.o\librdi_commonxillic.dll
0x000007fed7f40000 - 0x000007fed8091000 	D:\old\programs\xilinx\Vivado\2018.1\lib\win64.o\librdi_curl.dll
0x000007fee26a0000 - 0x000007fee26bc000 	D:\old\programs\xilinx\Vivado\2018.1\lib\win64.o\librdiconfig.dll
0x0000000058110000 - 0x000000005823b000 	D:\old\programs\xilinx\Vivado\2018.1\lib\win64.o\tcl85t.dll
0x0000000012000000 - 0x0000000012272000 	D:\old\programs\xilinx\Vivado\2018.1\lib\win64.o\xerces-c_3_1.dll
0x000007fefe190000 - 0x000007fefe3ea000 	C:\windows\system32\WININET.dll
0x000007fefda50000 - 0x000007fefda54000 	C:\windows\system32\api-ms-win-downlevel-user32-l1-1-0.dll
0x000007fefd9a0000 - 0x000007fefd9a4000 	C:\windows\system32\api-ms-win-downlevel-shlwapi-l1-1-0.dll
0x000007fefdb10000 - 0x000007fefdb14000 	C:\windows\system32\api-ms-win-downlevel-version-l1-1-0.dll
0x000007fefd8f0000 - 0x000007fefd8f3000 	C:\windows\system32\api-ms-win-downlevel-normaliz-l1-1-0.dll
0x0000000077b80000 - 0x0000000077b83000 	C:\windows\system32\normaliz.DLL
0x000007fefdbf0000 - 0x000007fefdeb7000 	C:\windows\system32\iertutil.dll
0x000007fefdad0000 - 0x000007fefdad5000 	C:\windows\system32\api-ms-win-downlevel-advapi32-l1-1-0.dll
0x000007fefdae0000 - 0x000007fefdafe000 	C:\windows\system32\USERENV.dll
0x000007fefd760000 - 0x000007fefd76f000 	C:\windows\system32\profapi.dll
0x000007fefb570000 - 0x000007fefb5e1000 	C:\windows\system32\WINHTTP.dll
0x000007fefb500000 - 0x000007fefb564000 	C:\windows\system32\webio.dll
0x000007feff8e0000 - 0x000007feffa65000 	C:\windows\system32\urlmon.dll
0x000007fefdb00000 - 0x000007fefdb04000 	C:\windows\system32\api-ms-win-downlevel-ole32-l1-1-0.dll
0x000007fed53f0000 - 0x000007fed6281000 	D:\old\programs\xilinx\Vivado\2018.1\lib\win64.o\gurobi65.dll
0x000007fed72f0000 - 0x000007fed731e000 	C:\windows\system32\VCOMP140.DLL
0x000007fed72d0000 - 0x000007fed72e4000 	D:\old\programs\xilinx\Vivado\2018.1\lib\win64.o\librdi_commonmain.dll
0x000007feedf70000 - 0x000007feedf7a000 	D:\old\programs\xilinx\Vivado\2018.1\lib\win64.o\librdi_commonversion.dll
0x000007fefe160000 - 0x000007fefe18e000 	C:\windows\system32\IMM32.DLL
0x000007fefe700000 - 0x000007fefe809000 	C:\windows\system32\MSCTF.dll
0x000007fed4f60000 - 0x000007fed53eb000 	D:\old\programs\xilinx\Vivado\2018.1\lib\win64.o\librdi_commontasks.dll
0x000007fed7090000 - 0x000007fed72d0000 	D:\old\programs\xilinx\Vivado\2018.1\lib\win64.o\librdi_sio.dll
0x000007fef98b0000 - 0x000007fef98d7000 	C:\windows\system32\IPHLPAPI.DLL
0x000007fef9890000 - 0x000007fef989b000 	C:\windows\system32\WINNSI.DLL
0x000007fed29f0000 - 0x000007fed4d4c000 	D:\old\programs\xilinx\Vivado\2018.1\lib\win64.o\librdi_tcltasks.dll
0x000007fed2630000 - 0x000007fed29e1000 	D:\old\programs\xilinx\Vivado\2018.1\lib\win64.o\librdi_bitstream.dll
0x000007fec46b0000 - 0x000007fed2623000 	D:\old\programs\xilinx\Vivado\2018.1\lib\win64.o\librdi_device.dll
0x000007fec4660000 - 0x000007fec46ac000 	D:\old\programs\xilinx\Vivado\2018.1\lib\win64.o\libboost_serialization.dll
0x000007fec3b60000 - 0x000007fec4653000 	D:\old\programs\xilinx\Vivado\2018.1\lib\win64.o\libverific.dll
0x000007fec39e0000 - 0x000007fec3b5c000 	D:\old\programs\xilinx\Vivado\2018.1\lib\win64.o\librdi_board.dll
0x000007fec3970000 - 0x000007fec39da000 	D:\old\programs\xilinx\Vivado\2018.1\lib\win64.o\librdi_boarddep.dll
0x000007fec3700000 - 0x000007fec396a000 	D:\old\programs\xilinx\Vivado\2018.1\lib\win64.o\librdi_chipscope.dll
0x000007fec1ec0000 - 0x000007fec36f7000 	D:\old\programs\xilinx\Vivado\2018.1\lib\win64.o\librdi_constraints.dll
0x000007fec1890000 - 0x000007fec1eba000 	D:\old\programs\xilinx\Vivado\2018.1\lib\win64.o\librdi_filemgmt.dll
0x000007fec17e0000 - 0x000007fec1889000 	D:\old\programs\xilinx\Vivado\2018.1\lib\win64.o\librdi_hip_devdesign.dll
0x000007fec1770000 - 0x000007fec17d6000 	D:\old\programs\xilinx\Vivado\2018.1\lib\win64.o\librdi_ipconfig_readwrite.dll
0x000007fec12d0000 - 0x000007fec176e000 	D:\old\programs\xilinx\Vivado\2018.1\lib\win64.o\librdi_netlist.dll
0x000007fec1290000 - 0x000007fec12cb000 	D:\old\programs\xilinx\Vivado\2018.1\lib\win64.o\librdi_noc_frameworks.dll
0x000007fec1200000 - 0x000007fec1285000 	D:\old\programs\xilinx\Vivado\2018.1\lib\win64.o\librdi_hip_config.dll
0x000007fec10a0000 - 0x000007fec11f1000 	D:\old\programs\xilinx\Vivado\2018.1\lib\win64.o\librdi_hip_noc_tools.dll
0x000007fec09c0000 - 0x000007fec109a000 	D:\old\programs\xilinx\Vivado\2018.1\lib\win64.o\librdi_psta.dll
0x000007febd8b0000 - 0x000007fec09ba000 	D:\old\programs\xilinx\Vivado\2018.1\lib\win64.o\librdi_coregen.dll
0x000007febd1d0000 - 0x000007febd8ad000 	D:\old\programs\xilinx\Vivado\2018.1\lib\win64.o\librdi_coregenipxact.dll
0x000007feb94a0000 - 0x000007febd1cd000 	D:\old\programs\xilinx\Vivado\2018.1\lib\win64.o\librdi_designutils.dll
0x000007feb8f50000 - 0x000007feb949e000 	D:\old\programs\xilinx\Vivado\2018.1\lib\win64.o\librdi_xdm.dll
0x000007feb8900000 - 0x000007feb8f50000 	D:\old\programs\xilinx\Vivado\2018.1\lib\win64.o\librdi_memdata.dll

VM Arguments:
jvm_args: -Dsun.java2d.pmoffscreen=false -Dsun.java2d.xrender=false -Dsun.java2d.d3d=false -Dsun.awt.nopixfmt=true -Xverify:none -Dswing.aatext=true -XX:-UsePerfData -Djdk.map.althashing.threshold=512 -XX:StringTableSize=4072 -XX:NewSize=60m -XX:MaxNewSize=60m -Xms128m -Xmx3072m -Xss5m 
java_command: <unknown>
java_class_path (initial): D:/old/programs/xilinx/Vivado/2018.1\lib\classes\alloy.jar;D:/old/programs/xilinx/Vivado/2018.1\lib\classes\autopilot.scelaborator.jar;D:/old/programs/xilinx/Vivado/2018.1\lib\classes\autopilot.sourceprocessor.jar;D:/old/programs/xilinx/Vivado/2018.1\lib\classes\autopilot.tbprocessor.jar;D:/old/programs/xilinx/Vivado/2018.1\lib\classes\batik-anim.jar;D:/old/programs/xilinx/Vivado/2018.1\lib\classes\batik-awt-util.jar;D:/old/programs/xilinx/Vivado/2018.1\lib\classes\batik-bridge.jar;D:/old/programs/xilinx/Vivado/2018.1\lib\classes\batik-codec.jar;D:/old/programs/xilinx/Vivado/2018.1\lib\classes\batik-css.jar;D:/old/programs/xilinx/Vivado/2018.1\lib\classes\batik-dom.jar;D:/old/programs/xilinx/Vivado/2018.1\lib\classes\batik-ext.jar;D:/old/programs/xilinx/Vivado/2018.1\lib\classes\batik-gui-util.jar;D:/old/programs/xilinx/Vivado/2018.1\lib\classes\batik-gvt.jar;D:/old/programs/xilinx/Vivado/2018.1\lib\classes\batik-parser.jar;D:/old/programs/xilinx/Vivado/2018.1\lib\classes\batik-script.jar;D:/old/programs/xilinx/Vivado/2018.1\lib\classes\batik-svg-dom.jar;D:/old/programs/xilinx/Vivado/2018.1\lib\classes\batik-swing.jar;D:/old/programs/xilinx/Vivado/2018.1\lib\classes\batik-transcoder.jar;D:/old/programs/xilinx/Vivado/2018.1\lib\classes\batik-util.jar;D:/old/programs/xilinx/Vivado/2018.1\lib\classes\batik-xml.jar;D:/old/programs/xilinx/Vivado/2018.1\lib\classes\com.ibm.icu_4.4.2.v20110208.jar;D:/old/programs/xilinx/Vivado/2018.1\lib\classes\commons-collections4-4.1.jar;D:/old/programs/xilinx/Vivado/2018.1\lib\classes\commons-math-2.2.jar;D:/old/programs/xilinx/Vivado/2018.1\lib\classes\dom4j-1.6.1.jar;D:/old/programs/xilinx/Vivado/2018.1\lib\classes\guava-18.0.jar;D:/old/programs/xilinx/Vivado/2018.1\lib\classes\help.jar;D:/old/programs/xilinx/Vivado/2018.1\lib\classes\hsqldb.jar;D:/old/programs/xilinx/Vivado/2018.1\lib\classes\jargs.jar;D:/old/programs/xilinx/Vivado/2018.1\lib\classes\jh.jar;D:/old/programs/xilinx/Vivado/2018.1\lib\classe
Launcher Type: generic

Environment Variables:
PATH=D:/old/programs/xilinx/Vivado/2018.1/bin;D:/old/programs/xilinx/Vivado/2018.1/lib/win64.o;D:/old/programs/xilinx/Vivado/2018.1/tps/win64/jre/bin/server;D:/old/programs/xilinx/Vivado/2018.1/tps/win64/jre/bin;D:/old/programs/xilinx/SDK/2018.1/bin;D:/old/programs/xilinx/Vivado/2018.1/ids_lite/ISE/bin/nt64;D:/old/programs/xilinx/Vivado/2018.1/ids_lite/ISE/lib/nt64;C:\Program Files (x86)\NVIDIA Corporation\PhysX\Common;C:\ProgramData\Oracle\Java\javapath;C:\Program Files\Common Files\Microsoft Shared\Windows Live;C:\Program Files (x86)\Common Files\Microsoft Shared\Windows Live;C:\windows\system32;C:\windows;C:\windows\System32\Wbem;C:\windows\System32\WindowsPowerShell\v1.0\;C:\Program Files (x86)\ATI Technologies\ATI.ACE\Core-Static;C:\Program Files (x86)\Windows Live\Shared;C:\Program Files (x86)\Microsoft SQL Server\100\Tools\Binn\;C:\Program Files\Microsoft SQL Server\100\Tools\Binn\;C:\Program Files\Microsoft SQL Server\100\DTS\Binn\;D:\web\MySQL55\bin;;D:\qt\mingw64\bin;C:\Program Files (x86)\AMD\ATI.ACE\Core-Static;D:\xmpp\php;C:\Program Files (x86)\Skype\Phone\;D:/old/programs/xilinx/Vivado/2018.1\tps\mingw\6.2.0\win64.o\nt\bin;D:/old/programs/xilinx/Vivado/2018.1\tps\mingw\6.2.0\win64.o\nt\libexec\gcc\x86_64-w64-mingw32\6.2.0
USERNAME=Рома
OS=Windows_NT
PROCESSOR_IDENTIFIER=AMD64 Family 21 Model 16 Stepping 1, AuthenticAMD



---------------  S Y S T E M  ---------------

OS: Windows 7 , 64 bit Build 7601 (6.1.7601.18939)

CPU:total 4 (4 cores per cpu, 1 threads per core) family 21 model 16 stepping 1, cmov, cx8, fxsr, mmx, sse, sse2, sse3, ssse3, sse4.1, sse4.2, popcnt, avx, aes, clmul, mmxext, 3dnowpref, lzcnt, sse4a, tsc, tscinvbit, tscinv, bmi1

Memory: 4k page, physical 7827628k(4036216k free), swap 24603004k(20186972k free)

vm_info: Java HotSpot(TM) 64-Bit Server VM (25.112-b15) for windows-amd64 JRE (1.8.0_112-b15), built on Sep 22 2016 21:31:56 by "java_re" with MS VC++ 10.0 (VS2010)

time: Sun May 06 02:17:55 2018
elapsed time: 21455 seconds (0d 5h 57m 35s)

