#
# A fatal error has been detected by the Java Runtime Environment:
#
#  EXCEPTION_ACCESS_VIOLATION (0xc0000005) at pc=0x000000003a946000, pid=7344, tid=0x0000000000001c80
#
# JRE version: Java(TM) SE Runtime Environment (8.0_112-b15) (build 1.8.0_112-b15)
# Java VM: Java HotSpot(TM) 64-Bit Server VM (25.112-b15 mixed mode windows-amd64 compressed oops)
# Problematic frame:
# C  0x000000003a946000
#
# Failed to write core dump. Minidumps are not enabled by default on client versions of Windows
#
# If you would like to submit a bug report, please visit:
#   http://bugreport.java.com/bugreport/crash.jsp
# The crash happened outside the Java Virtual Machine in native code.
# See problematic frame for where to report the bug.
#

---------------  T H R E A D  ---------------

Current thread (0x0000000027902800):  JavaThread "AWT-EventQueue-0" [_thread_in_native, id=7296, stack(0x000000002b270000,0x000000002b770000)]

siginfo: ExceptionCode=0xc0000005, ExceptionInformation=0x0000000000000008 0x000000003a946000

Registers:
RAX=0x000007fec20fffff, RBX=0x0000000035e307b0, RCX=0x0000000035e307b0, RDX=0x000000002b76d010
RSP=0x000000002b76cf18, RBP=0x000000002b76d059, RSI=0x000000002b76d010, RDI=0x000000000754da28
R8 =0x000000002b76d010, R9 =0x000007fec1dd0000, R10=0x000000002b76d2a8, R11=0x000000002b76d140
R12=0x0000000039cdef00, R13=0x0000000035e307b0, R14=0x000000002b76d010, R15=0x0000000035e307b0
RIP=0x000000003a946000, EFLAGS=0x0000000000010206

Top of Stack: (sp=0x000000002b76cf18)
0x000000002b76cf18:   000007fec1ecf708 000000070115c6b8
0x000000002b76cf28:   00000007bf758928 0000011b00000237
0x000000002b76cf38:   0000031900000000 fffffffffffffffe
0x000000002b76cf48:   0000000015162210 0000000702bf1748
0x000000002b76cf58:   00000007bf759378 00024e4f001a0015
0x000000002b76cf68:   0000afbda7c073f3 000000002b76d200
0x000000002b76cf78:   000000000754da28 000000000754da28
0x000000002b76cf88:   000000002b76d010 000000002b76d059
0x000000002b76cf98:   000007fec1ecdc2b 00000007bf759378
0x000000002b76cfa8:   000007fef0e90540 0000000035e307b0
0x000000002b76cfb8:   0000000012dbb8a8 000000002b76d147
0x000000002b76cfc8:   000007fec1eceee4 0000000000000000
0x000000002b76cfd8:   0000000000000000 00000007bf759378
0x000000002b76cfe8:   0000000015162210 000000070115c6b8
0x000000002b76cff8:   0000000000409c30 0000011b00000000
0x000000002b76d008:   fffffffffffffffe 006b63615f4c554d 

Instructions: (pc=0x000000003a946000)
0x000000003a945fe0:   10 56 55 3a 00 00 00 00 06 00 00 00 00 00 00 00
0x000000003a945ff0:   e0 0c 7a e8 fe 07 00 00 40 56 55 3a 00 00 00 00
0x000000003a946000:   70 56 55 3a 00 00 00 00 01 00 01 00 00 00 80 3f
0x000000003a946010:   e0 0c 7a e8 fe 07 00 00 00 00 00 00 00 00 00 00 


Register to memory mapping:

RAX=0x000007fec20fffff is an unknown value
RBX=0x0000000035e307b0 is an unknown value
RCX=0x0000000035e307b0 is an unknown value
RDX=0x000000002b76d010 is pointing into the stack for thread: 0x0000000027902800
RSP=0x000000002b76cf18 is pointing into the stack for thread: 0x0000000027902800
RBP=0x000000002b76d059 is pointing into the stack for thread: 0x0000000027902800
RSI=0x000000002b76d010 is pointing into the stack for thread: 0x0000000027902800
RDI=0x000000000754da28 is an unknown value
R8 =0x000000002b76d010 is pointing into the stack for thread: 0x0000000027902800
R9 =0x000007fec1dd0000 is an unknown value
R10=0x000000002b76d2a8 is pointing into the stack for thread: 0x0000000027902800
R11=0x000000002b76d140 is pointing into the stack for thread: 0x0000000027902800
R12=0x0000000039cdef00 is an unknown value
R13=0x0000000035e307b0 is an unknown value
R14=0x000000002b76d010 is pointing into the stack for thread: 0x0000000027902800
R15=0x0000000035e307b0 is an unknown value


Stack: [0x000000002b270000,0x000000002b770000],  sp=0x000000002b76cf18,  free space=5107k
Native frames: (J=compiled Java code, j=interpreted, Vv=VM code, C=native code)
C  0x000000003a946000

Java frames: (J=compiled Java code, j=interpreted, Vv=VM code)
J 20356  ui.views.simulator.executive.simulationi.SimulationExecutive_getCodeTooltipValue(JLjava/lang/String;IZ)Ljava/lang/String; (0 bytes) @ 0x0000000015bf251f [0x0000000015bf24c0+0x5f]
J 22775 C2 ui.views.M.d.mouseMoved(Ljava/awt/event/MouseEvent;)V (13 bytes) @ 0x0000000014843b7c [0x00000000148437a0+0x3dc]
J 13873 C2 java.awt.AWTEventMulticaster.mouseMoved(Ljava/awt/event/MouseEvent;)V (27 bytes) @ 0x00000000141b86d4 [0x00000000141b8620+0xb4]
J 14259 C2 javax.swing.JComponent.processMouseMotionEvent(Ljava/awt/event/MouseEvent;)V (46 bytes) @ 0x0000000013edd58c [0x0000000013edd480+0x10c]
J 9941 C2 java.awt.Container.processEvent(Ljava/awt/AWTEvent;)V (22 bytes) @ 0x000000001403bfd4 [0x000000001403be60+0x174]
J 23148 C2 java.awt.Component.dispatchEventImpl(Ljava/awt/AWTEvent;)V (883 bytes) @ 0x00000000163a7c64 [0x00000000163a7000+0xc64]
J 21487 C2 java.awt.Container.dispatchEventImpl(Ljava/awt/AWTEvent;)V (129 bytes) @ 0x0000000015572780 [0x00000000155723c0+0x3c0]
J 21422 C2 java.awt.LightweightDispatcher.retargetMouseEvent(Ljava/awt/Component;ILjava/awt/event/MouseEvent;)V (350 bytes) @ 0x00000000137d8954 [0x00000000137d8500+0x454]
J 21487 C2 java.awt.Container.dispatchEventImpl(Ljava/awt/AWTEvent;)V (129 bytes) @ 0x0000000015572ef0 [0x00000000155723c0+0xb30]
J 13870 C2 java.awt.Window.dispatchEventImpl(Ljava/awt/AWTEvent;)V (23 bytes) @ 0x0000000012e6658c [0x0000000012e66540+0x4c]
J 10389 C2 java.awt.EventQueue.dispatchEventImpl(Ljava/awt/AWTEvent;Ljava/lang/Object;)V (149 bytes) @ 0x000000001260c008 [0x000000001260bca0+0x368]
J 10500 C2 java.awt.EventQueue$3.run()Ljava/lang/Object; (5 bytes) @ 0x000000001384f90c [0x000000001384f8a0+0x6c]
v  ~StubRoutines::call_stub
J 1648  java.security.AccessController.doPrivileged(Ljava/security/PrivilegedAction;Ljava/security/AccessControlContext;)Ljava/lang/Object; (0 bytes) @ 0x00000000126c28e6 [0x00000000126c2880+0x66]
J 13469 C2 java.awt.EventQueue$4.run()Ljava/lang/Object; (5 bytes) @ 0x0000000014a1733c [0x0000000014a172a0+0x9c]
v  ~StubRoutines::call_stub
J 1648  java.security.AccessController.doPrivileged(Ljava/security/PrivilegedAction;Ljava/security/AccessControlContext;)Ljava/lang/Object; (0 bytes) @ 0x00000000126c28e6 [0x00000000126c2880+0x66]
J 10375 C2 ui.frmwork.b.d.dispatchEvent(Ljava/awt/AWTEvent;)V (45 bytes) @ 0x00000000133ec310 [0x00000000133ec060+0x2b0]
J 21486 C2 java.awt.EventDispatchThread.pumpOneEventForFilters(I)V (295 bytes) @ 0x0000000012f9d6a0 [0x0000000012f9d180+0x520]
J 17008% C2 java.awt.EventDispatchThread.pumpEventsForFilter(ILjava/awt/Conditional;Ljava/awt/EventFilter;)V (47 bytes) @ 0x000000001537b460 [0x000000001537b360+0x100]
j  java.awt.EventDispatchThread.pumpEventsForHierarchy(ILjava/awt/Conditional;Ljava/awt/Component;)V+11
j  java.awt.EventDispatchThread.pumpEvents(ILjava/awt/Conditional;)V+4
j  java.awt.EventDispatchThread.pumpEvents(Ljava/awt/Conditional;)V+3
j  java.awt.EventDispatchThread.run()V+9
v  ~StubRoutines::call_stub

---------------  P R O C E S S  ---------------

Java Threads: ( => current thread )
  0x0000000031c26000 JavaThread "Relaunch Simulation" [_thread_blocked, id=8264, stack(0x000000003fad0000,0x000000003ffd0000)]
  0x000000003811c000 JavaThread "Thread-1420" [_thread_in_native, id=4596, stack(0x000000003aad0000,0x000000003abd0000)]
  0x000000003811b800 JavaThread "Thread-1419" [_thread_in_native, id=7656, stack(0x0000000032980000,0x0000000032a80000)]
  0x000000002798a800 JavaThread "Thread-1346" [_thread_in_native, id=5188, stack(0x000000003ab30000,0x000000003ac30000)]
  0x0000000031c2a000 JavaThread "Thread-1345" [_thread_in_native, id=2732, stack(0x0000000030350000,0x0000000030450000)]
  0x0000000031c29000 JavaThread "Thread-1299" [_thread_in_native, id=8388, stack(0x000000003c530000,0x000000003c630000)]
  0x0000000031c28800 JavaThread "Thread-1298" [_thread_in_native, id=5464, stack(0x000000003aad0000,0x000000003abd0000)]
  0x0000000031c27800 JavaThread "Thread-1225" [_thread_in_native, id=7708, stack(0x000000003c4f0000,0x000000003c5f0000)]
  0x0000000031c27000 JavaThread "Thread-1224" [_thread_in_native, id=3704, stack(0x000000003aaf0000,0x000000003abf0000)]
  0x0000000031c25800 JavaThread "Monitor File Timestamp Swing Worker" [_thread_blocked, id=5100, stack(0x000000003ec90000,0x000000003f190000)]
  0x0000000031c24000 JavaThread "Timer-6" [_thread_blocked, id=5044, stack(0x000000003e630000,0x000000003eb30000)]
  0x0000000031c23000 JavaThread "Thread-1041" [_thread_in_native, id=7780, stack(0x000000002c290000,0x000000002c390000)]
  0x000000002f770800 JavaThread "Thread-1040" [_thread_in_native, id=7108, stack(0x000000003c4b0000,0x000000003c5b0000)]
  0x000000002f76f000 JavaThread "Thread-999" [_thread_in_native, id=2040, stack(0x000000003c480000,0x000000003c580000)]
  0x000000002f76d800 JavaThread "Thread-998" [_thread_in_native, id=4416, stack(0x000000002c250000,0x000000002c350000)]
  0x000000002f76f800 JavaThread "Thread-945" [_thread_in_native, id=8028, stack(0x000000003e550000,0x000000003e650000)]
  0x000000002f76c000 JavaThread "Swing-Shell" daemon [_thread_blocked, id=8760, stack(0x000000003cd40000,0x000000003d240000)]
  0x000000002f76a800 JavaThread "Thread-883" [_thread_in_native, id=3852, stack(0x00000000334d0000,0x00000000335d0000)]
  0x0000000027598800 JavaThread "Thread-828" [_thread_in_native, id=8184, stack(0x000000002c230000,0x000000002c330000)]
  0x000000002a7a7000 JavaThread "Thread-797" [_thread_in_native, id=8452, stack(0x0000000030390000,0x0000000030490000)]
  0x000000002cea9000 JavaThread "Thread-796" [_thread_in_native, id=2680, stack(0x000000002b170000,0x000000002b270000)]
  0x000000002a7aa000 JavaThread "Thread-778" [_thread_in_native, id=1400, stack(0x0000000033430000,0x0000000033530000)]
  0x000000002ceac000 JavaThread "Thread-770" [_thread_in_native, id=7148, stack(0x00000000303c0000,0x00000000304c0000)]
  0x000000002ceab000 JavaThread "Thread-749" [_thread_in_native, id=3924, stack(0x00000000333e0000,0x00000000334e0000)]
  0x000000002ceaa800 JavaThread "Thread-748" [_thread_in_native, id=7248, stack(0x00000000303d0000,0x00000000304d0000)]
  0x000000002cea8000 JavaThread "Thread-717" [_thread_in_native, id=3840, stack(0x00000000333a0000,0x00000000334a0000)]
  0x000000002cea6800 JavaThread "Thread-623" [_thread_in_native, id=4336, stack(0x00000000303c0000,0x00000000304c0000)]
  0x000000002cea7800 JavaThread "Thread-581" [_thread_in_native, id=4076, stack(0x00000000303c0000,0x00000000304c0000)]
  0x000000002cea6000 JavaThread "Thread-546" [_thread_in_native, id=756, stack(0x00000000303e0000,0x00000000304e0000)]
  0x000000002a7a5800 JavaThread "Thread-516" [_thread_in_native, id=4476, stack(0x000000002b140000,0x000000002b240000)]
  0x000000002a7a8800 JavaThread "Thread-394" [_thread_in_native, id=7588, stack(0x000000002c230000,0x000000002c330000)]
  0x000000002a7a9000 JavaThread "Thread-393" [_thread_in_native, id=6936, stack(0x00000000303d0000,0x00000000304d0000)]
  0x000000002a7a7800 JavaThread "Thread-301" [_thread_in_native, id=2560, stack(0x0000000033480000,0x0000000033580000)]
  0x000000002a7a6000 JavaThread "Thread-300" [_thread_in_native, id=3964, stack(0x0000000030350000,0x0000000030450000)]
  0x000000002a7a4800 JavaThread "Thread-249" [_thread_in_native, id=5140, stack(0x0000000033470000,0x0000000033570000)]
  0x000000002a7a4000 JavaThread "Thread-248" [_thread_in_native, id=6080, stack(0x00000000303b0000,0x00000000304b0000)]
  0x000000002d8bb800 JavaThread "Thread-235" [_thread_in_native, id=8904, stack(0x0000000033410000,0x0000000033510000)]
  0x000000002a7a3000 JavaThread "Thread-234" [_thread_in_native, id=3336, stack(0x000000002c260000,0x000000002c360000)]
  0x000000002d8b6000 JavaThread "SyntheticaAnimation 50" daemon [_thread_blocked, id=1776, stack(0x0000000036e00000,0x0000000037300000)]
  0x000000002d8b9000 JavaThread "Thread-207" [_thread_in_native, id=7284, stack(0x000000002b140000,0x000000002b240000)]
  0x000000002d8b8800 JavaThread "Thread-206" [_thread_in_native, id=4124, stack(0x000000002c250000,0x000000002c350000)]
  0x000000002d8b7800 JavaThread "Thread-171" [_thread_in_native, id=6964, stack(0x000000002b130000,0x000000002b230000)]
  0x000000002d8b7000 JavaThread "Thread-170" [_thread_in_native, id=6220, stack(0x0000000030360000,0x0000000030460000)]
  0x000000002d8b4800 JavaThread "Thread-147" [_thread_in_native, id=8160, stack(0x000000002c280000,0x000000002c380000)]
  0x000000002d8b5800 JavaThread "Thread-146" [_thread_in_native, id=8536, stack(0x0000000030330000,0x0000000030430000)]
  0x000000002798b800 JavaThread "Thread-126" [_thread_in_native, id=3832, stack(0x0000000033410000,0x0000000033510000)]
  0x000000002759d000 JavaThread "Thread-125" [_thread_in_native, id=8336, stack(0x0000000030370000,0x0000000030470000)]
  0x000000002759b000 JavaThread "Monitor File Timestamp Swing Worker" [_thread_blocked, id=6736, stack(0x00000000395e0000,0x0000000039ae0000)]
  0x0000000027599800 JavaThread "Timer-1" [_thread_blocked, id=5512, stack(0x00000000365e0000,0x0000000036ae0000)]
  0x000000002759a000 JavaThread "Thread-106" [_thread_in_native, id=3952, stack(0x00000000303c0000,0x00000000304c0000)]
  0x0000000027597000 JavaThread "Thread-105" [_thread_in_native, id=8252, stack(0x000000002c210000,0x000000002c310000)]
  0x0000000027990000 JavaThread "Thread-51" [_thread_in_native, id=7012, stack(0x000000002b130000,0x000000002b230000)]
  0x000000002d45f000 JavaThread "Thread-50" [_thread_in_native, id=916, stack(0x0000000033190000,0x0000000033290000)]
  0x0000000027989800 JavaThread "SyntheticaAnimation 50" daemon [_thread_blocked, id=5004, stack(0x0000000034d30000,0x0000000035230000)]
  0x000000002d461800 JavaThread "Thread-26" [_thread_in_native, id=9100, stack(0x00000000303d0000,0x00000000304d0000)]
  0x000000002798c000 JavaThread "Thread-25" [_thread_in_native, id=6524, stack(0x0000000030560000,0x0000000030660000)]
  0x000000002d464800 JavaThread "hw_ila_monitor" [_thread_blocked, id=6716, stack(0x0000000034820000,0x0000000034d20000)]
  0x000000002d463800 JavaThread "Update Runs Swing Worker" [_thread_blocked, id=2752, stack(0x0000000034310000,0x0000000034810000)]
  0x000000002d463000 JavaThread "Refresh Filesets Swing Worker" [_thread_blocked, id=4156, stack(0x0000000033b40000,0x0000000034040000)]
  0x000000002d462000 JavaThread "SyntheticaAnimation 70" daemon [_thread_blocked, id=5576, stack(0x00000000335d0000,0x0000000033ad0000)]
  0x000000002d460800 JavaThread "SyntheticaAnimation 25" daemon [_thread_blocked, id=6740, stack(0x0000000032a80000,0x0000000032f80000)]
  0x000000002d460000 JavaThread "SyntheticaAnimation 50" daemon [_thread_blocked, id=5480, stack(0x00000000323f0000,0x00000000328f0000)]
  0x000000002d63a800 JavaThread "Batik CleanerThread" daemon [_thread_blocked, id=7748, stack(0x000000002dde0000,0x000000002e2e0000)]
  0x000000002a6c2000 JavaThread "SyntheticaCleanerThread" daemon [_thread_blocked, id=6584, stack(0x000000002c8d0000,0x000000002cdd0000)]
  0x000000002a1f5000 JavaThread "Process Messages" [_thread_blocked, id=4360, stack(0x000000002c390000,0x000000002c890000)]
  0x0000000029d3c000 JavaThread "Thread-3" [_thread_in_native, id=8764, stack(0x0000000002cb0000,0x00000000040b0000)]
=>0x0000000027902800 JavaThread "AWT-EventQueue-0" [_thread_in_native, id=7296, stack(0x000000002b270000,0x000000002b770000)]
  0x00000000276fe000 JavaThread "AWT-Windows" daemon [_thread_in_native, id=3328, stack(0x0000000028df0000,0x00000000292f0000)]
  0x00000000276ef000 JavaThread "AWT-Shutdown" [_thread_blocked, id=8128, stack(0x00000000287a0000,0x0000000028ca0000)]
  0x00000000276ee000 JavaThread "Java2D Disposer" daemon [_thread_blocked, id=4040, stack(0x00000000281b0000,0x00000000286b0000)]
  0x00000000276ce000 JavaThread "TimerQueue" daemon [_thread_blocked, id=8680, stack(0x0000000027b10000,0x0000000028010000)]
  0x000000000e8f9000 JavaThread "Service Thread" daemon [_thread_blocked, id=4432, stack(0x00000000112c0000,0x00000000117c0000)]
  0x000000000e8c2000 JavaThread "C1 CompilerThread2" daemon [_thread_blocked, id=5124, stack(0x0000000011180000,0x0000000011280000)]
  0x000000000e8b8000 JavaThread "C2 CompilerThread1" daemon [_thread_blocked, id=4132, stack(0x0000000011050000,0x0000000011150000)]
  0x000000000e8b7000 JavaThread "C2 CompilerThread0" daemon [_thread_blocked, id=2756, stack(0x000000000f5f0000,0x000000000f6f0000)]
  0x000000000e8bf000 JavaThread "Attach Listener" daemon [_thread_blocked, id=480, stack(0x0000000010ab0000,0x0000000010fb0000)]
  0x000000000e8bd800 JavaThread "Signal Dispatcher" daemon [_thread_blocked, id=7568, stack(0x0000000010530000,0x0000000010a30000)]
  0x000000000e89a000 JavaThread "Finalizer" daemon [_thread_blocked, id=5296, stack(0x000000000ff60000,0x0000000010460000)]
  0x000000000e852000 JavaThread "Reference Handler" daemon [_thread_blocked, id=8408, stack(0x000000000fa00000,0x000000000ff00000)]
  0x000000000214a800 JavaThread "main" [_thread_blocked, id=6884, stack(0x000000000be50000,0x000000000bf50000)]

Other Threads:
  0x000000000e84a800 VMThread [stack: 0x000000000f730000,0x000000000f830000] [id=7716]
  0x00000000117de800 WatcherThread [stack: 0x000000000d560000,0x000000000d660000] [id=8244]

VM state:not at safepoint (normal execution)

VM Mutex/Monitor currently owned by a thread: None

Heap:
 PSYoungGen      total 59392K, used 53381K [0x00000007bc400000, 0x00000007c0000000, 0x00000007c0000000)
  eden space 58368K, 91% used [0x00000007bc400000,0x00000007bf821470,0x00000007bfd00000)
  from space 1024K, 0% used [0x00000007bff00000,0x00000007bff00000,0x00000007c0000000)
  to   space 1536K, 0% used [0x00000007bfd00000,0x00000007bfd00000,0x00000007bfe80000)
 ParOldGen       total 124928K, used 60223K [0x0000000700000000, 0x0000000707a00000, 0x00000007bc400000)
  object space 124928K, 48% used [0x0000000700000000,0x0000000703acfcd0,0x0000000707a00000)
 Metaspace       used 75232K, capacity 75983K, committed 76672K, reserved 1116160K
  class space    used 10148K, capacity 10309K, committed 10368K, reserved 1048576K

Card table byte_map: [0x000000000c310000,0x000000000c920000] byte_map_base: 0x0000000008b10000

Marking Bits: (ParMarkBitMap*) 0x0000000069afa6d0
 Begin Bits: [0x0000000021280000, 0x0000000024280000)
 End Bits:   [0x0000000024280000, 0x0000000027280000)

Polling page: 0x0000000000130000

CodeCache: size=245760Kb used=66437Kb max_used=66449Kb free=179322Kb
 bounds [0x0000000012280000, 0x0000000016400000, 0x0000000021280000]
 total_blobs=17873 nmethods=16957 adapters=818
 compilation: enabled

Compilation events (10 events):
Event: 4501.789 Thread 0x000000000e8c2000 23332       3       com.sun.org.apache.xml.internal.serialize.XMLSerializer::reset (35 bytes)
Event: 4501.789 Thread 0x000000000e8c2000 nmethod 23332 0x00000000140244d0 code [0x0000000014024660, 0x00000000140248e8]
Event: 4501.791 Thread 0x000000000e8c2000 23333       3       com.sun.org.apache.xml.internal.serialize.BaseMarkupSerializer::reset (46 bytes)
Event: 4501.792 Thread 0x000000000e8c2000 nmethod 23333 0x0000000013d34490 code [0x0000000013d34640, 0x0000000013d34ba8]
Event: 4501.792 Thread 0x000000000e8c2000 23334       3       com.sun.org.apache.xml.internal.serialize.BaseMarkupSerializer::serializePreRoot (65 bytes)
Event: 4501.792 Thread 0x000000000e8c2000 nmethod 23334 0x000000001255fe90 code [0x0000000012560040, 0x00000000125608f8]
Event: 4501.792 Thread 0x000000000e8c2000 23335   !   3       com.sun.org.apache.xml.internal.serialize.IndentPrinter::flush (48 bytes)
Event: 4501.793 Thread 0x000000000e8c2000 nmethod 23335 0x0000000013f0cfd0 code [0x0000000013f0d160, 0x0000000013f0d9b8]
Event: 4502.692 Thread 0x000000000e8c2000 23336       3       ui.data.common.H::dT (9 bytes)
Event: 4502.692 Thread 0x000000000e8c2000 nmethod 23336 0x0000000013d57b90 code [0x0000000013d57d00, 0x0000000013d57e88]

GC Heap History (10 events):
Event: 4484.527 GC heap before
{Heap before GC invocations=987 (full 254):
 PSYoungGen      total 60416K, used 59872K [0x00000007bc400000, 0x00000007c0000000, 0x00000007c0000000)
  eden space 59392K, 100% used [0x00000007bc400000,0x00000007bfe00000,0x00000007bfe00000)
  from space 1024K, 46% used [0x00000007bff00000,0x00000007bff78000,0x00000007c0000000)
  to   space 1024K, 0% used [0x00000007bfe00000,0x00000007bfe00000,0x00000007bff00000)
 ParOldGen       total 124928K, used 61387K [0x0000000700000000, 0x0000000707a00000, 0x00000007bc400000)
  object space 124928K, 49% used [0x0000000700000000,0x0000000703bf2e88,0x0000000707a00000)
 Metaspace       used 75225K, capacity 75983K, committed 76672K, reserved 1116160K
  class space    used 10148K, capacity 10309K, committed 10368K, reserved 1048576K
Event: 4484.532 GC heap after
Heap after GC invocations=987 (full 254):
 PSYoungGen      total 60416K, used 576K [0x00000007bc400000, 0x00000007c0000000, 0x00000007c0000000)
  eden space 59392K, 0% used [0x00000007bc400000,0x00000007bc400000,0x00000007bfe00000)
  from space 1024K, 56% used [0x00000007bfe00000,0x00000007bfe90000,0x00000007bff00000)
  to   space 1024K, 0% used [0x00000007bff00000,0x00000007bff00000,0x00000007c0000000)
 ParOldGen       total 124928K, used 61403K [0x0000000700000000, 0x0000000707a00000, 0x00000007bc400000)
  object space 124928K, 49% used [0x0000000700000000,0x0000000703bf6e88,0x0000000707a00000)
 Metaspace       used 75225K, capacity 75983K, committed 76672K, reserved 1116160K
  class space    used 10148K, capacity 10309K, committed 10368K, reserved 1048576K
}
Event: 4489.702 GC heap before
{Heap before GC invocations=988 (full 254):
 PSYoungGen      total 60416K, used 59968K [0x00000007bc400000, 0x00000007c0000000, 0x00000007c0000000)
  eden space 59392K, 100% used [0x00000007bc400000,0x00000007bfe00000,0x00000007bfe00000)
  from space 1024K, 56% used [0x00000007bfe00000,0x00000007bfe90000,0x00000007bff00000)
  to   space 1024K, 0% used [0x00000007bff00000,0x00000007bff00000,0x00000007c0000000)
 ParOldGen       total 124928K, used 61403K [0x0000000700000000, 0x0000000707a00000, 0x00000007bc400000)
  object space 124928K, 49% used [0x0000000700000000,0x0000000703bf6e88,0x0000000707a00000)
 Metaspace       used 75225K, capacity 75983K, committed 76672K, reserved 1116160K
  class space    used 10148K, capacity 10309K, committed 10368K, reserved 1048576K
Event: 4489.707 GC heap after
Heap after GC invocations=988 (full 254):
 PSYoungGen      total 60416K, used 768K [0x00000007bc400000, 0x00000007c0000000, 0x00000007c0000000)
  eden space 59392K, 0% used [0x00000007bc400000,0x00000007bc400000,0x00000007bfe00000)
  from space 1024K, 75% used [0x00000007bff00000,0x00000007bffc0000,0x00000007c0000000)
  to   space 1024K, 0% used [0x00000007bfe00000,0x00000007bfe00000,0x00000007bff00000)
 ParOldGen       total 124928K, used 61403K [0x0000000700000000, 0x0000000707a00000, 0x00000007bc400000)
  object space 124928K, 49% used [0x0000000700000000,0x0000000703bf6e88,0x0000000707a00000)
 Metaspace       used 75225K, capacity 75983K, committed 76672K, reserved 1116160K
  class space    used 10148K, capacity 10309K, committed 10368K, reserved 1048576K
}
Event: 4499.258 GC heap before
{Heap before GC invocations=989 (full 254):
 PSYoungGen      total 60416K, used 60160K [0x00000007bc400000, 0x00000007c0000000, 0x00000007c0000000)
  eden space 59392K, 100% used [0x00000007bc400000,0x00000007bfe00000,0x00000007bfe00000)
  from space 1024K, 75% used [0x00000007bff00000,0x00000007bffc0000,0x00000007c0000000)
  to   space 1024K, 0% used [0x00000007bfe00000,0x00000007bfe00000,0x00000007bff00000)
 ParOldGen       total 124928K, used 61403K [0x0000000700000000, 0x0000000707a00000, 0x00000007bc400000)
  object space 124928K, 49% used [0x0000000700000000,0x0000000703bf6e88,0x0000000707a00000)
 Metaspace       used 75225K, capacity 75983K, committed 76672K, reserved 1116160K
  class space    used 10148K, capacity 10309K, committed 10368K, reserved 1048576K
Event: 4499.264 GC heap after
Heap after GC invocations=989 (full 254):
 PSYoungGen      total 60416K, used 896K [0x00000007bc400000, 0x00000007c0000000, 0x00000007c0000000)
  eden space 59392K, 0% used [0x00000007bc400000,0x00000007bc400000,0x00000007bfe00000)
  from space 1024K, 87% used [0x00000007bfe00000,0x00000007bfee0000,0x00000007bff00000)
  to   space 1024K, 0% used [0x00000007bff00000,0x00000007bff00000,0x00000007c0000000)
 ParOldGen       total 124928K, used 61403K [0x0000000700000000, 0x0000000707a00000, 0x00000007bc400000)
  object space 124928K, 49% used [0x0000000700000000,0x0000000703bf6e88,0x0000000707a00000)
 Metaspace       used 75225K, capacity 75983K, committed 76672K, reserved 1116160K
  class space    used 10148K, capacity 10309K, committed 10368K, reserved 1048576K
}
Event: 4500.538 GC heap before
{Heap before GC invocations=990 (full 254):
 PSYoungGen      total 60416K, used 30963K [0x00000007bc400000, 0x00000007c0000000, 0x00000007c0000000)
  eden space 59392K, 50% used [0x00000007bc400000,0x00000007be15cef0,0x00000007bfe00000)
  from space 1024K, 87% used [0x00000007bfe00000,0x00000007bfee0000,0x00000007bff00000)
  to   space 1024K, 0% used [0x00000007bff00000,0x00000007bff00000,0x00000007c0000000)
 ParOldGen       total 124928K, used 61403K [0x0000000700000000, 0x0000000707a00000, 0x00000007bc400000)
  object space 124928K, 49% used [0x0000000700000000,0x0000000703bf6e88,0x0000000707a00000)
 Metaspace       used 75227K, capacity 75983K, committed 76672K, reserved 1116160K
  class space    used 10148K, capacity 10309K, committed 10368K, reserved 1048576K
Event: 4500.544 GC heap after
Heap after GC invocations=990 (full 254):
 PSYoungGen      total 59392K, used 800K [0x00000007bc400000, 0x00000007c0000000, 0x00000007c0000000)
  eden space 58368K, 0% used [0x00000007bc400000,0x00000007bc400000,0x00000007bfd00000)
  from space 1024K, 78% used [0x00000007bff00000,0x00000007bffc8000,0x00000007c0000000)
  to   space 1536K, 0% used [0x00000007bfd00000,0x00000007bfd00000,0x00000007bfe80000)
 ParOldGen       total 124928K, used 61403K [0x0000000700000000, 0x0000000707a00000, 0x00000007bc400000)
  object space 124928K, 49% used [0x0000000700000000,0x0000000703bf6e88,0x0000000707a00000)
 Metaspace       used 75227K, capacity 75983K, committed 76672K, reserved 1116160K
  class space    used 10148K, capacity 10309K, committed 10368K, reserved 1048576K
}
Event: 4500.544 GC heap before
{Heap before GC invocations=991 (full 255):
 PSYoungGen      total 59392K, used 800K [0x00000007bc400000, 0x00000007c0000000, 0x00000007c0000000)
  eden space 58368K, 0% used [0x00000007bc400000,0x00000007bc400000,0x00000007bfd00000)
  from space 1024K, 78% used [0x00000007bff00000,0x00000007bffc8000,0x00000007c0000000)
  to   space 1536K, 0% used [0x00000007bfd00000,0x00000007bfd00000,0x00000007bfe80000)
 ParOldGen       total 124928K, used 61403K [0x0000000700000000, 0x0000000707a00000, 0x00000007bc400000)
  object space 124928K, 49% used [0x0000000700000000,0x0000000703bf6e88,0x0000000707a00000)
 Metaspace       used 75227K, capacity 75983K, committed 76672K, reserved 1116160K
  class space    used 10148K, capacity 10309K, committed 10368K, reserved 1048576K
Event: 4500.743 GC heap after
Heap after GC invocations=991 (full 255):
 PSYoungGen      total 59392K, used 0K [0x00000007bc400000, 0x00000007c0000000, 0x00000007c0000000)
  eden space 58368K, 0% used [0x00000007bc400000,0x00000007bc400000,0x00000007bfd00000)
  from space 1024K, 0% used [0x00000007bff00000,0x00000007bff00000,0x00000007c0000000)
  to   space 1536K, 0% used [0x00000007bfd00000,0x00000007bfd00000,0x00000007bfe80000)
 ParOldGen       total 124928K, used 60223K [0x0000000700000000, 0x0000000707a00000, 0x00000007bc400000)
  object space 124928K, 48% used [0x0000000700000000,0x0000000703acfcd0,0x0000000707a00000)
 Metaspace       used 75227K, capacity 75983K, committed 76672K, reserved 1116160K
  class space    used 10148K, capacity 10309K, committed 10368K, reserved 1048576K
}

Deoptimization events (10 events):
Event: 4146.305 Thread 0x0000000027902800 Uncommon trap: reason=unstable_if action=reinterpret pc=0x00000000162880d0 method=java.awt.Component.dispatchEventImpl(Ljava/awt/AWTEvent;)V @ 759
Event: 4192.909 Thread 0x0000000027902800 Uncommon trap: reason=unstable_if action=reinterpret pc=0x0000000015b3e72c method=ui.utils.o.h.b.f(Ljava/awt/Rectangle;Ljava/awt/Rectangle;)Z @ 39
Event: 4192.909 Thread 0x0000000027902800 Uncommon trap: reason=unstable_if action=reinterpret pc=0x000000001353b88c method=ui.utils.o.h.b.f(Ljava/awt/Rectangle;Ljava/awt/Rectangle;)Z @ 39
Event: 4298.657 Thread 0x0000000027902800 Uncommon trap: reason=unstable_if action=reinterpret pc=0x00000000149c7dc0 method=ui.views.waveform.executive.protobuf.WVPrefs$WVColoredObject$Builder.maybeForceBuilderInitialization()V @ 3
Event: 4300.332 Thread 0x0000000027902800 Uncommon trap: reason=class_check action=maybe_recompile pc=0x0000000012733900 method=sun.java2d.pipe.SpanShapeRenderer.fill(Lsun/java2d/SunGraphics2D;Ljava/awt/Shape;)V @ 1
Event: 4300.498 Thread 0x0000000027902800 Uncommon trap: reason=class_check action=maybe_recompile pc=0x0000000012733900 method=sun.java2d.pipe.SpanShapeRenderer.fill(Lsun/java2d/SunGraphics2D;Ljava/awt/Shape;)V @ 1
Event: 4449.262 Thread 0x0000000027902800 Uncommon trap: reason=unstable_if action=reinterpret pc=0x0000000016075c40 method=com.jidesoft.editor.DefaultSpan.isValid()Z @ 16
Event: 4449.262 Thread 0x0000000027902800 Uncommon trap: reason=unstable_if action=reinterpret pc=0x000000001356b244 method=com.jidesoft.editor.DefaultSpan.isValid()Z @ 16
Event: 4449.262 Thread 0x0000000027902800 Uncommon trap: reason=unstable_if action=reinterpret pc=0x0000000012c7e308 method=com.jidesoft.editor.DefaultSpan.isValid()Z @ 16
Event: 4449.617 Thread 0x0000000027902800 Uncommon trap: reason=unstable_if action=reinterpret pc=0x0000000014c9a7b0 method=ui.views.T.a.bk.paintFolding(Ljava/awt/Graphics;Lcom/jidesoft/editor/folding/FoldingSpan;I)V @ 227

Internal exceptions (10 events):
Event: 2930.596 Thread 0x0000000027902800 Implicit null exception at 0x00000000126ce30c to 0x00000000126ce4d9
Event: 2981.419 Thread 0x0000000027902800 Implicit null exception at 0x00000000128cd673 to 0x00000000128cd698
Event: 2981.420 Thread 0x0000000027902800 Implicit null exception at 0x00000000123fa323 to 0x00000000123fa3a5
Event: 2981.421 Thread 0x0000000027902800 Implicit null exception at 0x000000001315d920 to 0x000000001315d991
Event: 2986.162 Thread 0x0000000027902800 Implicit null exception at 0x0000000015b21b51 to 0x0000000015b21e96
Event: 2986.204 Thread 0x0000000027902800 Implicit null exception at 0x0000000015da7937 to 0x0000000015da7e29
Event: 3907.957 Thread 0x0000000027902800 Implicit null exception at 0x0000000012dd53ab to 0x0000000012dd66dd
Event: 3947.517 Thread 0x0000000027902800 Implicit null exception at 0x0000000014b1ad65 to 0x0000000014b1da69
Event: 4076.264 Thread 0x0000000027902800 Implicit null exception at 0x0000000013a6c63f to 0x0000000013a6cc11
Event: 4143.302 Thread 0x0000000031c26000 Exception <a 'ui/frmwork/CommandFailedException'> (0x00000007be212a18) thrown at [C:\re\workspace\8-2-build-windows-amd64-cygwin\jdk8u112\7884\hotspot\src\share\vm\prims\jni.cpp, line 709]

Events (10 events):
Event: 4501.782 Executing VM operation: RevokeBias done
Event: 4501.787 Thread 0x000000000e8c2000 flushing nmethod 0x00000000156c2e50
Event: 4501.787 Thread 0x000000000e8c2000 flushing nmethod 0x00000000156f8750
Event: 4502.691 Executing VM operation: BulkRevokeBias
Event: 4502.691 Executing VM operation: BulkRevokeBias done
Event: 4502.692 Thread 0x0000000031c26000 Thread added: 0x0000000031c26000
Event: 4502.695 Executing VM operation: RevokeBias
Event: 4502.695 Executing VM operation: RevokeBias done
Event: 4502.695 Executing VM operation: RevokeBias
Event: 4502.695 Executing VM operation: RevokeBias done


Dynamic libraries:
0x000000013fe60000 - 0x000000013fe90000 	C:\Xilinx\Vivado\2017.4\bin\unwrapped\win64.o\vivado.exe
0x0000000077280000 - 0x000000007742a000 	C:\Windows\SYSTEM32\ntdll.dll
0x0000000077160000 - 0x000000007727f000 	C:\Windows\system32\kernel32.dll
0x000007fefd1d0000 - 0x000007fefd23a000 	C:\Windows\system32\KERNELBASE.dll
0x000007fef7620000 - 0x000007fef7634000 	C:\Xilinx\Vivado\2017.4\lib\win64.o\libboost_signals.dll
0x000007fef0e30000 - 0x000007fef0ecd000 	C:\Windows\system32\MSVCP140.dll
0x000007fef81e0000 - 0x000007fef81f7000 	C:\Windows\system32\VCRUNTIME140.dll
0x000007fefadb0000 - 0x000007fefadb4000 	C:\Windows\system32\api-ms-win-crt-runtime-l1-1-0.dll
0x000007feed320000 - 0x000007feed414000 	C:\Windows\system32\ucrtbase.DLL
0x000007fefacc0000 - 0x000007fefacc3000 	C:\Windows\system32\api-ms-win-core-timezone-l1-1-0.dll
0x000007fef9eb0000 - 0x000007fef9eb3000 	C:\Windows\system32\api-ms-win-core-file-l2-1-0.dll
0x000007fefa4f0000 - 0x000007fefa4f3000 	C:\Windows\system32\api-ms-win-core-localization-l1-2-0.dll
0x000007fefc080000 - 0x000007fefc083000 	C:\Windows\system32\api-ms-win-core-synch-l1-2-0.dll
0x000007fef8210000 - 0x000007fef8213000 	C:\Windows\system32\api-ms-win-core-processthreads-l1-1-1.dll
0x000007fef9dd0000 - 0x000007fef9dd3000 	C:\Windows\system32\api-ms-win-core-file-l1-2-0.dll
0x000007fef8200000 - 0x000007fef8204000 	C:\Windows\system32\api-ms-win-crt-string-l1-1-0.dll
0x000007fef8060000 - 0x000007fef8063000 	C:\Windows\system32\api-ms-win-crt-heap-l1-1-0.dll
0x000007fef8070000 - 0x000007fef8074000 	C:\Windows\system32\api-ms-win-crt-stdio-l1-1-0.dll
0x000007fef8040000 - 0x000007fef8044000 	C:\Windows\system32\api-ms-win-crt-convert-l1-1-0.dll
0x000007fef8050000 - 0x000007fef8053000 	C:\Windows\system32\api-ms-win-crt-locale-l1-1-0.dll
0x000007fef7f90000 - 0x000007fef7f95000 	C:\Windows\system32\api-ms-win-crt-math-l1-1-0.dll
0x000007fef7fa0000 - 0x000007fef7fa5000 	C:\Windows\system32\api-ms-win-crt-multibyte-l1-1-0.dll
0x000007fef7f70000 - 0x000007fef7f73000 	C:\Windows\system32\api-ms-win-crt-time-l1-1-0.dll
0x000007fef7f80000 - 0x000007fef7f83000 	C:\Windows\system32\api-ms-win-crt-filesystem-l1-1-0.dll
0x000007fef7f50000 - 0x000007fef7f53000 	C:\Windows\system32\api-ms-win-crt-environment-l1-1-0.dll
0x000007fef7f60000 - 0x000007fef7f63000 	C:\Windows\system32\api-ms-win-crt-utility-l1-1-0.dll
0x000007fee7b80000 - 0x000007fee8826000 	C:\Xilinx\Vivado\2017.4\lib\win64.o\librdi_common.dll
0x000007fee9e50000 - 0x000007feea1be000 	C:\Xilinx\Vivado\2017.4\lib\win64.o\libCOIN-all.dll
0x000007feec9a0000 - 0x000007feecc55000 	C:\Xilinx\Vivado\2017.4\lib\win64.o\libXil_lmgr11.dll
0x0000000077060000 - 0x000000007715a000 	C:\Windows\system32\USER32.dll
0x000007feff310000 - 0x000007feff377000 	C:\Windows\system32\GDI32.dll
0x000007fefd400000 - 0x000007fefd40e000 	C:\Windows\system32\LPK.dll
0x000007feff240000 - 0x000007feff30b000 	C:\Windows\system32\USP10.dll
0x000007fefe5f0000 - 0x000007fefe68f000 	C:\Windows\system32\msvcrt.dll
0x000007fefad80000 - 0x000007fefad96000 	C:\Windows\system32\NETAPI32.dll
0x000007fefad70000 - 0x000007fefad7c000 	C:\Windows\system32\netutils.dll
0x000007fefca90000 - 0x000007fefcab3000 	C:\Windows\system32\srvcli.dll
0x000007fefe7d0000 - 0x000007fefe8fd000 	C:\Windows\system32\RPCRT4.dll
0x000007fefad50000 - 0x000007fefad65000 	C:\Windows\system32\wkscli.dll
0x000007fefe690000 - 0x000007fefe727000 	C:\Windows\system32\COMDLG32.dll
0x000007feff380000 - 0x000007feff3f1000 	C:\Windows\system32\SHLWAPI.dll
0x000007fef9330000 - 0x000007fef93d0000 	C:\Windows\WinSxS\amd64_microsoft.windows.common-controls_6595b64144ccf1df_5.82.7601.18837_none_a4d981ff711297b6\COMCTL32.dll
0x000007fefe200000 - 0x000007fefe2db000 	C:\Windows\system32\ADVAPI32.dll
0x000007fefe3d0000 - 0x000007fefe3ef000 	C:\Windows\SYSTEM32\sechost.dll
0x000007fefd410000 - 0x000007fefe19a000 	C:\Windows\system32\SHELL32.dll
0x000007fef1040000 - 0x000007fef1049000 	C:\Windows\system32\WSOCK32.dll
0x000007feff1f0000 - 0x000007feff23d000 	C:\Windows\system32\WS2_32.dll
0x000007fefe3c0000 - 0x000007fefe3c8000 	C:\Windows\system32\NSI.dll
0x000007fefe2e0000 - 0x000007fefe3ba000 	C:\Windows\system32\OLEAUT32.dll
0x000007fefe3f0000 - 0x000007fefe5ec000 	C:\Windows\system32\ole32.dll
0x000007fef9d50000 - 0x000007fef9d68000 	C:\Windows\system32\dhcpcsvc.DLL
0x000007fef7d90000 - 0x000007fef7d93000 	C:\Windows\system32\api-ms-win-crt-conio-l1-1-0.dll
0x000007fefd360000 - 0x000007fefd39b000 	C:\Windows\system32\WINTRUST.dll
0x000007fefd060000 - 0x000007fefd1cd000 	C:\Windows\system32\CRYPT32.dll
0x000007fefd050000 - 0x000007fefd05f000 	C:\Windows\system32\MSASN1.dll
0x000007fef7d70000 - 0x000007fef7d84000 	C:\Xilinx\Vivado\2017.4\lib\win64.o\libboost_date_time.dll
0x000007fef75c0000 - 0x000007fef75e6000 	C:\Xilinx\Vivado\2017.4\lib\win64.o\libboost_filesystem.dll
0x000007fef7f40000 - 0x000007fef7f4b000 	C:\Xilinx\Vivado\2017.4\lib\win64.o\libboost_system.dll
0x000007fef0c60000 - 0x000007fef0cdf000 	C:\Xilinx\Vivado\2017.4\lib\win64.o\libboost_program_options.dll
0x000007feed200000 - 0x000007feed314000 	C:\Xilinx\Vivado\2017.4\lib\win64.o\libboost_regex.dll
0x000007fef75f0000 - 0x000007fef7611000 	C:\Xilinx\Vivado\2017.4\lib\win64.o\libboost_thread.dll
0x000007fef75a0000 - 0x000007fef75ad000 	C:\Xilinx\Vivado\2017.4\lib\win64.o\libboost_chrono.dll
0x000007fef75b0000 - 0x000007fef75bf000 	C:\Xilinx\Vivado\2017.4\lib\win64.o\libboost_xilinx.dll
0x000007fef0da0000 - 0x000007fef0e22000 	C:\Xilinx\Vivado\2017.4\lib\win64.o\libhdlpsolve.dll
0x000007feeee10000 - 0x000007feeeeb5000 	C:\Xilinx\Vivado\2017.4\lib\win64.o\libhdxml.dll
0x000007fee9860000 - 0x000007fee9e4b400 	C:\Xilinx\Vivado\2017.4\lib\win64.o\libisl_iostreams.dll
0x000007fef2f60000 - 0x000007fef2f7b000 	C:\Xilinx\Vivado\2017.4\lib\win64.o\libboost_iostreams.dll
0x000007fef2f30000 - 0x000007fef2f51000 	C:\Xilinx\Vivado\2017.4\lib\win64.o\librdizlib.dll
0x000007fef0220000 - 0x000007fef0245000 	C:\Xilinx\Vivado\2017.4\lib\win64.o\libisl_iosutils.dll
0x000007fef01f0000 - 0x000007fef021e000 	C:\Xilinx\Vivado\2017.4\lib\win64.o\libisl_sysinfo.dll
0x00000000692e0000 - 0x0000000069b7a000 	C:\Xilinx\Vivado\2017.4\tps\win64\jre\bin\server\jvm.dll
0x000007fef92d0000 - 0x000007fef930b000 	C:\Windows\system32\WINMM.dll
0x000007fefcf70000 - 0x000007fefcf7c000 	C:\Windows\system32\VERSION.dll
0x0000000077440000 - 0x0000000077447000 	C:\Windows\system32\PSAPI.DLL
0x00000000731a0000 - 0x0000000073272000 	C:\Windows\system32\MSVCR100.dll
0x000007feeeda0000 - 0x000007feeee05000 	C:\Xilinx\Vivado\2017.4\lib\win64.o\liblmx6.0.dll
0x000007fef2f80000 - 0x000007fef2f95000 	C:\Xilinx\Vivado\2017.4\lib\win64.o\pthreadVC2.dll
0x000007feed120000 - 0x000007feed1f4000 	C:\Windows\system32\MSVCR110.dll
0x000007feec8a0000 - 0x000007feec9a0000 	C:\Xilinx\Vivado\2017.4\lib\win64.o\librdi_commonxillic.dll
0x000007feec470000 - 0x000007feec5c1000 	C:\Xilinx\Vivado\2017.4\lib\win64.o\librdi_curl.dll
0x000007fef0d80000 - 0x000007fef0d9c000 	C:\Xilinx\Vivado\2017.4\lib\win64.o\librdiconfig.dll
0x0000000073070000 - 0x000000007319b000 	C:\Xilinx\Vivado\2017.4\lib\win64.o\tcl85t.dll
0x0000000012000000 - 0x0000000012272000 	C:\Xilinx\Vivado\2017.4\lib\win64.o\xerces-c_3_1.dll
0x000007fefeb10000 - 0x000007fefed6a000 	C:\Windows\system32\WININET.dll
0x000007fefd290000 - 0x000007fefd294000 	C:\Windows\system32\api-ms-win-downlevel-user32-l1-1-0.dll
0x000007fefd3c0000 - 0x000007fefd3c4000 	C:\Windows\system32\api-ms-win-downlevel-shlwapi-l1-1-0.dll
0x000007fefd3b0000 - 0x000007fefd3b4000 	C:\Windows\system32\api-ms-win-downlevel-version-l1-1-0.dll
0x000007fefd3a0000 - 0x000007fefd3a3000 	C:\Windows\system32\api-ms-win-downlevel-normaliz-l1-1-0.dll
0x0000000077450000 - 0x0000000077453000 	C:\Windows\system32\normaliz.DLL
0x000007fefed70000 - 0x000007feff037000 	C:\Windows\system32\iertutil.dll
0x000007fefd3f0000 - 0x000007fefd3f5000 	C:\Windows\system32\api-ms-win-downlevel-advapi32-l1-1-0.dll
0x000007fefd3d0000 - 0x000007fefd3ee000 	C:\Windows\system32\USERENV.dll
0x000007fefd040000 - 0x000007fefd04f000 	C:\Windows\system32\profapi.dll
0x000007fefa9d0000 - 0x000007fefaa41000 	C:\Windows\system32\WINHTTP.dll
0x000007fefa960000 - 0x000007fefa9c4000 	C:\Windows\system32\webio.dll
0x000007feff400000 - 0x000007feff585000 	C:\Windows\system32\urlmon.dll
0x000007fefd240000 - 0x000007fefd244000 	C:\Windows\system32\api-ms-win-downlevel-ole32-l1-1-0.dll
0x000007fee6ce0000 - 0x000007fee7b71000 	C:\Xilinx\Vivado\2017.4\lib\win64.o\gurobi65.dll
0x000007feef920000 - 0x000007feef94e000 	C:\Windows\system32\VCOMP140.DLL
0x000007fef2e20000 - 0x000007fef2e34000 	C:\Xilinx\Vivado\2017.4\lib\win64.o\librdi_commonmain.dll
0x000007fef2ee0000 - 0x000007fef2eea000 	C:\Xilinx\Vivado\2017.4\lib\win64.o\librdi_commonversion.dll
0x000007fefeae0000 - 0x000007fefeb0e000 	C:\Windows\system32\IMM32.DLL
0x000007feff0e0000 - 0x000007feff1e9000 	C:\Windows\system32\MSCTF.dll
0x000007fefcf80000 - 0x000007fefcfb0000 	C:\Windows\system32\nvinitx.dll
0x0000000073d70000 - 0x0000000073d76000 	C:\Program Files\NVIDIA Corporation\CoProcManager\detoured.dll
0x000007fef9d00000 - 0x000007fef9d38000 	C:\Program Files\NVIDIA Corporation\CoProcManager\nvd3d9wrapx.dll
0x000007fefe900000 - 0x000007fefead7000 	C:\Windows\system32\SETUPAPI.dll
0x000007fefd250000 - 0x000007fefd286000 	C:\Windows\system32\CFGMGR32.dll
0x000007fefd340000 - 0x000007fefd35a000 	C:\Windows\system32\DEVOBJ.dll
0x000007fef9cd0000 - 0x000007fef9cf4000 	C:\Program Files\NVIDIA Corporation\CoProcManager\nvdxgiwrapx.dll
0x000007fee9050000 - 0x000007fee94da000 	C:\Xilinx\Vivado\2017.4\lib\win64.o\librdi_commontasks.dll
0x000007feeb240000 - 0x000007feeb47f000 	C:\Xilinx\Vivado\2017.4\lib\win64.o\librdi_sio.dll
0x000007fef9fe0000 - 0x000007fefa007000 	C:\Windows\system32\IPHLPAPI.DLL
0x000007fef9fd0000 - 0x000007fef9fdb000 	C:\Windows\system32\WINNSI.DLL
0x000007fedb020000 - 0x000007fedd185000 	C:\Xilinx\Vivado\2017.4\lib\win64.o\librdi_tcltasks.dll
0x000007fee8ce0000 - 0x000007fee9046000 	C:\Xilinx\Vivado\2017.4\lib\win64.o\librdi_bitstream.dll
0x000007fecd210000 - 0x000007fed97a2000 	C:\Xilinx\Vivado\2017.4\lib\win64.o\librdi_device.dll
0x000007feeed50000 - 0x000007feeed9c000 	C:\Xilinx\Vivado\2017.4\lib\win64.o\libboost_serialization.dll
0x000007fee6220000 - 0x000007fee6cd3000 	C:\Xilinx\Vivado\2017.4\lib\win64.o\libverific.dll
0x000007feeac30000 - 0x000007feeada9000 	C:\Xilinx\Vivado\2017.4\lib\win64.o\librdi_board.dll
0x000007feed0b0000 - 0x000007feed11a000 	C:\Xilinx\Vivado\2017.4\lib\win64.o\librdi_boarddep.dll
0x000007fee8a90000 - 0x000007fee8cd6000 	C:\Xilinx\Vivado\2017.4\lib\win64.o\librdi_chipscope.dll
0x000007fecbb00000 - 0x000007fecd20b000 	C:\Xilinx\Vivado\2017.4\lib\win64.o\librdi_constraints.dll
0x000007fee5c70000 - 0x000007fee6220000 	C:\Xilinx\Vivado\2017.4\lib\win64.o\librdi_filemgmt.dll
0x000007feec830000 - 0x000007feec89b000 	C:\Xilinx\Vivado\2017.4\lib\win64.o\librdi_hip_devdesign.dll
0x000007feee6e0000 - 0x000007feee722000 	C:\Xilinx\Vivado\2017.4\lib\win64.o\librdi_ipconfig_readwrite.dll
0x000007fedab80000 - 0x000007fedb013000 	C:\Xilinx\Vivado\2017.4\lib\win64.o\librdi_netlist.dll
0x000007feec620000 - 0x000007feec64f000 	C:\Xilinx\Vivado\2017.4\lib\win64.o\librdi_noc_frameworks.dll

VM Arguments:
jvm_args: -Dsun.java2d.pmoffscreen=false -Dsun.java2d.xrender=false -Dsun.java2d.d3d=false -Dsun.awt.nopixfmt=true -Xverify:none -Dswing.aatext=true -XX:-UsePerfData -Djdk.map.althashing.threshold=512 -XX:StringTableSize=4072 -XX:NewSize=60m -XX:MaxNewSize=60m -Xms128m -Xmx3072m -Xss5m 
java_command: <unknown>
java_class_path (initial): C:/Xilinx/Vivado/2017.4\lib\classes\alloy.jar;C:/Xilinx/Vivado/2017.4\lib\classes\autopilot.scelaborator.jar;C:/Xilinx/Vivado/2017.4\lib\classes\autopilot.sourceprocessor.jar;C:/Xilinx/Vivado/2017.4\lib\classes\autopilot.tbprocessor.jar;C:/Xilinx/Vivado/2017.4\lib\classes\batik-anim.jar;C:/Xilinx/Vivado/2017.4\lib\classes\batik-awt-util.jar;C:/Xilinx/Vivado/2017.4\lib\classes\batik-bridge.jar;C:/Xilinx/Vivado/2017.4\lib\classes\batik-codec.jar;C:/Xilinx/Vivado/2017.4\lib\classes\batik-css.jar;C:/Xilinx/Vivado/2017.4\lib\classes\batik-dom.jar;C:/Xilinx/Vivado/2017.4\lib\classes\batik-ext.jar;C:/Xilinx/Vivado/2017.4\lib\classes\batik-gui-util.jar;C:/Xilinx/Vivado/2017.4\lib\classes\batik-gvt.jar;C:/Xilinx/Vivado/2017.4\lib\classes\batik-parser.jar;C:/Xilinx/Vivado/2017.4\lib\classes\batik-script.jar;C:/Xilinx/Vivado/2017.4\lib\classes\batik-svg-dom.jar;C:/Xilinx/Vivado/2017.4\lib\classes\batik-swing.jar;C:/Xilinx/Vivado/2017.4\lib\classes\batik-transcoder.jar;C:/Xilinx/Vivado/2017.4\lib\classes\batik-util.jar;C:/Xilinx/Vivado/2017.4\lib\classes\batik-xml.jar;C:/Xilinx/Vivado/2017.4\lib\classes\com.ibm.icu_4.4.2.v20110208.jar;C:/Xilinx/Vivado/2017.4\lib\classes\commons-math-2.2.jar;C:/Xilinx/Vivado/2017.4\lib\classes\dom4j-1.6.1.jar;C:/Xilinx/Vivado/2017.4\lib\classes\guava-18.0.jar;C:/Xilinx/Vivado/2017.4\lib\classes\help.jar;C:/Xilinx/Vivado/2017.4\lib\classes\hsqldb.jar;C:/Xilinx/Vivado/2017.4\lib\classes\jargs.jar;C:/Xilinx/Vivado/2017.4\lib\classes\jh.jar;C:/Xilinx/Vivado/2017.4\lib\classes\jide-action.jar;C:/Xilinx/Vivado/2017.4\lib\classes\jide-charts.jar;C:/Xilinx/Vivado/2017.4\lib\classes\jide-common.jar;C:/Xilinx/Vivado/2017.4\lib\classes\jide-components.jar;C:/Xilinx/Vivado/2017.4\lib\classes\jide-dashboard.jar;C:/Xilinx/Vivado/2017.4\lib\classes\jide-data.jar;C:/Xilinx/Vivado/2017.4\lib\classes\jide-dialogs.jar;C:/Xilinx/Vivado/2017.4\lib\classes\jide-diff.jar;C:/Xilinx/Vivado/2017.4\lib\classes\jide-dock.jar;C:/Xilinx/Vivado/20
Launcher Type: generic

Environment Variables:
PATH=C:/Xilinx/Vivado/2017.4/bin;C:/Xilinx/Vivado/2017.4/lib/win64.o;C:/Xilinx/Vivado/2017.4/tps/win64/jre/bin/server;C:/Xilinx/Vivado/2017.4/tps/win64/jre/bin;C:/Xilinx/Vivado/2017.4/ids_lite/ISE/bin/nt64;C:/Xilinx/Vivado/2017.4/ids_lite/ISE/lib/nt64;C:\Windows\system32;C:\Windows;C:\Windows\System32\Wbem;C:\Windows\System32\WindowsPowerShell\v1.0\;C:\Program Files (x86)\NVIDIA Corporation\PhysX\Common;C:/Xilinx/Vivado/2017.4\tps\mingw\6.2.0\win64.o\nt\bin;C:/Xilinx/Vivado/2017.4\tps\mingw\6.2.0\win64.o\nt\libexec\gcc\x86_64-w64-mingw32\6.2.0
USERNAME=qb
OS=Windows_NT
PROCESSOR_IDENTIFIER=Intel64 Family 6 Model 42 Stepping 7, GenuineIntel



---------------  S Y S T E M  ---------------

OS: Windows 7 , 64 bit Build 7601 (6.1.7601.23915)

CPU:total 4 (2 cores per cpu, 2 threads per core) family 6 model 42 stepping 7, cmov, cx8, fxsr, mmx, sse, sse2, sse3, ssse3, sse4.1, sse4.2, popcnt, avx, aes, clmul, ht, tsc, tscinvbit

Memory: 4k page, physical 6203536k(2475964k free), swap 16545100k(11427060k free)

vm_info: Java HotSpot(TM) 64-Bit Server VM (25.112-b15) for windows-amd64 JRE (1.8.0_112-b15), built on Sep 22 2016 21:31:56 by "java_re" with MS VC++ 10.0 (VS2010)

time: Tue May 01 18:59:27 2018
elapsed time: 4503 seconds (0d 1h 15m 3s)

